11:34:47 **** Build of configuration Debug for project StateMashineButton ****
make -j12 all 
arm-none-eabi-gcc "../Drivers/STM32F4xx_HAL_Driver/Src/stm32f4xx_hal.c" -mcpu=cortex-m4 -std=gnu11 -g3 -DDEBUG -DUSE_HAL_DRIVER -DSTM32F411xE -c -I../Core/Inc -I../Drivers/STM32F4xx_HAL_Driver/Inc -I../Drivers/STM32F4xx_HAL_Driver/Inc/Legacy -I../Drivers/CMSIS/Device/ST/STM32F4xx/Include -I../Drivers/CMSIS/Include -O0 -ffunction-sections -fdata-sections -Wall -fstack-usage -fcyclomatic-complexity -MMD -MP -MF"Drivers/STM32F4xx_HAL_Driver/Src/stm32f4xx_hal.d" -MT"Drivers/STM32F4xx_HAL_Driver/Src/stm32f4xx_hal.o" --specs=nano.specs -mfpu=fpv4-sp-d16 -mfloat-abi=hard -mthumb -o "Drivers/STM32F4xx_HAL_Driver/Src/stm32f4xx_hal.o"
arm-none-eabi-gcc "../Drivers/STM32F4xx_HAL_Driver/Src/stm32f4xx_hal_cortex.c" -mcpu=cortex-m4 -std=gnu11 -g3 -DDEBUG -DUSE_HAL_DRIVER -DSTM32F411xE -c -I../Core/Inc -I../Drivers/STM32F4xx_HAL_Driver/Inc -I../Drivers/STM32F4xx_HAL_Driver/Inc/Legacy -I../Drivers/CMSIS/Device/ST/STM32F4xx/Include -I../Drivers/CMSIS/Include -O0 -ffunction-sections -fdata-sections -Wall -fstack-usage -fcyclomatic-complexity -MMD -MP -MF"Drivers/STM32F4xx_HAL_Driver/Src/stm32f4xx_hal_cortex.d" -MT"Drivers/STM32F4xx_HAL_Driver/Src/stm32f4xx_hal_cortex.o" --specs=nano.specs -mfpu=fpv4-sp-d16 -mfloat-abi=hard -mthumb -o "Drivers/STM32F4xx_HAL_Driver/Src/stm32f4xx_hal_cortex.o"
arm-none-eabi-gcc "../Drivers/STM32F4xx_HAL_Driver/Src/stm32f4xx_hal_dma.c" -mcpu=cortex-m4 -std=gnu11 -g3 -DDEBUG -DUSE_HAL_DRIVER -DSTM32F411xE -c -I../Core/Inc -I../Drivers/STM32F4xx_HAL_Driver/Inc -I../Drivers/STM32F4xx_HAL_Driver/Inc/Legacy -I../Drivers/CMSIS/Device/ST/STM32F4xx/Include -I../Drivers/CMSIS/Include -O0 -ffunction-sections -fdata-sections -Wall -fstack-usage -fcyclomatic-complexity -MMD -MP -MF"Drivers/STM32F4xx_HAL_Driver/Src/stm32f4xx_hal_dma.d" -MT"Drivers/STM32F4xx_HAL_Driver/Src/stm32f4xx_hal_dma.o" --specs=nano.specs -mfpu=fpv4-sp-d16 -mfloat-abi=hard -mthumb -o "Drivers/STM32F4xx_HAL_Driver/Src/stm32f4xx_hal_dma.o"
arm-none-eabi-gcc "../Drivers/STM32F4xx_HAL_Driver/Src/stm32f4xx_hal_dma_ex.c" -mcpu=cortex-m4 -std=gnu11 -g3 -DDEBUG -DUSE_HAL_DRIVER -DSTM32F411xE -c -I../Core/Inc -I../Drivers/STM32F4xx_HAL_Driver/Inc -I../Drivers/STM32F4xx_HAL_Driver/Inc/Legacy -I../Drivers/CMSIS/Device/ST/STM32F4xx/Include -I../Drivers/CMSIS/Include -O0 -ffunction-sections -fdata-sections -Wall -fstack-usage -fcyclomatic-complexity -MMD -MP -MF"Drivers/STM32F4xx_HAL_Driver/Src/stm32f4xx_hal_dma_ex.d" -MT"Drivers/STM32F4xx_HAL_Driver/Src/stm32f4xx_hal_dma_ex.o" --specs=nano.specs -mfpu=fpv4-sp-d16 -mfloat-abi=hard -mthumb -o "Drivers/STM32F4xx_HAL_Driver/Src/stm32f4xx_hal_dma_ex.o"
arm-none-eabi-gcc "../Drivers/STM32F4xx_HAL_Driver/Src/stm32f4xx_hal_exti.c" -mcpu=cortex-m4 -std=gnu11 -g3 -DDEBUG -DUSE_HAL_DRIVER -DSTM32F411xE -c -I../Core/Inc -I../Drivers/STM32F4xx_HAL_Driver/Inc -I../Drivers/STM32F4xx_HAL_Driver/Inc/Legacy -I../Drivers/CMSIS/Device/ST/STM32F4xx/Include -I../Drivers/CMSIS/Include -O0 -ffunction-sections -fdata-sections -Wall -fstack-usage -fcyclomatic-complexity -MMD -MP -MF"Drivers/STM32F4xx_HAL_Driver/Src/stm32f4xx_hal_exti.d" -MT"Drivers/STM32F4xx_HAL_Driver/Src/stm32f4xx_hal_exti.o" --specs=nano.specs -mfpu=fpv4-sp-d16 -mfloat-abi=hard -mthumb -o "Drivers/STM32F4xx_HAL_Driver/Src/stm32f4xx_hal_exti.o"
arm-none-eabi-gcc "../Drivers/STM32F4xx_HAL_Driver/Src/stm32f4xx_hal_flash.c" -mcpu=cortex-m4 -std=gnu11 -g3 -DDEBUG -DUSE_HAL_DRIVER -DSTM32F411xE -c -I../Core/Inc -I../Drivers/STM32F4xx_HAL_Driver/Inc -I../Drivers/STM32F4xx_HAL_Driver/Inc/Legacy -I../Drivers/CMSIS/Device/ST/STM32F4xx/Include -I../Drivers/CMSIS/Include -O0 -ffunction-sections -fdata-sections -Wall -fstack-usage -fcyclomatic-complexity -MMD -MP -MF"Drivers/STM32F4xx_HAL_Driver/Src/stm32f4xx_hal_flash.d" -MT"Drivers/STM32F4xx_HAL_Driver/Src/stm32f4xx_hal_flash.o" --specs=nano.specs -mfpu=fpv4-sp-d16 -mfloat-abi=hard -mthumb -o "Drivers/STM32F4xx_HAL_Driver/Src/stm32f4xx_hal_flash.o"
arm-none-eabi-gcc "../Drivers/STM32F4xx_HAL_Driver/Src/stm32f4xx_hal_flash_ex.c" -mcpu=cortex-m4 -std=gnu11 -g3 -DDEBUG -DUSE_HAL_DRIVER -DSTM32F411xE -c -I../Core/Inc -I../Drivers/STM32F4xx_HAL_Driver/Inc -I../Drivers/STM32F4xx_HAL_Driver/Inc/Legacy -I../Drivers/CMSIS/Device/ST/STM32F4xx/Include -I../Drivers/CMSIS/Include -O0 -ffunction-sections -fdata-sections -Wall -fstack-usage -fcyclomatic-complexity -MMD -MP -MF"Drivers/STM32F4xx_HAL_Driver/Src/stm32f4xx_hal_flash_ex.d" -MT"Drivers/STM32F4xx_HAL_Driver/Src/stm32f4xx_hal_flash_ex.o" --specs=nano.specs -mfpu=fpv4-sp-d16 -mfloat-abi=hard -mthumb -o "Drivers/STM32F4xx_HAL_Driver/Src/stm32f4xx_hal_flash_ex.o"
arm-none-eabi-gcc "../Drivers/STM32F4xx_HAL_Driver/Src/stm32f4xx_hal_flash_ramfunc.c" -mcpu=cortex-m4 -std=gnu11 -g3 -DDEBUG -DUSE_HAL_DRIVER -DSTM32F411xE -c -I../Core/Inc -I../Drivers/STM32F4xx_HAL_Driver/Inc -I../Drivers/STM32F4xx_HAL_Driver/Inc/Legacy -I../Drivers/CMSIS/Device/ST/STM32F4xx/Include -I../Drivers/CMSIS/Include -O0 -ffunction-sections -fdata-sections -Wall -fstack-usage -fcyclomatic-complexity -MMD -MP -MF"Drivers/STM32F4xx_HAL_Driver/Src/stm32f4xx_hal_flash_ramfunc.d" -MT"Drivers/STM32F4xx_HAL_Driver/Src/stm32f4xx_hal_flash_ramfunc.o" --specs=nano.specs -mfpu=fpv4-sp-d16 -mfloat-abi=hard -mthumb -o "Drivers/STM32F4xx_HAL_Driver/Src/stm32f4xx_hal_flash_ramfunc.o"
arm-none-eabi-gcc "../Drivers/STM32F4xx_HAL_Driver/Src/stm32f4xx_hal_gpio.c" -mcpu=cortex-m4 -std=gnu11 -g3 -DDEBUG -DUSE_HAL_DRIVER -DSTM32F411xE -c -I../Core/Inc -I../Drivers/STM32F4xx_HAL_Driver/Inc -I../Drivers/STM32F4xx_HAL_Driver/Inc/Legacy -I../Drivers/CMSIS/Device/ST/STM32F4xx/Include -I../Drivers/CMSIS/Include -O0 -ffunction-sections -fdata-sections -Wall -fstack-usage -fcyclomatic-complexity -MMD -MP -MF"Drivers/STM32F4xx_HAL_Driver/Src/stm32f4xx_hal_gpio.d" -MT"Drivers/STM32F4xx_HAL_Driver/Src/stm32f4xx_hal_gpio.o" --specs=nano.specs -mfpu=fpv4-sp-d16 -mfloat-abi=hard -mthumb -o "Drivers/STM32F4xx_HAL_Driver/Src/stm32f4xx_hal_gpio.o"
arm-none-eabi-gcc "../Drivers/STM32F4xx_HAL_Driver/Src/stm32f4xx_hal_pwr.c" -mcpu=cortex-m4 -std=gnu11 -g3 -DDEBUG -DUSE_HAL_DRIVER -DSTM32F411xE -c -I../Core/Inc -I../Drivers/STM32F4xx_HAL_Driver/Inc -I../Drivers/STM32F4xx_HAL_Driver/Inc/Legacy -I../Drivers/CMSIS/Device/ST/STM32F4xx/Include -I../Drivers/CMSIS/Include -O0 -ffunction-sections -fdata-sections -Wall -fstack-usage -fcyclomatic-complexity -MMD -MP -MF"Drivers/STM32F4xx_HAL_Driver/Src/stm32f4xx_hal_pwr.d" -MT"Drivers/STM32F4xx_HAL_Driver/Src/stm32f4xx_hal_pwr.o" --specs=nano.specs -mfpu=fpv4-sp-d16 -mfloat-abi=hard -mthumb -o "Drivers/STM32F4xx_HAL_Driver/Src/stm32f4xx_hal_pwr.o"
arm-none-eabi-gcc "../Drivers/STM32F4xx_HAL_Driver/Src/stm32f4xx_hal_pwr_ex.c" -mcpu=cortex-m4 -std=gnu11 -g3 -DDEBUG -DUSE_HAL_DRIVER -DSTM32F411xE -c -I../Core/Inc -I../Drivers/STM32F4xx_HAL_Driver/Inc -I../Drivers/STM32F4xx_HAL_Driver/Inc/Legacy -I../Drivers/CMSIS/Device/ST/STM32F4xx/Include -I../Drivers/CMSIS/Include -O0 -ffunction-sections -fdata-sections -Wall -fstack-usage -fcyclomatic-complexity -MMD -MP -MF"Drivers/STM32F4xx_HAL_Driver/Src/stm32f4xx_hal_pwr_ex.d" -MT"Drivers/STM32F4xx_HAL_Driver/Src/stm32f4xx_hal_pwr_ex.o" --specs=nano.specs -mfpu=fpv4-sp-d16 -mfloat-abi=hard -mthumb -o "Drivers/STM32F4xx_HAL_Driver/Src/stm32f4xx_hal_pwr_ex.o"
arm-none-eabi-gcc "../Drivers/STM32F4xx_HAL_Driver/Src/stm32f4xx_hal_rcc.c" -mcpu=cortex-m4 -std=gnu11 -g3 -DDEBUG -DUSE_HAL_DRIVER -DSTM32F411xE -c -I../Core/Inc -I../Drivers/STM32F4xx_HAL_Driver/Inc -I../Drivers/STM32F4xx_HAL_Driver/Inc/Legacy -I../Drivers/CMSIS/Device/ST/STM32F4xx/Include -I../Drivers/CMSIS/Include -O0 -ffunction-sections -fdata-sections -Wall -fstack-usage -fcyclomatic-complexity -MMD -MP -MF"Drivers/STM32F4xx_HAL_Driver/Src/stm32f4xx_hal_rcc.d" -MT"Drivers/STM32F4xx_HAL_Driver/Src/stm32f4xx_hal_rcc.o" --specs=nano.specs -mfpu=fpv4-sp-d16 -mfloat-abi=hard -mthumb -o "Drivers/STM32F4xx_HAL_Driver/Src/stm32f4xx_hal_rcc.o"
arm-none-eabi-gcc "../Drivers/STM32F4xx_HAL_Driver/Src/stm32f4xx_hal_rcc_ex.c" -mcpu=cortex-m4 -std=gnu11 -g3 -DDEBUG -DUSE_HAL_DRIVER -DSTM32F411xE -c -I../Core/Inc -I../Drivers/STM32F4xx_HAL_Driver/Inc -I../Drivers/STM32F4xx_HAL_Driver/Inc/Legacy -I../Drivers/CMSIS/Device/ST/STM32F4xx/Include -I../Drivers/CMSIS/Include -O0 -ffunction-sections -fdata-sections -Wall -fstack-usage -fcyclomatic-complexity -MMD -MP -MF"Drivers/STM32F4xx_HAL_Driver/Src/stm32f4xx_hal_rcc_ex.d" -MT"Drivers/STM32F4xx_HAL_Driver/Src/stm32f4xx_hal_rcc_ex.o" --specs=nano.specs -mfpu=fpv4-sp-d16 -mfloat-abi=hard -mthumb -o "Drivers/STM32F4xx_HAL_Driver/Src/stm32f4xx_hal_rcc_ex.o"
arm-none-eabi-gcc "../Drivers/STM32F4xx_HAL_Driver/Src/stm32f4xx_hal_uart.c" -mcpu=cortex-m4 -std=gnu11 -g3 -DDEBUG -DUSE_HAL_DRIVER -DSTM32F411xE -c -I../Core/Inc -I../Drivers/STM32F4xx_HAL_Driver/Inc -I../Drivers/STM32F4xx_HAL_Driver/Inc/Legacy -I../Drivers/CMSIS/Device/ST/STM32F4xx/Include -I../Drivers/CMSIS/Include -O0 -ffunction-sections -fdata-sections -Wall -fstack-usage -fcyclomatic-complexity -MMD -MP -MF"Drivers/STM32F4xx_HAL_Driver/Src/stm32f4xx_hal_uart.d" -MT"Drivers/STM32F4xx_HAL_Driver/Src/stm32f4xx_hal_uart.o" --specs=nano.specs -mfpu=fpv4-sp-d16 -mfloat-abi=hard -mthumb -o "Drivers/STM32F4xx_HAL_Driver/Src/stm32f4xx_hal_uart.o"
arm-none-eabi-gcc -mcpu=cortex-m4 -g3 -DDEBUG -c -x assembler-with-cpp -MMD -MP -MF"Core/Startup/startup_stm32f411retx.d" -MT"Core/Startup/startup_stm32f411retx.o" --specs=nano.specs -mfpu=fpv4-sp-d16 -mfloat-abi=hard -mthumb -o "Core/Startup/startup_stm32f411retx.o" "../Core/Startup/startup_stm32f411retx.s"
arm-none-eabi-gcc "../Core/Src/Button.c" -mcpu=cortex-m4 -std=gnu11 -g3 -DDEBUG -DUSE_HAL_DRIVER -DSTM32F411xE -c -I../Core/Inc -I../Drivers/STM32F4xx_HAL_Driver/Inc -I../Drivers/STM32F4xx_HAL_Driver/Inc/Legacy -I../Drivers/CMSIS/Device/ST/STM32F4xx/Include -I../Drivers/CMSIS/Include -O0 -ffunction-sections -fdata-sections -Wall -fstack-usage -fcyclomatic-complexity -MMD -MP -MF"Core/Src/Button.d" -MT"Core/Src/Button.o" --specs=nano.specs -mfpu=fpv4-sp-d16 -mfloat-abi=hard -mthumb -o "Core/Src/Button.o"
arm-none-eabi-gcc "../Core/Src/gpio.c" -mcpu=cortex-m4 -std=gnu11 -g3 -DDEBUG -DUSE_HAL_DRIVER -DSTM32F411xE -c -I../Core/Inc -I../Drivers/STM32F4xx_HAL_Driver/Inc -I../Drivers/STM32F4xx_HAL_Driver/Inc/Legacy -I../Drivers/CMSIS/Device/ST/STM32F4xx/Include -I../Drivers/CMSIS/Include -O0 -ffunction-sections -fdata-sections -Wall -fstack-usage -fcyclomatic-complexity -MMD -MP -MF"Core/Src/gpio.d" -MT"Core/Src/gpio.o" --specs=nano.specs -mfpu=fpv4-sp-d16 -mfloat-abi=hard -mthumb -o "Core/Src/gpio.o"
arm-none-eabi-gcc "../Core/Src/main.c" -mcpu=cortex-m4 -std=gnu11 -g3 -DDEBUG -DUSE_HAL_DRIVER -DSTM32F411xE -c -I../Core/Inc -I../Drivers/STM32F4xx_HAL_Driver/Inc -I../Drivers/STM32F4xx_HAL_Driver/Inc/Legacy -I../Drivers/CMSIS/Device/ST/STM32F4xx/Include -I../Drivers/CMSIS/Include -O0 -ffunction-sections -fdata-sections -Wall -fstack-usage -fcyclomatic-complexity -MMD -MP -MF"Core/Src/main.d" -MT"Core/Src/main.o" --specs=nano.specs -mfpu=fpv4-sp-d16 -mfloat-abi=hard -mthumb -o "Core/Src/main.o"
arm-none-eabi-gcc "../Core/Src/stm32f4xx_hal_msp.c" -mcpu=cortex-m4 -std=gnu11 -g3 -DDEBUG -DUSE_HAL_DRIVER -DSTM32F411xE -c -I../Core/Inc -I../Drivers/STM32F4xx_HAL_Driver/Inc -I../Drivers/STM32F4xx_HAL_Driver/Inc/Legacy -I../Drivers/CMSIS/Device/ST/STM32F4xx/Include -I../Drivers/CMSIS/Include -O0 -ffunction-sections -fdata-sections -Wall -fstack-usage -fcyclomatic-complexity -MMD -MP -MF"Core/Src/stm32f4xx_hal_msp.d" -MT"Core/Src/stm32f4xx_hal_msp.o" --specs=nano.specs -mfpu=fpv4-sp-d16 -mfloat-abi=hard -mthumb -o "Core/Src/stm32f4xx_hal_msp.o"
arm-none-eabi-gcc "../Core/Src/stm32f4xx_it.c" -mcpu=cortex-m4 -std=gnu11 -g3 -DDEBUG -DUSE_HAL_DRIVER -DSTM32F411xE -c -I../Core/Inc -I../Drivers/STM32F4xx_HAL_Driver/Inc -I../Drivers/STM32F4xx_HAL_Driver/Inc/Legacy -I../Drivers/CMSIS/Device/ST/STM32F4xx/Include -I../Drivers/CMSIS/Include -O0 -ffunction-sections -fdata-sections -Wall -fstack-usage -fcyclomatic-complexity -MMD -MP -MF"Core/Src/stm32f4xx_it.d" -MT"Core/Src/stm32f4xx_it.o" --specs=nano.specs -mfpu=fpv4-sp-d16 -mfloat-abi=hard -mthumb -o "Core/Src/stm32f4xx_it.o"
arm-none-eabi-gcc "../Core/Src/syscalls.c" -mcpu=cortex-m4 -std=gnu11 -g3 -DDEBUG -DUSE_HAL_DRIVER -DSTM32F411xE -c -I../Core/Inc -I../Drivers/STM32F4xx_HAL_Driver/Inc -I../Drivers/STM32F4xx_HAL_Driver/Inc/Legacy -I../Drivers/CMSIS/Device/ST/STM32F4xx/Include -I../Drivers/CMSIS/Include -O0 -ffunction-sections -fdata-sections -Wall -fstack-usage -fcyclomatic-complexity -MMD -MP -MF"Core/Src/syscalls.d" -MT"Core/Src/syscalls.o" --specs=nano.specs -mfpu=fpv4-sp-d16 -mfloat-abi=hard -mthumb -o "Core/Src/syscalls.o"
arm-none-eabi-gcc "../Core/Src/sysmem.c" -mcpu=cortex-m4 -std=gnu11 -g3 -DDEBUG -DUSE_HAL_DRIVER -DSTM32F411xE -c -I../Core/Inc -I../Drivers/STM32F4xx_HAL_Driver/Inc -I../Drivers/STM32F4xx_HAL_Driver/Inc/Legacy -I../Drivers/CMSIS/Device/ST/STM32F4xx/Include -I../Drivers/CMSIS/Include -O0 -ffunction-sections -fdata-sections -Wall -fstack-usage -fcyclomatic-complexity -MMD -MP -MF"Core/Src/sysmem.d" -MT"Core/Src/sysmem.o" --specs=nano.specs -mfpu=fpv4-sp-d16 -mfloat-abi=hard -mthumb -o "Core/Src/sysmem.o"
arm-none-eabi-gcc "../Core/Src/system_stm32f4xx.c" -mcpu=cortex-m4 -std=gnu11 -g3 -DDEBUG -DUSE_HAL_DRIVER -DSTM32F411xE -c -I../Core/Inc -I../Drivers/STM32F4xx_HAL_Driver/Inc -I../Drivers/STM32F4xx_HAL_Driver/Inc/Legacy -I../Drivers/CMSIS/Device/ST/STM32F4xx/Include -I../Drivers/CMSIS/Include -O0 -ffunction-sections -fdata-sections -Wall -fstack-usage -fcyclomatic-complexity -MMD -MP -MF"Core/Src/system_stm32f4xx.d" -MT"Core/Src/system_stm32f4xx.o" --specs=nano.specs -mfpu=fpv4-sp-d16 -mfloat-abi=hard -mthumb -o "Core/Src/system_stm32f4xx.o"
arm-none-eabi-gcc "../Core/Src/usart.c" -mcpu=cortex-m4 -std=gnu11 -g3 -DDEBUG -DUSE_HAL_DRIVER -DSTM32F411xE -c -I../Core/Inc -I../Drivers/STM32F4xx_HAL_Driver/Inc -I../Drivers/STM32F4xx_HAL_Driver/Inc/Legacy -I../Drivers/CMSIS/Device/ST/STM32F4xx/Include -I../Drivers/CMSIS/Include -O0 -ffunction-sections -fdata-sections -Wall -fstack-usage -fcyclomatic-complexity -MMD -MP -MF"Core/Src/usart.d" -MT"Core/Src/usart.o" --specs=nano.specs -mfpu=fpv4-sp-d16 -mfloat-abi=hard -mthumb -o "Core/Src/usart.o"
In file included from ../Core/Src/Button.c:8:
../Core/Inc/Button.h:22:9: error: unknown type name 'GPIO_TypeDef'
   22 |         GPIO_TypeDef    *GpioPort;
      |         ^~~~~~~~~~~~
../Core/Inc/Button.h:23:9: error: unknown type name 'uint16_t'
   23 |         uint16_t                GpioPin;
      |         ^~~~~~~~
../Core/Inc/Button.h:25:9: error: unknown type name 'uint32_t'
   25 |         uint32_t                TimerDebounce;  //how much time to wait for debounce
      |         ^~~~~~~~
../Core/Inc/Button.h:26:9: error: unknown type name 'uint32_t'
   26 |         uint32_t                LastTick;
      |         ^~~~~~~~
../Core/Inc/Button.h:28:15: error: field 'ButtonPressed' declared as a function
   28 |         void *ButtonPressed(void);
      |               ^~~~~~~~~~~~~
../Core/Src/Button.c:11:35: error: unknown type name 'GPIO_InitTypeDef'
   11 | void ButtonInit(Button_t* Button, GPIO_InitTypeDef *GpioPort, uint16_t GpioPin, uint32_t TimerDebuonce)
      |                                   ^~~~~~~~~~~~~~~~
../Core/Src/Button.c:11:63: error: unknown type name 'uint16_t'
   11 | void ButtonInit(Button_t* Button, GPIO_InitTypeDef *GpioPort, uint16_t GpioPin, uint32_t TimerDebuonce)
      |                                                               ^~~~~~~~
../Core/Src/Button.c:9:1: note: 'uint16_t' is defined in header '<stdint.h>'; did you forget to '#include <stdint.h>'?
    8 | #include "Button.h"
  +++ |+#include <stdint.h>
    9 | 
../Core/Src/Button.c:11:81: error: unknown type name 'uint32_t'
   11 | void ButtonInit(Button_t* Button, GPIO_InitTypeDef *GpioPort, uint16_t GpioPin, uint32_t TimerDebuonce)
      |                                                                                 ^~~~~~~~
../Core/Src/Button.c:11:81: note: 'uint32_t' is defined in header '<stdint.h>'; did you forget to '#include <stdint.h>'?
make: *** [Core/Src/subdir.mk:43: Core/Src/Button.o] Error 1
make: *** Waiting for unfinished jobs....
../Core/Src/main.c: In function 'main':
../Core/Src/main.c:99:29: error: 'GPIOx' undeclared (first use in this function); did you mean 'GPIOD'?
   99 |           HAL_GPIO_WritePin(GPIOx, GPIO_Pin, PinState);
      |                             ^~~~~
      |                             GPIOD
../Core/Src/main.c:99:29: note: each undeclared identifier is reported only once for each function it appears in
../Core/Src/main.c:99:36: error: 'GPIO_Pin' undeclared (first use in this function); did you mean 'GPIO_PinState'?
   99 |           HAL_GPIO_WritePin(GPIOx, GPIO_Pin, PinState);
      |                                    ^~~~~~~~
      |                                    GPIO_PinState
../Core/Src/main.c:99:46: error: 'PinState' undeclared (first use in this function)
   99 |           HAL_GPIO_WritePin(GPIOx, GPIO_Pin, PinState);
      |                                              ^~~~~~~~
make: *** [Core/Src/subdir.mk:43: Core/Src/main.o] Error 1
"make -j12 all" terminated with exit code 2. Build might be incomplete.
11:36:19 **** Incremental Build of configuration Debug for project StateMashineButton ****
make -j12 all 
arm-none-eabi-gcc "../Core/Src/Button.c" -mcpu=cortex-m4 -std=gnu11 -g3 -DDEBUG -DUSE_HAL_DRIVER -DSTM32F411xE -c -I../Core/Inc -I../Drivers/STM32F4xx_HAL_Driver/Inc -I../Drivers/STM32F4xx_HAL_Driver/Inc/Legacy -I../Drivers/CMSIS/Device/ST/STM32F4xx/Include -I../Drivers/CMSIS/Include -O0 -ffunction-sections -fdata-sections -Wall -fstack-usage -fcyclomatic-complexity -MMD -MP -MF"Core/Src/Button.d" -MT"Core/Src/Button.o" --specs=nano.specs -mfpu=fpv4-sp-d16 -mfloat-abi=hard -mthumb -o "Core/Src/Button.o"
arm-none-eabi-gcc "../Core/Src/main.c" -mcpu=cortex-m4 -std=gnu11 -g3 -DDEBUG -DUSE_HAL_DRIVER -DSTM32F411xE -c -I../Core/Inc -I../Drivers/STM32F4xx_HAL_Driver/Inc -I../Drivers/STM32F4xx_HAL_Driver/Inc/Legacy -I../Drivers/CMSIS/Device/ST/STM32F4xx/Include -I../Drivers/CMSIS/Include -O0 -ffunction-sections -fdata-sections -Wall -fstack-usage -fcyclomatic-complexity -MMD -MP -MF"Core/Src/main.d" -MT"Core/Src/main.o" --specs=nano.specs -mfpu=fpv4-sp-d16 -mfloat-abi=hard -mthumb -o "Core/Src/main.o"
In file included from ../Core/Src/Button.c:8:
../Core/Inc/Button.h:22:9: error: unknown type name 'GPIO_TypeDef'
   22 |         GPIO_TypeDef    *GpioPort;
      |         ^~~~~~~~~~~~
../Core/Inc/Button.h:23:9: error: unknown type name 'uint16_t'
   23 |         uint16_t                GpioPin;
      |         ^~~~~~~~
../Core/Inc/Button.h:25:9: error: unknown type name 'uint32_t'
   25 |         uint32_t                TimerDebounce;  //how much time to wait for debounce
      |         ^~~~~~~~
../Core/Inc/Button.h:26:9: error: unknown type name 'uint32_t'
   26 |         uint32_t                LastTick;
      |         ^~~~~~~~
../Core/Inc/Button.h:28:15: error: field 'ButtonPressed' declared as a function
   28 |         void *ButtonPressed(void);
      |               ^~~~~~~~~~~~~
../Core/Src/Button.c:11:35: error: unknown type name 'GPIO_InitTypeDef'
   11 | void ButtonInit(Button_t* Button, GPIO_InitTypeDef *GpioPort, uint16_t GpioPin, uint32_t TimerDebuonce)
      |                                   ^~~~~~~~~~~~~~~~
../Core/Src/Button.c:11:63: error: unknown type name 'uint16_t'
   11 | void ButtonInit(Button_t* Button, GPIO_InitTypeDef *GpioPort, uint16_t GpioPin, uint32_t TimerDebuonce)
      |                                                               ^~~~~~~~
../Core/Src/Button.c:9:1: note: 'uint16_t' is defined in header '<stdint.h>'; did you forget to '#include <stdint.h>'?
    8 | #include "Button.h"
  +++ |+#include <stdint.h>
    9 | 
../Core/Src/Button.c:11:81: error: unknown type name 'uint32_t'
   11 | void ButtonInit(Button_t* Button, GPIO_InitTypeDef *GpioPort, uint16_t GpioPin, uint32_t TimerDebuonce)
      |                                                                                 ^~~~~~~~
../Core/Src/Button.c:11:81: note: 'uint32_t' is defined in header '<stdint.h>'; did you forget to '#include <stdint.h>'?
make: *** [Core/Src/subdir.mk:43: Core/Src/Button.o] Error 1
make: *** Waiting for unfinished jobs....
"make -j12 all" terminated with exit code 2. Build might be incomplete.
11:37:01 **** Incremental Build of configuration Debug for project StateMashineButton ****
make -j12 all 
arm-none-eabi-gcc "../Core/Src/Button.c" -mcpu=cortex-m4 -std=gnu11 -g3 -DDEBUG -DUSE_HAL_DRIVER -DSTM32F411xE -c -I../Core/Inc -I../Drivers/STM32F4xx_HAL_Driver/Inc -I../Drivers/STM32F4xx_HAL_Driver/Inc/Legacy -I../Drivers/CMSIS/Device/ST/STM32F4xx/Include -I../Drivers/CMSIS/Include -O0 -ffunction-sections -fdata-sections -Wall -fstack-usage -fcyclomatic-complexity -MMD -MP -MF"Core/Src/Button.d" -MT"Core/Src/Button.o" --specs=nano.specs -mfpu=fpv4-sp-d16 -mfloat-abi=hard -mthumb -o "Core/Src/Button.o"
In file included from ../Core/Src/Button.c:8:
../Core/Inc/Button.h:29:15: error: field 'ButtonPressed' declared as a function
   29 |         void *ButtonPressed(void);
      |               ^~~~~~~~~~~~~
../Core/Src/Button.c: In function 'ButtonInit':
../Core/Src/Button.c:14:26: warning: assignment to 'GPIO_TypeDef *' from incompatible pointer type 'GPIO_InitTypeDef *' [-Wincompatible-pointer-types]
   14 |         Button->GpioPort = GpioPort;
      |                          ^
../Core/Src/Button.c:16:33: error: 'TimerDebounce' undeclared (first use in this function); did you mean 'TimerDebuonce'?
   16 |         Button->TimerDebounce = TimerDebounce;
      |                                 ^~~~~~~~~~~~~
      |                                 TimerDebuonce
../Core/Src/Button.c:16:33: note: each undeclared identifier is reported only once for each function it appears in
make: *** [Core/Src/subdir.mk:43: Core/Src/Button.o] Error 1
"make -j12 all" terminated with exit code 2. Build might be incomplete.
11:37:29 **** Incremental Build of configuration Debug for project StateMashineButton ****
make -j12 all 
arm-none-eabi-gcc "../Core/Src/Button.c" -mcpu=cortex-m4 -std=gnu11 -g3 -DDEBUG -DUSE_HAL_DRIVER -DSTM32F411xE -c -I../Core/Inc -I../Drivers/STM32F4xx_HAL_Driver/Inc -I../Drivers/STM32F4xx_HAL_Driver/Inc/Legacy -I../Drivers/CMSIS/Device/ST/STM32F4xx/Include -I../Drivers/CMSIS/Include -O0 -ffunction-sections -fdata-sections -Wall -fstack-usage -fcyclomatic-complexity -MMD -MP -MF"Core/Src/Button.d" -MT"Core/Src/Button.o" --specs=nano.specs -mfpu=fpv4-sp-d16 -mfloat-abi=hard -mthumb -o "Core/Src/Button.o"
In file included from ../Core/Src/Button.c:8:
../Core/Inc/Button.h:29:15: error: field 'ButtonPressed' declared as a function
   29 |         void *ButtonPressed(void);
      |               ^~~~~~~~~~~~~
../Core/Src/Button.c: In function 'ButtonInit':
../Core/Src/Button.c:14:26: warning: assignment to 'GPIO_TypeDef *' from incompatible pointer type 'GPIO_InitTypeDef *' [-Wincompatible-pointer-types]
   14 |         Button->GpioPort = GpioPort;
      |                          ^
../Core/Src/Button.c:16:33: error: 'TimerDebounce' undeclared (first use in this function); did you mean 'TimerDebouonce'?
   16 |         Button->TimerDebounce = TimerDebounce;
      |                                 ^~~~~~~~~~~~~
      |                                 TimerDebouonce
../Core/Src/Button.c:16:33: note: each undeclared identifier is reported only once for each function it appears in
make: *** [Core/Src/subdir.mk:43: Core/Src/Button.o] Error 1
"make -j12 all" terminated with exit code 2. Build might be incomplete.
11:37:47 **** Incremental Build of configuration Debug for project StateMashineButton ****
make -j12 all 
arm-none-eabi-gcc "../Core/Src/Button.c" -mcpu=cortex-m4 -std=gnu11 -g3 -DDEBUG -DUSE_HAL_DRIVER -DSTM32F411xE -c -I../Core/Inc -I../Drivers/STM32F4xx_HAL_Driver/Inc -I../Drivers/STM32F4xx_HAL_Driver/Inc/Legacy -I../Drivers/CMSIS/Device/ST/STM32F4xx/Include -I../Drivers/CMSIS/Include -O0 -ffunction-sections -fdata-sections -Wall -fstack-usage -fcyclomatic-complexity -MMD -MP -MF"Core/Src/Button.d" -MT"Core/Src/Button.o" --specs=nano.specs -mfpu=fpv4-sp-d16 -mfloat-abi=hard -mthumb -o "Core/Src/Button.o"
In file included from ../Core/Src/Button.c:8:
../Core/Inc/Button.h:29:15: error: field 'ButtonPressed' declared as a function
   29 |         void *ButtonPressed(void);
      |               ^~~~~~~~~~~~~
../Core/Src/Button.c: In function 'ButtonInit':
../Core/Src/Button.c:14:26: warning: assignment to 'GPIO_TypeDef *' from incompatible pointer type 'GPIO_InitTypeDef *' [-Wincompatible-pointer-types]
   14 |         Button->GpioPort = GpioPort;
      |                          ^
make: *** [Core/Src/subdir.mk:43: Core/Src/Button.o] Error 1
"make -j12 all" terminated with exit code 2. Build might be incomplete.
11:38:18 **** Incremental Build of configuration Debug for project StateMashineButton ****
make -j12 all 
arm-none-eabi-gcc "../Core/Src/Button.c" -mcpu=cortex-m4 -std=gnu11 -g3 -DDEBUG -DUSE_HAL_DRIVER -DSTM32F411xE -c -I../Core/Inc -I../Drivers/STM32F4xx_HAL_Driver/Inc -I../Drivers/STM32F4xx_HAL_Driver/Inc/Legacy -I../Drivers/CMSIS/Device/ST/STM32F4xx/Include -I../Drivers/CMSIS/Include -O0 -ffunction-sections -fdata-sections -Wall -fstack-usage -fcyclomatic-complexity -MMD -MP -MF"Core/Src/Button.d" -MT"Core/Src/Button.o" --specs=nano.specs -mfpu=fpv4-sp-d16 -mfloat-abi=hard -mthumb -o "Core/Src/Button.o"
In file included from ../Core/Src/Button.c:8:
../Core/Inc/Button.h:29:15: error: field 'ButtonPressed' declared as a function
   29 |         void *ButtonPressed(void);
      |               ^~~~~~~~~~~~~
../Core/Src/Button.c:11:6: error: conflicting types for 'ButtonInit'; have 'void(Button_t *, GPIO_TypeDef *, uint16_t,  uint32_t)' {aka 'void(Button_t *, GPIO_TypeDef *, short unsigned int,  long unsigned int)'}
   11 | void ButtonInit(Button_t* Button, GPIO_TypeDef *GpioPort, uint16_t GpioPin, uint32_t TimerDebounce)
      |      ^~~~~~~~~~
../Core/Inc/Button.h:32:6: note: previous declaration of 'ButtonInit' with type 'void(Button_t *, GPIO_InitTypeDef *, uint16_t,  uint32_t)' {aka 'void(Button_t *, GPIO_InitTypeDef *, short unsigned int,  long unsigned int)'}
   32 | void ButtonInit(Button_t* Button, GPIO_InitTypeDef *GpioPort, uint16_t GpioPin, uint32_t TimerDebuonce);
      |      ^~~~~~~~~~
make: *** [Core/Src/subdir.mk:43: Core/Src/Button.o] Error 1
"make -j12 all" terminated with exit code 2. Build might be incomplete.
11:38:35 **** Incremental Build of configuration Debug for project StateMashineButton ****
make -j12 all 
arm-none-eabi-gcc "../Core/Src/Button.c" -mcpu=cortex-m4 -std=gnu11 -g3 -DDEBUG -DUSE_HAL_DRIVER -DSTM32F411xE -c -I../Core/Inc -I../Drivers/STM32F4xx_HAL_Driver/Inc -I../Drivers/STM32F4xx_HAL_Driver/Inc/Legacy -I../Drivers/CMSIS/Device/ST/STM32F4xx/Include -I../Drivers/CMSIS/Include -O0 -ffunction-sections -fdata-sections -Wall -fstack-usage -fcyclomatic-complexity -MMD -MP -MF"Core/Src/Button.d" -MT"Core/Src/Button.o" --specs=nano.specs -mfpu=fpv4-sp-d16 -mfloat-abi=hard -mthumb -o "Core/Src/Button.o"
In file included from ../Core/Src/Button.c:8:
../Core/Inc/Button.h:29:15: error: field 'ButtonPressed' declared as a function
   29 |         void *ButtonPressed(void);
      |               ^~~~~~~~~~~~~
../Core/Src/Button.c:11:6: error: conflicting types for 'ButtonInit'; have 'void(Button_t *, GPIO_TypeDef *, uint16_t,  uint32_t)' {aka 'void(Button_t *, GPIO_TypeDef *, short unsigned int,  long unsigned int)'}
   11 | void ButtonInit(Button_t* Button, GPIO_TypeDef *GpioPort, uint16_t GpioPin, uint32_t TimerDebounce)
      |      ^~~~~~~~~~
../Core/Inc/Button.h:32:6: note: previous declaration of 'ButtonInit' with type 'void(Button_t *, GPIO_InitTypeDef *, uint16_t,  uint32_t)' {aka 'void(Button_t *, GPIO_InitTypeDef *, short unsigned int,  long unsigned int)'}
   32 | void ButtonInit(Button_t* Button, GPIO_InitTypeDef *GpioPort, uint16_t GpioPin, uint32_t TimerDebuonce);
      |      ^~~~~~~~~~
make: *** [Core/Src/subdir.mk:43: Core/Src/Button.o] Error 1
"make -j12 all" terminated with exit code 2. Build might be incomplete.
11:39:26 **** Incremental Build of configuration Debug for project StateMashineButton ****
make -j12 all 
arm-none-eabi-gcc "../Core/Src/Button.c" -mcpu=cortex-m4 -std=gnu11 -g3 -DDEBUG -DUSE_HAL_DRIVER -DSTM32F411xE -c -I../Core/Inc -I../Drivers/STM32F4xx_HAL_Driver/Inc -I../Drivers/STM32F4xx_HAL_Driver/Inc/Legacy -I../Drivers/CMSIS/Device/ST/STM32F4xx/Include -I../Drivers/CMSIS/Include -O0 -ffunction-sections -fdata-sections -Wall -fstack-usage -fcyclomatic-complexity -MMD -MP -MF"Core/Src/Button.d" -MT"Core/Src/Button.o" --specs=nano.specs -mfpu=fpv4-sp-d16 -mfloat-abi=hard -mthumb -o "Core/Src/Button.o"
arm-none-eabi-gcc "../Core/Src/main.c" -mcpu=cortex-m4 -std=gnu11 -g3 -DDEBUG -DUSE_HAL_DRIVER -DSTM32F411xE -c -I../Core/Inc -I../Drivers/STM32F4xx_HAL_Driver/Inc -I../Drivers/STM32F4xx_HAL_Driver/Inc/Legacy -I../Drivers/CMSIS/Device/ST/STM32F4xx/Include -I../Drivers/CMSIS/Include -O0 -ffunction-sections -fdata-sections -Wall -fstack-usage -fcyclomatic-complexity -MMD -MP -MF"Core/Src/main.d" -MT"Core/Src/main.o" --specs=nano.specs -mfpu=fpv4-sp-d16 -mfloat-abi=hard -mthumb -o "Core/Src/main.o"
In file included from ../Core/Src/Button.c:8:
../Core/Inc/Button.h:29:15: error: field 'ButtonPressed' declared as a function
   29 |         void *ButtonPressed(void);
      |               ^~~~~~~~~~~~~
../Core/Src/Button.c:11:6: error: conflicting types for 'ButtonInit'; have 'void(Button_t *, GPIO_TypeDef *, uint16_t,  uint32_t)' {aka 'void(Button_t *, GPIO_TypeDef *, short unsigned int,  long unsigned int)'}
   11 | void ButtonInit(Button_t* Button, GPIO_TypeDef* GpioPort, uint16_t GpioPin, uint32_t TimerDebounce)
      |      ^~~~~~~~~~
../Core/Inc/Button.h:32:6: note: previous declaration of 'ButtonInit' with type 'void(Button_t *, GPIO_InitTypeDef *, uint16_t,  uint32_t)' {aka 'void(Button_t *, GPIO_InitTypeDef *, short unsigned int,  long unsigned int)'}
   32 | void ButtonInit(Button_t* Button, GPIO_InitTypeDef *GpioPort, uint16_t GpioPin, uint32_t TimerDebuonce);
      |      ^~~~~~~~~~
make: *** [Core/Src/subdir.mk:43: Core/Src/Button.o] Error 1
make: *** Waiting for unfinished jobs....
"make -j12 all" terminated with exit code 2. Build might be incomplete.
11:39:41 **** Incremental Build of configuration Debug for project StateMashineButton ****
make -j12 all 
arm-none-eabi-gcc "../Core/Src/Button.c" -mcpu=cortex-m4 -std=gnu11 -g3 -DDEBUG -DUSE_HAL_DRIVER -DSTM32F411xE -c -I../Core/Inc -I../Drivers/STM32F4xx_HAL_Driver/Inc -I../Drivers/STM32F4xx_HAL_Driver/Inc/Legacy -I../Drivers/CMSIS/Device/ST/STM32F4xx/Include -I../Drivers/CMSIS/Include -O0 -ffunction-sections -fdata-sections -Wall -fstack-usage -fcyclomatic-complexity -MMD -MP -MF"Core/Src/Button.d" -MT"Core/Src/Button.o" --specs=nano.specs -mfpu=fpv4-sp-d16 -mfloat-abi=hard -mthumb -o "Core/Src/Button.o"
In file included from ../Core/Src/Button.c:8:
../Core/Inc/Button.h:29:15: error: field 'ButtonPressed' declared as a function
   29 |         void *ButtonPressed(void);
      |               ^~~~~~~~~~~~~
make: *** [Core/Src/subdir.mk:43: Core/Src/Button.o] Error 1
"make -j12 all" terminated with exit code 2. Build might be incomplete.
11:40:04 **** Incremental Build of configuration Debug for project StateMashineButton ****
make -j12 all 
arm-none-eabi-gcc "../Core/Src/Button.c" -mcpu=cortex-m4 -std=gnu11 -g3 -DDEBUG -DUSE_HAL_DRIVER -DSTM32F411xE -c -I../Core/Inc -I../Drivers/STM32F4xx_HAL_Driver/Inc -I../Drivers/STM32F4xx_HAL_Driver/Inc/Legacy -I../Drivers/CMSIS/Device/ST/STM32F4xx/Include -I../Drivers/CMSIS/Include -O0 -ffunction-sections -fdata-sections -Wall -fstack-usage -fcyclomatic-complexity -MMD -MP -MF"Core/Src/Button.d" -MT"Core/Src/Button.o" --specs=nano.specs -mfpu=fpv4-sp-d16 -mfloat-abi=hard -mthumb -o "Core/Src/Button.o"
In file included from ../Core/Src/Button.c:8:
../Core/Inc/Button.h:29:15: error: field 'ButtonPressed' declared as a function
   29 |         void *ButtonPressed(void);
      |               ^~~~~~~~~~~~~
../Core/Src/Button.c: In function 'ButtonPressed':
../Core/Src/Button.c:24:1: warning: control reaches end of non-void function [-Wreturn-type]
   24 | }
      | ^
make: *** [Core/Src/subdir.mk:43: Core/Src/Button.o] Error 1
"make -j12 all" terminated with exit code 2. Build might be incomplete.
11:40:55 **** Incremental Build of configuration Debug for project StateMashineButton ****
make -j12 all 
arm-none-eabi-gcc "../Core/Src/Button.c" -mcpu=cortex-m4 -std=gnu11 -g3 -DDEBUG -DUSE_HAL_DRIVER -DSTM32F411xE -c -I../Core/Inc -I../Drivers/STM32F4xx_HAL_Driver/Inc -I../Drivers/STM32F4xx_HAL_Driver/Inc/Legacy -I../Drivers/CMSIS/Device/ST/STM32F4xx/Include -I../Drivers/CMSIS/Include -O0 -ffunction-sections -fdata-sections -Wall -fstack-usage -fcyclomatic-complexity -MMD -MP -MF"Core/Src/Button.d" -MT"Core/Src/Button.o" --specs=nano.specs -mfpu=fpv4-sp-d16 -mfloat-abi=hard -mthumb -o "Core/Src/Button.o"
In file included from ../Core/Src/Button.c:8:
../Core/Inc/Button.h:29:15: error: field 'ButtonPressed' declared as a function
   29 |         void *ButtonPressed(void);
      |               ^~~~~~~~~~~~~
../Core/Src/Button.c: In function 'ButtonPressed':
../Core/Src/Button.c:24:1: warning: control reaches end of non-void function [-Wreturn-type]
   24 | }
      | ^
make: *** [Core/Src/subdir.mk:43: Core/Src/Button.o] Error 1
"make -j12 all" terminated with exit code 2. Build might be incomplete.
11:48:22 **** Incremental Build of configuration Debug for project StateMashineButton ****
make -j12 all 
arm-none-eabi-gcc "../Core/Src/Button.c" -mcpu=cortex-m4 -std=gnu11 -g3 -DDEBUG -DUSE_HAL_DRIVER -DSTM32F411xE -c -I../Core/Inc -I../Drivers/STM32F4xx_HAL_Driver/Inc -I../Drivers/STM32F4xx_HAL_Driver/Inc/Legacy -I../Drivers/CMSIS/Device/ST/STM32F4xx/Include -I../Drivers/CMSIS/Include -O0 -ffunction-sections -fdata-sections -Wall -fstack-usage -fcyclomatic-complexity -MMD -MP -MF"Core/Src/Button.d" -MT"Core/Src/Button.o" --specs=nano.specs -mfpu=fpv4-sp-d16 -mfloat-abi=hard -mthumb -o "Core/Src/Button.o"
arm-none-eabi-gcc "../Core/Src/main.c" -mcpu=cortex-m4 -std=gnu11 -g3 -DDEBUG -DUSE_HAL_DRIVER -DSTM32F411xE -c -I../Core/Inc -I../Drivers/STM32F4xx_HAL_Driver/Inc -I../Drivers/STM32F4xx_HAL_Driver/Inc/Legacy -I../Drivers/CMSIS/Device/ST/STM32F4xx/Include -I../Drivers/CMSIS/Include -O0 -ffunction-sections -fdata-sections -Wall -fstack-usage -fcyclomatic-complexity -MMD -MP -MF"Core/Src/main.d" -MT"Core/Src/main.o" --specs=nano.specs -mfpu=fpv4-sp-d16 -mfloat-abi=hard -mthumb -o "Core/Src/main.o"
In file included from ../Core/Src/Button.c:8:
../Core/Inc/Button.h:29:15: error: field 'ButtonPressed' declared as a function
   29 |         void *ButtonPressed(void);
      |               ^~~~~~~~~~~~~
../Core/Src/Button.c: In function 'ButtonPressed':
../Core/Src/Button.c:24:1: warning: control reaches end of non-void function [-Wreturn-type]
   24 | }
      | ^
In file included from ../Core/Src/main.c:26:
../Core/Inc/Button.h:29:15: error: field 'ButtonPressed' declared as a function
   29 |         void *ButtonPressed(void);
      |               ^~~~~~~~~~~~~
make: *** [Core/Src/subdir.mk:43: Core/Src/Button.o] Error 1
make: *** Waiting for unfinished jobs....
make: *** [Core/Src/subdir.mk:43: Core/Src/main.o] Error 1
"make -j12 all" terminated with exit code 2. Build might be incomplete.
11:48:39 **** Incremental Build of configuration Debug for project StateMashineButton ****
make -j12 all 
arm-none-eabi-gcc "../Core/Src/Button.c" -mcpu=cortex-m4 -std=gnu11 -g3 -DDEBUG -DUSE_HAL_DRIVER -DSTM32F411xE -c -I../Core/Inc -I../Drivers/STM32F4xx_HAL_Driver/Inc -I../Drivers/STM32F4xx_HAL_Driver/Inc/Legacy -I../Drivers/CMSIS/Device/ST/STM32F4xx/Include -I../Drivers/CMSIS/Include -O0 -ffunction-sections -fdata-sections -Wall -fstack-usage -fcyclomatic-complexity -MMD -MP -MF"Core/Src/Button.d" -MT"Core/Src/Button.o" --specs=nano.specs -mfpu=fpv4-sp-d16 -mfloat-abi=hard -mthumb -o "Core/Src/Button.o"
arm-none-eabi-gcc "../Core/Src/main.c" -mcpu=cortex-m4 -std=gnu11 -g3 -DDEBUG -DUSE_HAL_DRIVER -DSTM32F411xE -c -I../Core/Inc -I../Drivers/STM32F4xx_HAL_Driver/Inc -I../Drivers/STM32F4xx_HAL_Driver/Inc/Legacy -I../Drivers/CMSIS/Device/ST/STM32F4xx/Include -I../Drivers/CMSIS/Include -O0 -ffunction-sections -fdata-sections -Wall -fstack-usage -fcyclomatic-complexity -MMD -MP -MF"Core/Src/main.d" -MT"Core/Src/main.o" --specs=nano.specs -mfpu=fpv4-sp-d16 -mfloat-abi=hard -mthumb -o "Core/Src/main.o"
arm-none-eabi-gcc -o "StateMashineButton.elf" @"objects.list"   -mcpu=cortex-m4 -T"D:\STM32Project\Pomodoro\StateMashineButton\STM32F411RETX_FLASH.ld" --specs=nosys.specs -Wl,-Map="StateMashineButton.map" -Wl,--gc-sections -static --specs=nano.specs -mfpu=fpv4-sp-d16 -mfloat-abi=hard -mthumb -Wl,--start-group -lc -lm -Wl,--end-group
Finished building target: StateMashineButton.elf
 
arm-none-eabi-size  StateMashineButton.elf 
arm-none-eabi-objdump -h -S StateMashineButton.elf  > "StateMashineButton.list"
   text	   data	    bss	    dec	    hex	filename
   7816	     16	   1664	   9496	   2518	StateMashineButton.elf
Finished building: default.size.stdout
 
Finished building: StateMashineButton.list
 
11:49:08 **** Incremental Build of configuration Debug for project StateMashineButton ****
make -j12 all 
arm-none-eabi-size  StateMashineButton.elf 
   text	   data	    bss	    dec	    hex	filename
   7816	     16	   1664	   9496	   2518	StateMashineButton.elf
Finished building: default.size.stdout
 
11:50:51 **** Incremental Build of configuration Debug for project StateMashineButton ****
make -j12 all 
arm-none-eabi-gcc "../Core/Src/Button.c" -mcpu=cortex-m4 -std=gnu11 -g3 -DDEBUG -DUSE_HAL_DRIVER -DSTM32F411xE -c -I../Core/Inc -I../Drivers/STM32F4xx_HAL_Driver/Inc -I../Drivers/STM32F4xx_HAL_Driver/Inc/Legacy -I../Drivers/CMSIS/Device/ST/STM32F4xx/Include -I../Drivers/CMSIS/Include -O0 -ffunction-sections -fdata-sections -Wall -fstack-usage -fcyclomatic-complexity -MMD -MP -MF"Core/Src/Button.d" -MT"Core/Src/Button.o" --specs=nano.specs -mfpu=fpv4-sp-d16 -mfloat-abi=hard -mthumb -o "Core/Src/Button.o"
arm-none-eabi-gcc "../Core/Src/main.c" -mcpu=cortex-m4 -std=gnu11 -g3 -DDEBUG -DUSE_HAL_DRIVER -DSTM32F411xE -c -I../Core/Inc -I../Drivers/STM32F4xx_HAL_Driver/Inc -I../Drivers/STM32F4xx_HAL_Driver/Inc/Legacy -I../Drivers/CMSIS/Device/ST/STM32F4xx/Include -I../Drivers/CMSIS/Include -O0 -ffunction-sections -fdata-sections -Wall -fstack-usage -fcyclomatic-complexity -MMD -MP -MF"Core/Src/main.d" -MT"Core/Src/main.o" --specs=nano.specs -mfpu=fpv4-sp-d16 -mfloat-abi=hard -mthumb -o "Core/Src/main.o"
arm-none-eabi-gcc -o "StateMashineButton.elf" @"objects.list"   -mcpu=cortex-m4 -T"D:\STM32Project\Pomodoro\StateMashineButton\STM32F411RETX_FLASH.ld" --specs=nosys.specs -Wl,-Map="StateMashineButton.map" -Wl,--gc-sections -static --specs=nano.specs -mfpu=fpv4-sp-d16 -mfloat-abi=hard -mthumb -Wl,--start-group -lc -lm -Wl,--end-group
Finished building target: StateMashineButton.elf
 
arm-none-eabi-size  StateMashineButton.elf 
arm-none-eabi-objdump -h -S StateMashineButton.elf  > "StateMashineButton.list"
   text	   data	    bss	    dec	    hex	filename
   7816	     16	   1664	   9496	   2518	StateMashineButton.elf
Finished building: default.size.stdout
 
Finished building: StateMashineButton.list
 
12:03:28 **** Incremental Build of configuration Debug for project StateMashineButton ****
make -j12 all 
arm-none-eabi-gcc "../Core/Src/Button.c" -mcpu=cortex-m4 -std=gnu11 -g3 -DDEBUG -DUSE_HAL_DRIVER -DSTM32F411xE -c -I../Core/Inc -I../Drivers/STM32F4xx_HAL_Driver/Inc -I../Drivers/STM32F4xx_HAL_Driver/Inc/Legacy -I../Drivers/CMSIS/Device/ST/STM32F4xx/Include -I../Drivers/CMSIS/Include -O0 -ffunction-sections -fdata-sections -Wall -fstack-usage -fcyclomatic-complexity -MMD -MP -MF"Core/Src/Button.d" -MT"Core/Src/Button.o" --specs=nano.specs -mfpu=fpv4-sp-d16 -mfloat-abi=hard -mthumb -o "Core/Src/Button.o"
arm-none-eabi-gcc "../Core/Src/main.c" -mcpu=cortex-m4 -std=gnu11 -g3 -DDEBUG -DUSE_HAL_DRIVER -DSTM32F411xE -c -I../Core/Inc -I../Drivers/STM32F4xx_HAL_Driver/Inc -I../Drivers/STM32F4xx_HAL_Driver/Inc/Legacy -I../Drivers/CMSIS/Device/ST/STM32F4xx/Include -I../Drivers/CMSIS/Include -O0 -ffunction-sections -fdata-sections -Wall -fstack-usage -fcyclomatic-complexity -MMD -MP -MF"Core/Src/main.d" -MT"Core/Src/main.o" --specs=nano.specs -mfpu=fpv4-sp-d16 -mfloat-abi=hard -mthumb -o "Core/Src/main.o"
../Core/Src/Button.c: In function 'ButtonTask':
../Core/Src/Button.c:49:9: warning: enumeration value 'DEBOUNCE' not handled in switch [-Wswitch]
   49 |         switch (Button->State)
      |         ^~~~~~
../Core/Src/Button.c:49:9: warning: enumeration value 'PRESSED' not handled in switch [-Wswitch]
../Core/Src/Button.c:53:17: error: break statement not within loop or switch
   53 |                 break;
      |                 ^~~~~
../Core/Src/Button.c:54:9: error: case label not within a switch statement
   54 |         case DEBOUNCE:
      |         ^~~~
../Core/Src/Button.c:57:17: error: break statement not within loop or switch
   57 |                 break;
      |                 ^~~~~
../Core/Src/Button.c:58:9: error: case label not within a switch statement
   58 |         case PRESSED:
      |         ^~~~
../Core/Src/Button.c:61:17: error: break statement not within loop or switch
   61 |                 break;
      |                 ^~~~~
make: *** [Core/Src/subdir.mk:43: Core/Src/Button.o] Error 1
make: *** Waiting for unfinished jobs....
"make -j12 all" terminated with exit code 2. Build might be incomplete.
12:04:38 **** Incremental Build of configuration Debug for project StateMashineButton ****
make -j12 all 
arm-none-eabi-gcc "../Core/Src/Button.c" -mcpu=cortex-m4 -std=gnu11 -g3 -DDEBUG -DUSE_HAL_DRIVER -DSTM32F411xE -c -I../Core/Inc -I../Drivers/STM32F4xx_HAL_Driver/Inc -I../Drivers/STM32F4xx_HAL_Driver/Inc/Legacy -I../Drivers/CMSIS/Device/ST/STM32F4xx/Include -I../Drivers/CMSIS/Include -O0 -ffunction-sections -fdata-sections -Wall -fstack-usage -fcyclomatic-complexity -MMD -MP -MF"Core/Src/Button.d" -MT"Core/Src/Button.o" --specs=nano.specs -mfpu=fpv4-sp-d16 -mfloat-abi=hard -mthumb -o "Core/Src/Button.o"
arm-none-eabi-gcc -o "StateMashineButton.elf" @"objects.list"   -mcpu=cortex-m4 -T"D:\STM32Project\Pomodoro\StateMashineButton\STM32F411RETX_FLASH.ld" --specs=nosys.specs -Wl,-Map="StateMashineButton.map" -Wl,--gc-sections -static --specs=nano.specs -mfpu=fpv4-sp-d16 -mfloat-abi=hard -mthumb -Wl,--start-group -lc -lm -Wl,--end-group
Finished building target: StateMashineButton.elf
 
arm-none-eabi-size  StateMashineButton.elf 
arm-none-eabi-objdump -h -S StateMashineButton.elf  > "StateMashineButton.list"
   text	   data	    bss	    dec	    hex	filename
   8024	     16	   1664	   9704	   25e8	StateMashineButton.elf
Finished building: default.size.stdout
 
Finished building: StateMashineButton.list
 
12:05:22 **** Incremental Build of configuration Debug for project StateMashineButton ****
make -j12 all 
arm-none-eabi-size  StateMashineButton.elf 
   text	   data	    bss	    dec	    hex	filename
   8024	     16	   1664	   9704	   25e8	StateMashineButton.elf
Finished building: default.size.stdout
 
12:13:41 **** Incremental Build of configuration Debug for project StateMashineButton ****
make -j12 all 
arm-none-eabi-gcc "../Core/Src/Button.c" -mcpu=cortex-m4 -std=gnu11 -g3 -DDEBUG -DUSE_HAL_DRIVER -DSTM32F411xE -c -I../Core/Inc -I../Drivers/STM32F4xx_HAL_Driver/Inc -I../Drivers/STM32F4xx_HAL_Driver/Inc/Legacy -I../Drivers/CMSIS/Device/ST/STM32F4xx/Include -I../Drivers/CMSIS/Include -O0 -ffunction-sections -fdata-sections -Wall -fstack-usage -fcyclomatic-complexity -MMD -MP -MF"Core/Src/Button.d" -MT"Core/Src/Button.o" --specs=nano.specs -mfpu=fpv4-sp-d16 -mfloat-abi=hard -mthumb -o "Core/Src/Button.o"
../Core/Src/Button.c: In function 'ButtonDebounceRoutine':
../Core/Src/Button.c:42:28: error: void value not ignored as it ought to be
   42 |                         if(Button->ButtonPressed() != NULL)
      |                            ^~~~~~~~~~~~~~~~~~~~~~~
make: *** [Core/Src/subdir.mk:43: Core/Src/Button.o] Error 1
"make -j12 all" terminated with exit code 2. Build might be incomplete.
12:14:36 **** Incremental Build of configuration Debug for project StateMashineButton ****
make -j12 all 
arm-none-eabi-gcc "../Core/Src/Button.c" -mcpu=cortex-m4 -std=gnu11 -g3 -DDEBUG -DUSE_HAL_DRIVER -DSTM32F411xE -c -I../Core/Inc -I../Drivers/STM32F4xx_HAL_Driver/Inc -I../Drivers/STM32F4xx_HAL_Driver/Inc/Legacy -I../Drivers/CMSIS/Device/ST/STM32F4xx/Include -I../Drivers/CMSIS/Include -O0 -ffunction-sections -fdata-sections -Wall -fstack-usage -fcyclomatic-complexity -MMD -MP -MF"Core/Src/Button.d" -MT"Core/Src/Button.o" --specs=nano.specs -mfpu=fpv4-sp-d16 -mfloat-abi=hard -mthumb -o "Core/Src/Button.o"
arm-none-eabi-gcc -o "StateMashineButton.elf" @"objects.list"   -mcpu=cortex-m4 -T"D:\STM32Project\Pomodoro\StateMashineButton\STM32F411RETX_FLASH.ld" --specs=nosys.specs -Wl,-Map="StateMashineButton.map" -Wl,--gc-sections -static --specs=nano.specs -mfpu=fpv4-sp-d16 -mfloat-abi=hard -mthumb -Wl,--start-group -lc -lm -Wl,--end-group
Finished building target: StateMashineButton.elf
 
arm-none-eabi-size  StateMashineButton.elf 
arm-none-eabi-objdump -h -S StateMashineButton.elf  > "StateMashineButton.list"
   text	   data	    bss	    dec	    hex	filename
   8116	     16	   1664	   9796	   2644	StateMashineButton.elf
Finished building: default.size.stdout
 
Finished building: StateMashineButton.list
 
22:43:40 **** Incremental Build of configuration Debug for project StateMashineButton ****
make -j12 all 
arm-none-eabi-gcc "../Core/Src/Button.c" -mcpu=cortex-m4 -std=gnu11 -g3 -DDEBUG -DUSE_HAL_DRIVER -DSTM32F411xE -c -I../Core/Inc -I../Drivers/STM32F4xx_HAL_Driver/Inc -I../Drivers/STM32F4xx_HAL_Driver/Inc/Legacy -I../Drivers/CMSIS/Device/ST/STM32F4xx/Include -I../Drivers/CMSIS/Include -O0 -ffunction-sections -fdata-sections -Wall -fstack-usage -fcyclomatic-complexity -MMD -MP -MF"Core/Src/Button.d" -MT"Core/Src/Button.o" --specs=nano.specs -mfpu=fpv4-sp-d16 -mfloat-abi=hard -mthumb -o "Core/Src/Button.o"
arm-none-eabi-gcc "../Core/Src/main.c" -mcpu=cortex-m4 -std=gnu11 -g3 -DDEBUG -DUSE_HAL_DRIVER -DSTM32F411xE -c -I../Core/Inc -I../Drivers/STM32F4xx_HAL_Driver/Inc -I../Drivers/STM32F4xx_HAL_Driver/Inc/Legacy -I../Drivers/CMSIS/Device/ST/STM32F4xx/Include -I../Drivers/CMSIS/Include -O0 -ffunction-sections -fdata-sections -Wall -fstack-usage -fcyclomatic-complexity -MMD -MP -MF"Core/Src/main.d" -MT"Core/Src/main.o" --specs=nano.specs -mfpu=fpv4-sp-d16 -mfloat-abi=hard -mthumb -o "Core/Src/main.o"
arm-none-eabi-gcc -o "StateMashineButton.elf" @"objects.list"   -mcpu=cortex-m4 -T"D:\STM32Project\Pomodoro\StateMashineButton\STM32F411RETX_FLASH.ld" --specs=nosys.specs -Wl,-Map="StateMashineButton.map" -Wl,--gc-sections -static --specs=nano.specs -mfpu=fpv4-sp-d16 -mfloat-abi=hard -mthumb -Wl,--start-group -lc -lm -Wl,--end-group
Finished building target: StateMashineButton.elf
 
arm-none-eabi-size  StateMashineButton.elf 
arm-none-eabi-objdump -h -S StateMashineButton.elf  > "StateMashineButton.list"
   text	   data	    bss	    dec	    hex	filename
   8116	     16	   1664	   9796	   2644	StateMashineButton.elf
Finished building: default.size.stdout
 
Finished building: StateMashineButton.list
 
22:49:32 **** Incremental Build of configuration Debug for project StateMashineButton ****
make -j12 all 
arm-none-eabi-gcc "../Core/Src/main.c" -mcpu=cortex-m4 -std=gnu11 -g3 -DDEBUG -DUSE_HAL_DRIVER -DSTM32F411xE -c -I../Core/Inc -I../Drivers/STM32F4xx_HAL_Driver/Inc -I../Drivers/STM32F4xx_HAL_Driver/Inc/Legacy -I../Drivers/CMSIS/Device/ST/STM32F4xx/Include -I../Drivers/CMSIS/Include -O0 -ffunction-sections -fdata-sections -Wall -fstack-usage -fcyclomatic-complexity -MMD -MP -MF"Core/Src/main.d" -MT"Core/Src/main.o" --specs=nano.specs -mfpu=fpv4-sp-d16 -mfloat-abi=hard -mthumb -o "Core/Src/main.o"
../Core/Src/main.c: In function 'main':
../Core/Src/main.c:94:51: warning: passing argument 1 of 'ToggleLed' from incompatible pointer type [-Wincompatible-pointer-types]
   94 |   ButtonRegisterPressCallback(&Button1, ToggleLed(&Button1.GpioPort, Button1.GpioPin));
      |                                                   ^~~~~~~~~~~~~~~~~
      |                                                   |
      |                                                   GPIO_TypeDef **
../Core/Src/main.c:54:30: note: expected 'GPIO_TypeDef *' but argument is of type 'GPIO_TypeDef **'
   54 | void ToggleLed(GPIO_TypeDef *Port, uint16_t Pin);
      |                ~~~~~~~~~~~~~~^~~~
../Core/Src/main.c:94:41: error: invalid use of void expression
   94 |   ButtonRegisterPressCallback(&Button1, ToggleLed(&Button1.GpioPort, Button1.GpioPin));
      |                                         ^~~~~~~~~~~~~~~~~~~~~~~~~~~~~~~~~~~~~~~~~~~~~
make: *** [Core/Src/subdir.mk:43: Core/Src/main.o] Error 1
"make -j12 all" terminated with exit code 2. Build might be incomplete.
22:50:44 **** Incremental Build of configuration Debug for project StateMashineButton ****
make -j12 all 
arm-none-eabi-gcc "../Core/Src/main.c" -mcpu=cortex-m4 -std=gnu11 -g3 -DDEBUG -DUSE_HAL_DRIVER -DSTM32F411xE -c -I../Core/Inc -I../Drivers/STM32F4xx_HAL_Driver/Inc -I../Drivers/STM32F4xx_HAL_Driver/Inc/Legacy -I../Drivers/CMSIS/Device/ST/STM32F4xx/Include -I../Drivers/CMSIS/Include -O0 -ffunction-sections -fdata-sections -Wall -fstack-usage -fcyclomatic-complexity -MMD -MP -MF"Core/Src/main.d" -MT"Core/Src/main.o" --specs=nano.specs -mfpu=fpv4-sp-d16 -mfloat-abi=hard -mthumb -o "Core/Src/main.o"
../Core/Src/main.c: In function 'main':
../Core/Src/main.c:94:41: error: invalid use of void expression
   94 |   ButtonRegisterPressCallback(&Button1, ToggleLed());
      |                                         ^~~~~~~~~~~
make: *** [Core/Src/subdir.mk:43: Core/Src/main.o] Error 1
"make -j12 all" terminated with exit code 2. Build might be incomplete.
22:50:58 **** Incremental Build of configuration Debug for project StateMashineButton ****
make -j12 all 
arm-none-eabi-gcc "../Core/Src/main.c" -mcpu=cortex-m4 -std=gnu11 -g3 -DDEBUG -DUSE_HAL_DRIVER -DSTM32F411xE -c -I../Core/Inc -I../Drivers/STM32F4xx_HAL_Driver/Inc -I../Drivers/STM32F4xx_HAL_Driver/Inc/Legacy -I../Drivers/CMSIS/Device/ST/STM32F4xx/Include -I../Drivers/CMSIS/Include -O0 -ffunction-sections -fdata-sections -Wall -fstack-usage -fcyclomatic-complexity -MMD -MP -MF"Core/Src/main.d" -MT"Core/Src/main.o" --specs=nano.specs -mfpu=fpv4-sp-d16 -mfloat-abi=hard -mthumb -o "Core/Src/main.o"
arm-none-eabi-gcc -o "StateMashineButton.elf" @"objects.list"   -mcpu=cortex-m4 -T"D:\STM32Project\Pomodoro\StateMashineButton\STM32F411RETX_FLASH.ld" --specs=nosys.specs -Wl,-Map="StateMashineButton.map" -Wl,--gc-sections -static --specs=nano.specs -mfpu=fpv4-sp-d16 -mfloat-abi=hard -mthumb -Wl,--start-group -lc -lm -Wl,--end-group
Finished building target: StateMashineButton.elf
 
arm-none-eabi-size  StateMashineButton.elf 
arm-none-eabi-objdump -h -S StateMashineButton.elf  > "StateMashineButton.list"
   text	   data	    bss	    dec	    hex	filename
   8236	     16	   1664	   9916	   26bc	StateMashineButton.elf
Finished building: default.size.stdout
 
Finished building: StateMashineButton.list
 
22:52:09 **** Incremental Build of configuration Debug for project StateMashineButton ****
make -j12 all 
arm-none-eabi-gcc "../Core/Src/main.c" -mcpu=cortex-m4 -std=gnu11 -g3 -DDEBUG -DUSE_HAL_DRIVER -DSTM32F411xE -c -I../Core/Inc -I../Drivers/STM32F4xx_HAL_Driver/Inc -I../Drivers/STM32F4xx_HAL_Driver/Inc/Legacy -I../Drivers/CMSIS/Device/ST/STM32F4xx/Include -I../Drivers/CMSIS/Include -O0 -ffunction-sections -fdata-sections -Wall -fstack-usage -fcyclomatic-complexity -MMD -MP -MF"Core/Src/main.d" -MT"Core/Src/main.o" --specs=nano.specs -mfpu=fpv4-sp-d16 -mfloat-abi=hard -mthumb -o "Core/Src/main.o"
arm-none-eabi-gcc -o "StateMashineButton.elf" @"objects.list"   -mcpu=cortex-m4 -T"D:\STM32Project\Pomodoro\StateMashineButton\STM32F411RETX_FLASH.ld" --specs=nosys.specs -Wl,-Map="StateMashineButton.map" -Wl,--gc-sections -static --specs=nano.specs -mfpu=fpv4-sp-d16 -mfloat-abi=hard -mthumb -Wl,--start-group -lc -lm -Wl,--end-group
Finished building target: StateMashineButton.elf
 
arm-none-eabi-size  StateMashineButton.elf 
arm-none-eabi-objdump -h -S StateMashineButton.elf  > "StateMashineButton.list"
   text	   data	    bss	    dec	    hex	filename
   8236	     16	   1664	   9916	   26bc	StateMashineButton.elf
Finished building: default.size.stdout
 
Finished building: StateMashineButton.list
 
13:14:33 **** Incremental Build of configuration Debug for project StateMashineButton ****
make -j12 all 
arm-none-eabi-gcc "../Core/Src/Button.c" -mcpu=cortex-m4 -std=gnu11 -g3 -DDEBUG -DUSE_HAL_DRIVER -DSTM32F411xE -c -I../Core/Inc -I../Drivers/STM32F4xx_HAL_Driver/Inc -I../Drivers/STM32F4xx_HAL_Driver/Inc/Legacy -I../Drivers/CMSIS/Device/ST/STM32F4xx/Include -I../Drivers/CMSIS/Include -O0 -ffunction-sections -fdata-sections -Wall -fstack-usage -fcyclomatic-complexity -MMD -MP -MF"Core/Src/Button.d" -MT"Core/Src/Button.o" --specs=nano.specs -mfpu=fpv4-sp-d16 -mfloat-abi=hard -mthumb -o "Core/Src/Button.o"
arm-none-eabi-gcc "../Core/Src/main.c" -mcpu=cortex-m4 -std=gnu11 -g3 -DDEBUG -DUSE_HAL_DRIVER -DSTM32F411xE -c -I../Core/Inc -I../Drivers/STM32F4xx_HAL_Driver/Inc -I../Drivers/STM32F4xx_HAL_Driver/Inc/Legacy -I../Drivers/CMSIS/Device/ST/STM32F4xx/Include -I../Drivers/CMSIS/Include -O0 -ffunction-sections -fdata-sections -Wall -fstack-usage -fcyclomatic-complexity -MMD -MP -MF"Core/Src/main.d" -MT"Core/Src/main.o" --specs=nano.specs -mfpu=fpv4-sp-d16 -mfloat-abi=hard -mthumb -o "Core/Src/main.o"
../Core/Src/Button.c: In function 'Button_PressedRoutine':
../Core/Src/Button.c:60:48: error: 'TimerDebounceLongPress' undeclared (first use in this function)
   60 |         if(HAL_GetTick() - Button->LastTick >= TimerDebounceLongPress)
      |                                                ^~~~~~~~~~~~~~~~~~~~~~
../Core/Src/Button.c:60:48: note: each undeclared identifier is reported only once for each function it appears in
../Core/Src/Button.c:63:28: error: 'Button_t' has no member named 'ButtonLongPressed'; did you mean 'ButtonPressed'?
   63 |                 if(Button->ButtonLongPressed != NULL)
      |                            ^~~~~~~~~~~~~~~~~
      |                            ButtonPressed
../Core/Src/Button.c:65:33: error: 'Button_t' has no member named 'ButtonLongPressed'; did you mean 'ButtonPressed'?
   65 |                         Button->ButtonLongPressed();
      |                                 ^~~~~~~~~~~~~~~~~
      |                                 ButtonPressed
../Core/Src/Button.c: In function 'ButtonTask':
../Core/Src/Button.c:78:9: warning: enumeration value 'LONG_PRESSED' not handled in switch [-Wswitch]
   78 |         switch (Button->State)
      |         ^~~~~~
make: *** [Core/Src/subdir.mk:43: Core/Src/Button.o] Error 1
make: *** Waiting for unfinished jobs....
"make -j12 all" terminated with exit code 2. Build might be incomplete.
21:20:48 **** Incremental Build of configuration Debug for project StateMashineButton ****
make -j12 all 
arm-none-eabi-gcc "../Core/Src/Button.c" -mcpu=cortex-m4 -std=gnu11 -g3 -DDEBUG -DUSE_HAL_DRIVER -DSTM32F411xE -c -I../Core/Inc -I../Drivers/STM32F4xx_HAL_Driver/Inc -I../Drivers/STM32F4xx_HAL_Driver/Inc/Legacy -I../Drivers/CMSIS/Device/ST/STM32F4xx/Include -I../Drivers/CMSIS/Include -O0 -ffunction-sections -fdata-sections -Wall -fstack-usage -fcyclomatic-complexity -MMD -MP -MF"Core/Src/Button.d" -MT"Core/Src/Button.o" --specs=nano.specs -mfpu=fpv4-sp-d16 -mfloat-abi=hard -mthumb -o "Core/Src/Button.o"
arm-none-eabi-gcc "../Core/Src/main.c" -mcpu=cortex-m4 -std=gnu11 -g3 -DDEBUG -DUSE_HAL_DRIVER -DSTM32F411xE -c -I../Core/Inc -I../Drivers/STM32F4xx_HAL_Driver/Inc -I../Drivers/STM32F4xx_HAL_Driver/Inc/Legacy -I../Drivers/CMSIS/Device/ST/STM32F4xx/Include -I../Drivers/CMSIS/Include -O0 -ffunction-sections -fdata-sections -Wall -fstack-usage -fcyclomatic-complexity -MMD -MP -MF"Core/Src/main.d" -MT"Core/Src/main.o" --specs=nano.specs -mfpu=fpv4-sp-d16 -mfloat-abi=hard -mthumb -o "Core/Src/main.o"
../Core/Src/Button.c:11:6: error: conflicting types for 'ButtonInit'; have 'void(Button_t *, GPIO_TypeDef *, uint16_t,  uint32_t,  uint32_t,  uint32_t)' {aka 'void(Button_t *, GPIO_TypeDef *, short unsigned int,  long unsigned int,  long unsigned int,  long unsigned int)'}
   11 | void ButtonInit(Button_t* Button, GPIO_TypeDef* GpioPort, uint16_t GpioPin, uint32_t TimerDebounce,
      |      ^~~~~~~~~~
In file included from ../Core/Src/Button.c:8:
../Core/Inc/Button.h:42:6: note: previous declaration of 'ButtonInit' with type 'void(Button_t *, GPIO_TypeDef *, uint16_t,  uint32_t)' {aka 'void(Button_t *, GPIO_TypeDef *, short unsigned int,  long unsigned int)'}
   42 | void ButtonInit(Button_t* Button, GPIO_TypeDef* GpioPort, uint16_t GpioPin, uint32_t TimerDebounce);
      |      ^~~~~~~~~~
../Core/Src/Button.c: In function 'ButtonPressedRoutine':
../Core/Src/Button.c:66:48: error: 'TimerDebounceLongPress' undeclared (first use in this function)
   66 |         if(HAL_GetTick() - Button->LastTick >= TimerDebounceLongPress)
      |                                                ^~~~~~~~~~~~~~~~~~~~~~
../Core/Src/Button.c:66:48: note: each undeclared identifier is reported only once for each function it appears in
../Core/Src/Button.c:69:28: error: 'Button_t' has no member named 'ButtonLongPressed'; did you mean 'ButtonPressed'?
   69 |                 if(Button->ButtonLongPressed != NULL)
      |                            ^~~~~~~~~~~~~~~~~
      |                            ButtonPressed
../Core/Src/Button.c:71:33: error: 'Button_t' has no member named 'ButtonLongPressed'; did you mean 'ButtonPressed'?
   71 |                         Button->ButtonLongPressed();
      |                                 ^~~~~~~~~~~~~~~~~
      |                                 ButtonPressed
make: *** [Core/Src/subdir.mk:43: Core/Src/Button.o] Error 1
make: *** Waiting for unfinished jobs....
"make -j12 all" terminated with exit code 2. Build might be incomplete.
21:21:10 **** Incremental Build of configuration Debug for project StateMashineButton ****
make -j12 all 
arm-none-eabi-gcc "../Core/Src/Button.c" -mcpu=cortex-m4 -std=gnu11 -g3 -DDEBUG -DUSE_HAL_DRIVER -DSTM32F411xE -c -I../Core/Inc -I../Drivers/STM32F4xx_HAL_Driver/Inc -I../Drivers/STM32F4xx_HAL_Driver/Inc/Legacy -I../Drivers/CMSIS/Device/ST/STM32F4xx/Include -I../Drivers/CMSIS/Include -O0 -ffunction-sections -fdata-sections -Wall -fstack-usage -fcyclomatic-complexity -MMD -MP -MF"Core/Src/Button.d" -MT"Core/Src/Button.o" --specs=nano.specs -mfpu=fpv4-sp-d16 -mfloat-abi=hard -mthumb -o "Core/Src/Button.o"
arm-none-eabi-gcc "../Core/Src/main.c" -mcpu=cortex-m4 -std=gnu11 -g3 -DDEBUG -DUSE_HAL_DRIVER -DSTM32F411xE -c -I../Core/Inc -I../Drivers/STM32F4xx_HAL_Driver/Inc -I../Drivers/STM32F4xx_HAL_Driver/Inc/Legacy -I../Drivers/CMSIS/Device/ST/STM32F4xx/Include -I../Drivers/CMSIS/Include -O0 -ffunction-sections -fdata-sections -Wall -fstack-usage -fcyclomatic-complexity -MMD -MP -MF"Core/Src/main.d" -MT"Core/Src/main.o" --specs=nano.specs -mfpu=fpv4-sp-d16 -mfloat-abi=hard -mthumb -o "Core/Src/main.o"
../Core/Src/main.c: In function 'main':
../Core/Src/main.c:93:3: error: too few arguments to function 'ButtonInit'
   93 |   ButtonInit(&Button1, Button1_GPIO_Port, Button1_Pin, TimerDebounce);
      |   ^~~~~~~~~~
In file included from ../Core/Src/main.c:26:
../Core/Inc/Button.h:42:6: note: declared here
   42 | void ButtonInit(Button_t* Button, GPIO_TypeDef* GpioPort, uint16_t GpioPin, uint32_t TimerDebounce,
      |      ^~~~~~~~~~
../Core/Src/Button.c: In function 'ButtonPressedRoutine':
../Core/Src/Button.c:66:48: error: 'TimerDebounceLongPress' undeclared (first use in this function)
   66 |         if(HAL_GetTick() - Button->LastTick >= TimerDebounceLongPress)
      |                                                ^~~~~~~~~~~~~~~~~~~~~~
../Core/Src/Button.c:66:48: note: each undeclared identifier is reported only once for each function it appears in
../Core/Src/Button.c:69:28: error: 'Button_t' has no member named 'ButtonLongPressed'; did you mean 'ButtonPressed'?
   69 |                 if(Button->ButtonLongPressed != NULL)
      |                            ^~~~~~~~~~~~~~~~~
      |                            ButtonPressed
../Core/Src/Button.c:71:33: error: 'Button_t' has no member named 'ButtonLongPressed'; did you mean 'ButtonPressed'?
   71 |                         Button->ButtonLongPressed();
      |                                 ^~~~~~~~~~~~~~~~~
      |                                 ButtonPressed
make: *** [Core/Src/subdir.mk:43: Core/Src/main.o] Error 1
make: *** Waiting for unfinished jobs....
make: *** [Core/Src/subdir.mk:43: Core/Src/Button.o] Error 1
"make -j12 all" terminated with exit code 2. Build might be incomplete.
21:21:36 **** Incremental Build of configuration Debug for project StateMashineButton ****
make -j12 all 
arm-none-eabi-gcc "../Core/Src/Button.c" -mcpu=cortex-m4 -std=gnu11 -g3 -DDEBUG -DUSE_HAL_DRIVER -DSTM32F411xE -c -I../Core/Inc -I../Drivers/STM32F4xx_HAL_Driver/Inc -I../Drivers/STM32F4xx_HAL_Driver/Inc/Legacy -I../Drivers/CMSIS/Device/ST/STM32F4xx/Include -I../Drivers/CMSIS/Include -O0 -ffunction-sections -fdata-sections -Wall -fstack-usage -fcyclomatic-complexity -MMD -MP -MF"Core/Src/Button.d" -MT"Core/Src/Button.o" --specs=nano.specs -mfpu=fpv4-sp-d16 -mfloat-abi=hard -mthumb -o "Core/Src/Button.o"
arm-none-eabi-gcc "../Core/Src/main.c" -mcpu=cortex-m4 -std=gnu11 -g3 -DDEBUG -DUSE_HAL_DRIVER -DSTM32F411xE -c -I../Core/Inc -I../Drivers/STM32F4xx_HAL_Driver/Inc -I../Drivers/STM32F4xx_HAL_Driver/Inc/Legacy -I../Drivers/CMSIS/Device/ST/STM32F4xx/Include -I../Drivers/CMSIS/Include -O0 -ffunction-sections -fdata-sections -Wall -fstack-usage -fcyclomatic-complexity -MMD -MP -MF"Core/Src/main.d" -MT"Core/Src/main.o" --specs=nano.specs -mfpu=fpv4-sp-d16 -mfloat-abi=hard -mthumb -o "Core/Src/main.o"
../Core/Src/main.c: In function 'main':
../Core/Src/main.c:93:3: error: too few arguments to function 'ButtonInit'
   93 |   ButtonInit(&Button1, Button1_GPIO_Port, Button1_Pin, TimerDebounce);
      |   ^~~~~~~~~~
In file included from ../Core/Src/main.c:26:
../Core/Inc/Button.h:42:6: note: declared here
   42 | void ButtonInit(Button_t* Button, GPIO_TypeDef* GpioPort, uint16_t GpioPin, uint32_t TimerDebounce, uint32_t TimerLongPress, uint32_t TimerRepeat);
      |      ^~~~~~~~~~
../Core/Src/Button.c: In function 'ButtonPressedRoutine':
../Core/Src/Button.c:66:48: error: 'TimerDebounceLongPress' undeclared (first use in this function)
   66 |         if(HAL_GetTick() - Button->LastTick >= TimerDebounceLongPress)
      |                                                ^~~~~~~~~~~~~~~~~~~~~~
../Core/Src/Button.c:66:48: note: each undeclared identifier is reported only once for each function it appears in
../Core/Src/Button.c:69:28: error: 'Button_t' has no member named 'ButtonLongPressed'; did you mean 'ButtonPressed'?
   69 |                 if(Button->ButtonLongPressed != NULL)
      |                            ^~~~~~~~~~~~~~~~~
      |                            ButtonPressed
../Core/Src/Button.c:71:33: error: 'Button_t' has no member named 'ButtonLongPressed'; did you mean 'ButtonPressed'?
   71 |                         Button->ButtonLongPressed();
      |                                 ^~~~~~~~~~~~~~~~~
      |                                 ButtonPressed
make: *** [Core/Src/subdir.mk:43: Core/Src/main.o] Error 1
make: *** Waiting for unfinished jobs....
make: *** [Core/Src/subdir.mk:43: Core/Src/Button.o] Error 1
"make -j12 all" terminated with exit code 2. Build might be incomplete.
21:22:56 **** Incremental Build of configuration Debug for project StateMashineButton ****
make -j12 all 
arm-none-eabi-gcc "../Core/Src/Button.c" -mcpu=cortex-m4 -std=gnu11 -g3 -DDEBUG -DUSE_HAL_DRIVER -DSTM32F411xE -c -I../Core/Inc -I../Drivers/STM32F4xx_HAL_Driver/Inc -I../Drivers/STM32F4xx_HAL_Driver/Inc/Legacy -I../Drivers/CMSIS/Device/ST/STM32F4xx/Include -I../Drivers/CMSIS/Include -O0 -ffunction-sections -fdata-sections -Wall -fstack-usage -fcyclomatic-complexity -MMD -MP -MF"Core/Src/Button.d" -MT"Core/Src/Button.o" --specs=nano.specs -mfpu=fpv4-sp-d16 -mfloat-abi=hard -mthumb -o "Core/Src/Button.o"
arm-none-eabi-gcc "../Core/Src/main.c" -mcpu=cortex-m4 -std=gnu11 -g3 -DDEBUG -DUSE_HAL_DRIVER -DSTM32F411xE -c -I../Core/Inc -I../Drivers/STM32F4xx_HAL_Driver/Inc -I../Drivers/STM32F4xx_HAL_Driver/Inc/Legacy -I../Drivers/CMSIS/Device/ST/STM32F4xx/Include -I../Drivers/CMSIS/Include -O0 -ffunction-sections -fdata-sections -Wall -fstack-usage -fcyclomatic-complexity -MMD -MP -MF"Core/Src/main.d" -MT"Core/Src/main.o" --specs=nano.specs -mfpu=fpv4-sp-d16 -mfloat-abi=hard -mthumb -o "Core/Src/main.o"
../Core/Src/Button.c: In function 'ButtonPressedRoutine':
../Core/Src/Button.c:66:48: error: 'TimerDebounceLongPress' undeclared (first use in this function)
   66 |         if(HAL_GetTick() - Button->LastTick >= TimerDebounceLongPress)
      |                                                ^~~~~~~~~~~~~~~~~~~~~~
../Core/Src/Button.c:66:48: note: each undeclared identifier is reported only once for each function it appears in
../Core/Src/Button.c:69:28: error: 'Button_t' has no member named 'ButtonLongPressed'; did you mean 'ButtonPressed'?
   69 |                 if(Button->ButtonLongPressed != NULL)
      |                            ^~~~~~~~~~~~~~~~~
      |                            ButtonPressed
../Core/Src/Button.c:71:33: error: 'Button_t' has no member named 'ButtonLongPressed'; did you mean 'ButtonPressed'?
   71 |                         Button->ButtonLongPressed();
      |                                 ^~~~~~~~~~~~~~~~~
      |                                 ButtonPressed
make: *** [Core/Src/subdir.mk:43: Core/Src/Button.o] Error 1
make: *** Waiting for unfinished jobs....
"make -j12 all" terminated with exit code 2. Build might be incomplete.
21:23:10 **** Incremental Build of configuration Debug for project StateMashineButton ****
make -j12 all 
arm-none-eabi-gcc "../Core/Src/Button.c" -mcpu=cortex-m4 -std=gnu11 -g3 -DDEBUG -DUSE_HAL_DRIVER -DSTM32F411xE -c -I../Core/Inc -I../Drivers/STM32F4xx_HAL_Driver/Inc -I../Drivers/STM32F4xx_HAL_Driver/Inc/Legacy -I../Drivers/CMSIS/Device/ST/STM32F4xx/Include -I../Drivers/CMSIS/Include -O0 -ffunction-sections -fdata-sections -Wall -fstack-usage -fcyclomatic-complexity -MMD -MP -MF"Core/Src/Button.d" -MT"Core/Src/Button.o" --specs=nano.specs -mfpu=fpv4-sp-d16 -mfloat-abi=hard -mthumb -o "Core/Src/Button.o"
../Core/Src/Button.c: In function 'ButtonPressedRoutine':
../Core/Src/Button.c:66:48: error: 'TimerLongPress' undeclared (first use in this function)
   66 |         if(HAL_GetTick() - Button->LastTick >= TimerLongPress)
      |                                                ^~~~~~~~~~~~~~
../Core/Src/Button.c:66:48: note: each undeclared identifier is reported only once for each function it appears in
../Core/Src/Button.c:69:28: error: 'Button_t' has no member named 'ButtonLongPressed'; did you mean 'ButtonPressed'?
   69 |                 if(Button->ButtonLongPressed != NULL)
      |                            ^~~~~~~~~~~~~~~~~
      |                            ButtonPressed
../Core/Src/Button.c:71:33: error: 'Button_t' has no member named 'ButtonLongPressed'; did you mean 'ButtonPressed'?
   71 |                         Button->ButtonLongPressed();
      |                                 ^~~~~~~~~~~~~~~~~
      |                                 ButtonPressed
make: *** [Core/Src/subdir.mk:43: Core/Src/Button.o] Error 1
"make -j12 all" terminated with exit code 2. Build might be incomplete.
21:37:52 **** Incremental Build of configuration Debug for project StateMashineButton ****
make -j12 all 
arm-none-eabi-gcc "../Core/Src/Button.c" -mcpu=cortex-m4 -std=gnu11 -g3 -DDEBUG -DUSE_HAL_DRIVER -DSTM32F411xE -c -I../Core/Inc -I../Drivers/STM32F4xx_HAL_Driver/Inc -I../Drivers/STM32F4xx_HAL_Driver/Inc/Legacy -I../Drivers/CMSIS/Device/ST/STM32F4xx/Include -I../Drivers/CMSIS/Include -O0 -ffunction-sections -fdata-sections -Wall -fstack-usage -fcyclomatic-complexity -MMD -MP -MF"Core/Src/Button.d" -MT"Core/Src/Button.o" --specs=nano.specs -mfpu=fpv4-sp-d16 -mfloat-abi=hard -mthumb -o "Core/Src/Button.o"
arm-none-eabi-gcc "../Core/Src/main.c" -mcpu=cortex-m4 -std=gnu11 -g3 -DDEBUG -DUSE_HAL_DRIVER -DSTM32F411xE -c -I../Core/Inc -I../Drivers/STM32F4xx_HAL_Driver/Inc -I../Drivers/STM32F4xx_HAL_Driver/Inc/Legacy -I../Drivers/CMSIS/Device/ST/STM32F4xx/Include -I../Drivers/CMSIS/Include -O0 -ffunction-sections -fdata-sections -Wall -fstack-usage -fcyclomatic-complexity -MMD -MP -MF"Core/Src/main.d" -MT"Core/Src/main.o" --specs=nano.specs -mfpu=fpv4-sp-d16 -mfloat-abi=hard -mthumb -o "Core/Src/main.o"
../Core/Src/Button.c: In function 'ButtonRegisterRepeatCallback':
../Core/Src/Button.c:37:17: error: 'Button_t' has no member named 'ButtonRepeat'; did you mean 'ButtonRepeatd'?
   37 |         Button->ButtonRepeat = Callback;
      |                 ^~~~~~~~~~~~
      |                 ButtonRepeatd
../Core/Src/Button.c: In function 'ButtonPressedRoutine':
../Core/Src/Button.c:73:48: error: 'TimerLongPress' undeclared (first use in this function)
   73 |         if(HAL_GetTick() - Button->LastTick >= TimerLongPress)
      |                                                ^~~~~~~~~~~~~~
../Core/Src/Button.c:73:48: note: each undeclared identifier is reported only once for each function it appears in
make: *** [Core/Src/subdir.mk:43: Core/Src/Button.o] Error 1
make: *** Waiting for unfinished jobs....
"make -j12 all" terminated with exit code 2. Build might be incomplete.
21:38:05 **** Incremental Build of configuration Debug for project StateMashineButton ****
make -j12 all 
arm-none-eabi-gcc "../Core/Src/Button.c" -mcpu=cortex-m4 -std=gnu11 -g3 -DDEBUG -DUSE_HAL_DRIVER -DSTM32F411xE -c -I../Core/Inc -I../Drivers/STM32F4xx_HAL_Driver/Inc -I../Drivers/STM32F4xx_HAL_Driver/Inc/Legacy -I../Drivers/CMSIS/Device/ST/STM32F4xx/Include -I../Drivers/CMSIS/Include -O0 -ffunction-sections -fdata-sections -Wall -fstack-usage -fcyclomatic-complexity -MMD -MP -MF"Core/Src/Button.d" -MT"Core/Src/Button.o" --specs=nano.specs -mfpu=fpv4-sp-d16 -mfloat-abi=hard -mthumb -o "Core/Src/Button.o"
arm-none-eabi-gcc "../Core/Src/main.c" -mcpu=cortex-m4 -std=gnu11 -g3 -DDEBUG -DUSE_HAL_DRIVER -DSTM32F411xE -c -I../Core/Inc -I../Drivers/STM32F4xx_HAL_Driver/Inc -I../Drivers/STM32F4xx_HAL_Driver/Inc/Legacy -I../Drivers/CMSIS/Device/ST/STM32F4xx/Include -I../Drivers/CMSIS/Include -O0 -ffunction-sections -fdata-sections -Wall -fstack-usage -fcyclomatic-complexity -MMD -MP -MF"Core/Src/main.d" -MT"Core/Src/main.o" --specs=nano.specs -mfpu=fpv4-sp-d16 -mfloat-abi=hard -mthumb -o "Core/Src/main.o"
../Core/Src/Button.c: In function 'ButtonPressedRoutine':
../Core/Src/Button.c:73:48: error: 'TimerLongPress' undeclared (first use in this function)
   73 |         if(HAL_GetTick() - Button->LastTick >= TimerLongPress)
      |                                                ^~~~~~~~~~~~~~
../Core/Src/Button.c:73:48: note: each undeclared identifier is reported only once for each function it appears in
make: *** [Core/Src/subdir.mk:43: Core/Src/Button.o] Error 1
make: *** Waiting for unfinished jobs....
"make -j12 all" terminated with exit code 2. Build might be incomplete.
21:40:01 **** Incremental Build of configuration Debug for project StateMashineButton ****
make -j12 all 
arm-none-eabi-gcc "../Core/Src/Button.c" -mcpu=cortex-m4 -std=gnu11 -g3 -DDEBUG -DUSE_HAL_DRIVER -DSTM32F411xE -c -I../Core/Inc -I../Drivers/STM32F4xx_HAL_Driver/Inc -I../Drivers/STM32F4xx_HAL_Driver/Inc/Legacy -I../Drivers/CMSIS/Device/ST/STM32F4xx/Include -I../Drivers/CMSIS/Include -O0 -ffunction-sections -fdata-sections -Wall -fstack-usage -fcyclomatic-complexity -MMD -MP -MF"Core/Src/Button.d" -MT"Core/Src/Button.o" --specs=nano.specs -mfpu=fpv4-sp-d16 -mfloat-abi=hard -mthumb -o "Core/Src/Button.o"
arm-none-eabi-gcc "../Core/Src/main.c" -mcpu=cortex-m4 -std=gnu11 -g3 -DDEBUG -DUSE_HAL_DRIVER -DSTM32F411xE -c -I../Core/Inc -I../Drivers/STM32F4xx_HAL_Driver/Inc -I../Drivers/STM32F4xx_HAL_Driver/Inc/Legacy -I../Drivers/CMSIS/Device/ST/STM32F4xx/Include -I../Drivers/CMSIS/Include -O0 -ffunction-sections -fdata-sections -Wall -fstack-usage -fcyclomatic-complexity -MMD -MP -MF"Core/Src/main.d" -MT"Core/Src/main.o" --specs=nano.specs -mfpu=fpv4-sp-d16 -mfloat-abi=hard -mthumb -o "Core/Src/main.o"
../Core/Src/Button.c: In function 'ButtonPressedRoutine':
../Core/Src/Button.c:73:48: error: 'TimerLongPress' undeclared (first use in this function)
   73 |         if(HAL_GetTick() - Button->LastTick >= TimerLongPress)
      |                                                ^~~~~~~~~~~~~~
../Core/Src/Button.c:73:48: note: each undeclared identifier is reported only once for each function it appears in
make: *** [Core/Src/subdir.mk:43: Core/Src/Button.o] Error 1
make: *** Waiting for unfinished jobs....
"make -j12 all" terminated with exit code 2. Build might be incomplete.
21:53:19 **** Incremental Build of configuration Debug for project StateMashineButton ****
make -j12 all 
arm-none-eabi-gcc "../Core/Src/Button.c" -mcpu=cortex-m4 -std=gnu11 -g3 -DDEBUG -DUSE_HAL_DRIVER -DSTM32F411xE -c -I../Core/Inc -I../Drivers/STM32F4xx_HAL_Driver/Inc -I../Drivers/STM32F4xx_HAL_Driver/Inc/Legacy -I../Drivers/CMSIS/Device/ST/STM32F4xx/Include -I../Drivers/CMSIS/Include -O0 -ffunction-sections -fdata-sections -Wall -fstack-usage -fcyclomatic-complexity -MMD -MP -MF"Core/Src/Button.d" -MT"Core/Src/Button.o" --specs=nano.specs -mfpu=fpv4-sp-d16 -mfloat-abi=hard -mthumb -o "Core/Src/Button.o"
arm-none-eabi-gcc "../Core/Src/main.c" -mcpu=cortex-m4 -std=gnu11 -g3 -DDEBUG -DUSE_HAL_DRIVER -DSTM32F411xE -c -I../Core/Inc -I../Drivers/STM32F4xx_HAL_Driver/Inc -I../Drivers/STM32F4xx_HAL_Driver/Inc/Legacy -I../Drivers/CMSIS/Device/ST/STM32F4xx/Include -I../Drivers/CMSIS/Include -O0 -ffunction-sections -fdata-sections -Wall -fstack-usage -fcyclomatic-complexity -MMD -MP -MF"Core/Src/main.d" -MT"Core/Src/main.o" --specs=nano.specs -mfpu=fpv4-sp-d16 -mfloat-abi=hard -mthumb -o "Core/Src/main.o"
../Core/Src/Button.c: In function 'ButtonTask':
../Core/Src/Button.c:118:9: warning: enumeration value 'REPEAT' not handled in switch [-Wswitch]
  118 |         switch (Button->State)
      |         ^~~~~~
arm-none-eabi-gcc -o "StateMashineButton.elf" @"objects.list"   -mcpu=cortex-m4 -T"D:\STM32Project\Pomodoro\StateMashineButton\STM32F411RETX_FLASH.ld" --specs=nosys.specs -Wl,-Map="StateMashineButton.map" -Wl,--gc-sections -static --specs=nano.specs -mfpu=fpv4-sp-d16 -mfloat-abi=hard -mthumb -Wl,--start-group -lc -lm -Wl,--end-group
Finished building target: StateMashineButton.elf
 
arm-none-eabi-size  StateMashineButton.elf 
arm-none-eabi-objdump -h -S StateMashineButton.elf  > "StateMashineButton.list"
   text	   data	    bss	    dec	    hex	filename
   8448	     24	   1680	  10152	   27a8	StateMashineButton.elf
Finished building: default.size.stdout
 
Finished building: StateMashineButton.list
 
22:13:49 **** Incremental Build of configuration Debug for project StateMashineButton ****
make -j12 all 
arm-none-eabi-gcc "../Core/Src/Button.c" -mcpu=cortex-m4 -std=gnu11 -g3 -DDEBUG -DUSE_HAL_DRIVER -DSTM32F411xE -c -I../Core/Inc -I../Drivers/STM32F4xx_HAL_Driver/Inc -I../Drivers/STM32F4xx_HAL_Driver/Inc/Legacy -I../Drivers/CMSIS/Device/ST/STM32F4xx/Include -I../Drivers/CMSIS/Include -O0 -ffunction-sections -fdata-sections -Wall -fstack-usage -fcyclomatic-complexity -MMD -MP -MF"Core/Src/Button.d" -MT"Core/Src/Button.o" --specs=nano.specs -mfpu=fpv4-sp-d16 -mfloat-abi=hard -mthumb -o "Core/Src/Button.o"
../Core/Src/Button.c: In function 'ButtonLongPressedRoutine':
../Core/Src/Button.c:115:9: error: 'else' without a previous 'if'
  115 |         else
      |         ^~~~
../Core/Src/Button.c: In function 'ButtonRepeatRoutine':
../Core/Src/Button.c:119:52: error: invalid type argument of '->' (have 'Button_t')
  119 |         if (GPIO_PIN_SET == HAL_GPIO_ReadPin(Button->GpioPort, Button->GpioPin))
      |                                                    ^~
../Core/Src/Button.c:119:70: error: invalid type argument of '->' (have 'Button_t')
  119 |         if (GPIO_PIN_SET == HAL_GPIO_ReadPin(Button->GpioPort, Button->GpioPin))
      |                                                                      ^~
../Core/Src/Button.c:121:23: error: invalid type argument of '->' (have 'Button_t')
  121 |                 Button->State = IDLE;
      |                       ^~
../Core/Src/Button.c:125:42: error: invalid type argument of '->' (have 'Button_t')
  125 |                 if(HAL_GetTick() - Button->LastTick >= Button->TimerRepeat)
      |                                          ^~
../Core/Src/Button.c:125:62: error: invalid type argument of '->' (have 'Button_t')
  125 |                 if(HAL_GetTick() - Button->LastTick >= Button->TimerRepeat)
      |                                                              ^~
../Core/Src/Button.c:127:31: error: invalid type argument of '->' (have 'Button_t')
  127 |                         Button->LastTick = HAL_GetTick();
      |                               ^~
../Core/Src/Button.c:128:34: error: invalid type argument of '->' (have 'Button_t')
  128 |                         if(Button->ButtonRepeat != NULL)
      |                                  ^~
../Core/Src/Button.c:130:39: error: invalid type argument of '->' (have 'Button_t')
  130 |                                 Button->ButtonRepeat();
      |                                       ^~
../Core/Src/Button.c: In function 'ButtonTask':
../Core/Src/Button.c:159:37: error: incompatible type for argument 1 of 'ButtonRepeatRoutine'
  159 |                 ButtonRepeatRoutine(Button);
      |                                     ^~~~~~
      |                                     |
      |                                     Button_t *
../Core/Src/Button.c:117:35: note: expected 'Button_t' but argument is of type 'Button_t *'
  117 | void ButtonRepeatRoutine(Button_t Button)
      |                          ~~~~~~~~~^~~~~~
make: *** [Core/Src/subdir.mk:43: Core/Src/Button.o] Error 1
"make -j12 all" terminated with exit code 2. Build might be incomplete.
22:13:59 **** Incremental Build of configuration Debug for project StateMashineButton ****
make -j12 all 
arm-none-eabi-gcc "../Core/Src/Button.c" -mcpu=cortex-m4 -std=gnu11 -g3 -DDEBUG -DUSE_HAL_DRIVER -DSTM32F411xE -c -I../Core/Inc -I../Drivers/STM32F4xx_HAL_Driver/Inc -I../Drivers/STM32F4xx_HAL_Driver/Inc/Legacy -I../Drivers/CMSIS/Device/ST/STM32F4xx/Include -I../Drivers/CMSIS/Include -O0 -ffunction-sections -fdata-sections -Wall -fstack-usage -fcyclomatic-complexity -MMD -MP -MF"Core/Src/Button.d" -MT"Core/Src/Button.o" --specs=nano.specs -mfpu=fpv4-sp-d16 -mfloat-abi=hard -mthumb -o "Core/Src/Button.o"
../Core/Src/Button.c: In function 'ButtonRepeatRoutine':
../Core/Src/Button.c:118:52: error: invalid type argument of '->' (have 'Button_t')
  118 |         if (GPIO_PIN_SET == HAL_GPIO_ReadPin(Button->GpioPort, Button->GpioPin))
      |                                                    ^~
../Core/Src/Button.c:118:70: error: invalid type argument of '->' (have 'Button_t')
  118 |         if (GPIO_PIN_SET == HAL_GPIO_ReadPin(Button->GpioPort, Button->GpioPin))
      |                                                                      ^~
../Core/Src/Button.c:120:23: error: invalid type argument of '->' (have 'Button_t')
  120 |                 Button->State = IDLE;
      |                       ^~
../Core/Src/Button.c:124:42: error: invalid type argument of '->' (have 'Button_t')
  124 |                 if(HAL_GetTick() - Button->LastTick >= Button->TimerRepeat)
      |                                          ^~
../Core/Src/Button.c:124:62: error: invalid type argument of '->' (have 'Button_t')
  124 |                 if(HAL_GetTick() - Button->LastTick >= Button->TimerRepeat)
      |                                                              ^~
../Core/Src/Button.c:126:31: error: invalid type argument of '->' (have 'Button_t')
  126 |                         Button->LastTick = HAL_GetTick();
      |                               ^~
../Core/Src/Button.c:127:34: error: invalid type argument of '->' (have 'Button_t')
  127 |                         if(Button->ButtonRepeat != NULL)
      |                                  ^~
../Core/Src/Button.c:129:39: error: invalid type argument of '->' (have 'Button_t')
  129 |                                 Button->ButtonRepeat();
      |                                       ^~
../Core/Src/Button.c: In function 'ButtonTask':
../Core/Src/Button.c:158:37: error: incompatible type for argument 1 of 'ButtonRepeatRoutine'
  158 |                 ButtonRepeatRoutine(Button);
      |                                     ^~~~~~
      |                                     |
      |                                     Button_t *
../Core/Src/Button.c:116:35: note: expected 'Button_t' but argument is of type 'Button_t *'
  116 | void ButtonRepeatRoutine(Button_t Button)
      |                          ~~~~~~~~~^~~~~~
make: *** [Core/Src/subdir.mk:43: Core/Src/Button.o] Error 1
"make -j12 all" terminated with exit code 2. Build might be incomplete.
22:14:22 **** Incremental Build of configuration Debug for project StateMashineButton ****
make -j12 all 
arm-none-eabi-gcc "../Core/Src/Button.c" -mcpu=cortex-m4 -std=gnu11 -g3 -DDEBUG -DUSE_HAL_DRIVER -DSTM32F411xE -c -I../Core/Inc -I../Drivers/STM32F4xx_HAL_Driver/Inc -I../Drivers/STM32F4xx_HAL_Driver/Inc/Legacy -I../Drivers/CMSIS/Device/ST/STM32F4xx/Include -I../Drivers/CMSIS/Include -O0 -ffunction-sections -fdata-sections -Wall -fstack-usage -fcyclomatic-complexity -MMD -MP -MF"Core/Src/Button.d" -MT"Core/Src/Button.o" --specs=nano.specs -mfpu=fpv4-sp-d16 -mfloat-abi=hard -mthumb -o "Core/Src/Button.o"
arm-none-eabi-gcc -o "StateMashineButton.elf" @"objects.list"   -mcpu=cortex-m4 -T"D:\STM32Project\Pomodoro\StateMashineButton\STM32F411RETX_FLASH.ld" --specs=nosys.specs -Wl,-Map="StateMashineButton.map" -Wl,--gc-sections -static --specs=nano.specs -mfpu=fpv4-sp-d16 -mfloat-abi=hard -mthumb -Wl,--start-group -lc -lm -Wl,--end-group
Finished building target: StateMashineButton.elf
 
arm-none-eabi-size  StateMashineButton.elf 
arm-none-eabi-objdump -h -S StateMashineButton.elf  > "StateMashineButton.list"
   text	   data	    bss	    dec	    hex	filename
   8548	     24	   1680	  10252	   280c	StateMashineButton.elf
Finished building: default.size.stdout
 
Finished building: StateMashineButton.list
 
22:20:25 **** Incremental Build of configuration Debug for project StateMashineButton ****
make -j12 all 
arm-none-eabi-gcc "../Core/Src/main.c" -mcpu=cortex-m4 -std=gnu11 -g3 -DDEBUG -DUSE_HAL_DRIVER -DSTM32F411xE -c -I../Core/Inc -I../Drivers/STM32F4xx_HAL_Driver/Inc -I../Drivers/STM32F4xx_HAL_Driver/Inc/Legacy -I../Drivers/CMSIS/Device/ST/STM32F4xx/Include -I../Drivers/CMSIS/Include -O0 -ffunction-sections -fdata-sections -Wall -fstack-usage -fcyclomatic-complexity -MMD -MP -MF"Core/Src/main.d" -MT"Core/Src/main.o" --specs=nano.specs -mfpu=fpv4-sp-d16 -mfloat-abi=hard -mthumb -o "Core/Src/main.o"
../Core/Src/main.c:173:6: error: redefinition of 'TurnOnLed'
  173 | void TurnOnLed()
      |      ^~~~~~~~~
../Core/Src/main.c:169:6: note: previous definition of 'TurnOnLed' with type 'void()'
  169 | void TurnOnLed()
      |      ^~~~~~~~~
make: *** [Core/Src/subdir.mk:43: Core/Src/main.o] Error 1
"make -j12 all" terminated with exit code 2. Build might be incomplete.
22:20:39 **** Incremental Build of configuration Debug for project StateMashineButton ****
make -j12 all 
arm-none-eabi-gcc "../Core/Src/main.c" -mcpu=cortex-m4 -std=gnu11 -g3 -DDEBUG -DUSE_HAL_DRIVER -DSTM32F411xE -c -I../Core/Inc -I../Drivers/STM32F4xx_HAL_Driver/Inc -I../Drivers/STM32F4xx_HAL_Driver/Inc/Legacy -I../Drivers/CMSIS/Device/ST/STM32F4xx/Include -I../Drivers/CMSIS/Include -O0 -ffunction-sections -fdata-sections -Wall -fstack-usage -fcyclomatic-complexity -MMD -MP -MF"Core/Src/main.d" -MT"Core/Src/main.o" --specs=nano.specs -mfpu=fpv4-sp-d16 -mfloat-abi=hard -mthumb -o "Core/Src/main.o"
arm-none-eabi-gcc -o "StateMashineButton.elf" @"objects.list"   -mcpu=cortex-m4 -T"D:\STM32Project\Pomodoro\StateMashineButton\STM32F411RETX_FLASH.ld" --specs=nosys.specs -Wl,-Map="StateMashineButton.map" -Wl,--gc-sections -static --specs=nano.specs -mfpu=fpv4-sp-d16 -mfloat-abi=hard -mthumb -Wl,--start-group -lc -lm -Wl,--end-group
Finished building target: StateMashineButton.elf
 
arm-none-eabi-size  StateMashineButton.elf 
arm-none-eabi-objdump -h -S StateMashineButton.elf  > "StateMashineButton.list"
   text	   data	    bss	    dec	    hex	filename
   8684	     24	   1680	  10388	   2894	StateMashineButton.elf
Finished building: default.size.stdout
 
Finished building: StateMashineButton.list
 
22:21:10 **** Incremental Build of configuration Debug for project StateMashineButton ****
make -j12 all 
arm-none-eabi-size  StateMashineButton.elf 
   text	   data	    bss	    dec	    hex	filename
   8684	     24	   1680	  10388	   2894	StateMashineButton.elf
Finished building: default.size.stdout
 
22:27:03 **** Incremental Build of configuration Debug for project StateMashineButton ****
make -j12 all 
arm-none-eabi-gcc "../Core/Src/main.c" -mcpu=cortex-m4 -std=gnu11 -g3 -DDEBUG -DUSE_HAL_DRIVER -DSTM32F411xE -c -I../Core/Inc -I../Drivers/STM32F4xx_HAL_Driver/Inc -I../Drivers/STM32F4xx_HAL_Driver/Inc/Legacy -I../Drivers/CMSIS/Device/ST/STM32F4xx/Include -I../Drivers/CMSIS/Include -O0 -ffunction-sections -fdata-sections -Wall -fstack-usage -fcyclomatic-complexity -MMD -MP -MF"Core/Src/main.d" -MT"Core/Src/main.o" --specs=nano.specs -mfpu=fpv4-sp-d16 -mfloat-abi=hard -mthumb -o "Core/Src/main.o"
../Core/Src/main.c: In function 'TurnOnLed':
../Core/Src/main.c:171:9: error: too few arguments to function 'HAL_GPIO_WritePin'
  171 |         HAL_GPIO_WritePin(LD2_GPIO_Port, LD2_Pin);
      |         ^~~~~~~~~~~~~~~~~
In file included from ../Core/Inc/stm32f4xx_hal_conf.h:279,
                 from ../Drivers/STM32F4xx_HAL_Driver/Inc/stm32f4xx_hal.h:29,
                 from ../Core/Inc/main.h:30,
                 from ../Core/Src/main.c:20:
../Drivers/STM32F4xx_HAL_Driver/Inc/stm32f4xx_hal_gpio.h:235:6: note: declared here
  235 | void HAL_GPIO_WritePin(GPIO_TypeDef* GPIOx, uint16_t GPIO_Pin, GPIO_PinState PinState);
      |      ^~~~~~~~~~~~~~~~~
../Core/Src/main.c: In function 'TurnOffLed':
../Core/Src/main.c:175:9: error: too few arguments to function 'HAL_GPIO_WritePin'
  175 |         HAL_GPIO_WritePin(LD2_GPIO_Port, LD2_Pin);
      |         ^~~~~~~~~~~~~~~~~
../Drivers/STM32F4xx_HAL_Driver/Inc/stm32f4xx_hal_gpio.h:235:6: note: declared here
  235 | void HAL_GPIO_WritePin(GPIO_TypeDef* GPIOx, uint16_t GPIO_Pin, GPIO_PinState PinState);
      |      ^~~~~~~~~~~~~~~~~
make: *** [Core/Src/subdir.mk:43: Core/Src/main.o] Error 1
"make -j12 all" terminated with exit code 2. Build might be incomplete.
22:27:39 **** Incremental Build of configuration Debug for project StateMashineButton ****
make -j12 all 
arm-none-eabi-gcc "../Core/Src/main.c" -mcpu=cortex-m4 -std=gnu11 -g3 -DDEBUG -DUSE_HAL_DRIVER -DSTM32F411xE -c -I../Core/Inc -I../Drivers/STM32F4xx_HAL_Driver/Inc -I../Drivers/STM32F4xx_HAL_Driver/Inc/Legacy -I../Drivers/CMSIS/Device/ST/STM32F4xx/Include -I../Drivers/CMSIS/Include -O0 -ffunction-sections -fdata-sections -Wall -fstack-usage -fcyclomatic-complexity -MMD -MP -MF"Core/Src/main.d" -MT"Core/Src/main.o" --specs=nano.specs -mfpu=fpv4-sp-d16 -mfloat-abi=hard -mthumb -o "Core/Src/main.o"
arm-none-eabi-gcc -o "StateMashineButton.elf" @"objects.list"   -mcpu=cortex-m4 -T"D:\STM32Project\Pomodoro\StateMashineButton\STM32F411RETX_FLASH.ld" --specs=nosys.specs -Wl,-Map="StateMashineButton.map" -Wl,--gc-sections -static --specs=nano.specs -mfpu=fpv4-sp-d16 -mfloat-abi=hard -mthumb -Wl,--start-group -lc -lm -Wl,--end-group
Finished building target: StateMashineButton.elf
 
arm-none-eabi-size  StateMashineButton.elf 
arm-none-eabi-objdump -h -S StateMashineButton.elf  > "StateMashineButton.list"
   text	   data	    bss	    dec	    hex	filename
   8668	     24	   1680	  10372	   2884	StateMashineButton.elf
Finished building: default.size.stdout
 
Finished building: StateMashineButton.list
 
22:27:45 **** Incremental Build of configuration Debug for project StateMashineButton ****
make -j12 all 
arm-none-eabi-size  StateMashineButton.elf 
   text	   data	    bss	    dec	    hex	filename
   8668	     24	   1680	  10372	   2884	StateMashineButton.elf
Finished building: default.size.stdout
 
22:34:40 **** Incremental Build of configuration Debug for project StateMashineButton ****
make -j12 all 
arm-none-eabi-gcc "../Core/Src/Button.c" -mcpu=cortex-m4 -std=gnu11 -g3 -DDEBUG -DUSE_HAL_DRIVER -DSTM32F411xE -c -I../Core/Inc -I../Drivers/STM32F4xx_HAL_Driver/Inc -I../Drivers/STM32F4xx_HAL_Driver/Inc/Legacy -I../Drivers/CMSIS/Device/ST/STM32F4xx/Include -I../Drivers/CMSIS/Include -O0 -ffunction-sections -fdata-sections -Wall -fstack-usage -fcyclomatic-complexity -MMD -MP -MF"Core/Src/Button.d" -MT"Core/Src/Button.o" --specs=nano.specs -mfpu=fpv4-sp-d16 -mfloat-abi=hard -mthumb -o "Core/Src/Button.o"
arm-none-eabi-gcc "../Core/Src/main.c" -mcpu=cortex-m4 -std=gnu11 -g3 -DDEBUG -DUSE_HAL_DRIVER -DSTM32F411xE -c -I../Core/Inc -I../Drivers/STM32F4xx_HAL_Driver/Inc -I../Drivers/STM32F4xx_HAL_Driver/Inc/Legacy -I../Drivers/CMSIS/Device/ST/STM32F4xx/Include -I../Drivers/CMSIS/Include -O0 -ffunction-sections -fdata-sections -Wall -fstack-usage -fcyclomatic-complexity -MMD -MP -MF"Core/Src/main.d" -MT"Core/Src/main.o" --specs=nano.specs -mfpu=fpv4-sp-d16 -mfloat-abi=hard -mthumb -o "Core/Src/main.o"
../Core/Src/main.c: In function 'main':
../Core/Src/main.c:102:3: error: 'ButtonRegister' undeclared (first use in this function)
  102 |   ButtonRegister
      |   ^~~~~~~~~~~~~~
../Core/Src/main.c:102:3: note: each undeclared identifier is reported only once for each function it appears in
../Core/Src/main.c:102:17: error: expected ';' before 'while'
  102 |   ButtonRegister
      |                 ^
      |                 ;
......
  107 |   while (1)
      |   ~~~~~          
make: *** [Core/Src/subdir.mk:43: Core/Src/main.o] Error 1
make: *** Waiting for unfinished jobs....
"make -j12 all" terminated with exit code 2. Build might be incomplete.
22:34:59 **** Incremental Build of configuration Debug for project StateMashineButton ****
make -j12 all 
arm-none-eabi-gcc "../Core/Src/main.c" -mcpu=cortex-m4 -std=gnu11 -g3 -DDEBUG -DUSE_HAL_DRIVER -DSTM32F411xE -c -I../Core/Inc -I../Drivers/STM32F4xx_HAL_Driver/Inc -I../Drivers/STM32F4xx_HAL_Driver/Inc/Legacy -I../Drivers/CMSIS/Device/ST/STM32F4xx/Include -I../Drivers/CMSIS/Include -O0 -ffunction-sections -fdata-sections -Wall -fstack-usage -fcyclomatic-complexity -MMD -MP -MF"Core/Src/main.d" -MT"Core/Src/main.o" --specs=nano.specs -mfpu=fpv4-sp-d16 -mfloat-abi=hard -mthumb -o "Core/Src/main.o"
arm-none-eabi-gcc -o "StateMashineButton.elf" @"objects.list"   -mcpu=cortex-m4 -T"D:\STM32Project\Pomodoro\StateMashineButton\STM32F411RETX_FLASH.ld" --specs=nosys.specs -Wl,-Map="StateMashineButton.map" -Wl,--gc-sections -static --specs=nano.specs -mfpu=fpv4-sp-d16 -mfloat-abi=hard -mthumb -Wl,--start-group -lc -lm -Wl,--end-group
Finished building target: StateMashineButton.elf
 
arm-none-eabi-size  StateMashineButton.elf 
arm-none-eabi-objdump -h -S StateMashineButton.elf  > "StateMashineButton.list"
   text	   data	    bss	    dec	    hex	filename
   8720	     24	   1688	  10432	   28c0	StateMashineButton.elf
Finished building: default.size.stdout
 
Finished building: StateMashineButton.list
 
22:35:07 **** Incremental Build of configuration Debug for project StateMashineButton ****
make -j12 all 
arm-none-eabi-size  StateMashineButton.elf 
   text	   data	    bss	    dec	    hex	filename
   8720	     24	   1688	  10432	   28c0	StateMashineButton.elf
Finished building: default.size.stdout
 
22:36:42 **** Incremental Build of configuration Debug for project StateMashineButton ****
make -j12 all 
arm-none-eabi-size  StateMashineButton.elf 
   text	   data	    bss	    dec	    hex	filename
   8720	     24	   1688	  10432	   28c0	StateMashineButton.elf
Finished building: default.size.stdout
 
22:37:58 **** Incremental Build of configuration Debug for project StateMashineButton ****
make -j12 all 
arm-none-eabi-gcc "../Core/Src/main.c" -mcpu=cortex-m4 -std=gnu11 -g3 -DDEBUG -DUSE_HAL_DRIVER -DSTM32F411xE -c -I../Core/Inc -I../Drivers/STM32F4xx_HAL_Driver/Inc -I../Drivers/STM32F4xx_HAL_Driver/Inc/Legacy -I../Drivers/CMSIS/Device/ST/STM32F4xx/Include -I../Drivers/CMSIS/Include -O0 -ffunction-sections -fdata-sections -Wall -fstack-usage -fcyclomatic-complexity -MMD -MP -MF"Core/Src/main.d" -MT"Core/Src/main.o" --specs=nano.specs -mfpu=fpv4-sp-d16 -mfloat-abi=hard -mthumb -o "Core/Src/main.o"
arm-none-eabi-gcc -o "StateMashineButton.elf" @"objects.list"   -mcpu=cortex-m4 -T"D:\STM32Project\Pomodoro\StateMashineButton\STM32F411RETX_FLASH.ld" --specs=nosys.specs -Wl,-Map="StateMashineButton.map" -Wl,--gc-sections -static --specs=nano.specs -mfpu=fpv4-sp-d16 -mfloat-abi=hard -mthumb -Wl,--start-group -lc -lm -Wl,--end-group
Finished building target: StateMashineButton.elf
 
arm-none-eabi-size  StateMashineButton.elf 
arm-none-eabi-objdump -h -S StateMashineButton.elf  > "StateMashineButton.list"
   text	   data	    bss	    dec	    hex	filename
   8720	     24	   1688	  10432	   28c0	StateMashineButton.elf
Finished building: default.size.stdout
 
Finished building: StateMashineButton.list
 
22:42:46 **** Incremental Build of configuration Debug for project StateMashineButton ****
make -j12 all 
arm-none-eabi-gcc "../Core/Src/Button.c" -mcpu=cortex-m4 -std=gnu11 -g3 -DDEBUG -DUSE_HAL_DRIVER -DSTM32F411xE -c -I../Core/Inc -I../Drivers/STM32F4xx_HAL_Driver/Inc -I../Drivers/STM32F4xx_HAL_Driver/Inc/Legacy -I../Drivers/CMSIS/Device/ST/STM32F4xx/Include -I../Drivers/CMSIS/Include -O0 -ffunction-sections -fdata-sections -Wall -fstack-usage -fcyclomatic-complexity -MMD -MP -MF"Core/Src/Button.d" -MT"Core/Src/Button.o" --specs=nano.specs -mfpu=fpv4-sp-d16 -mfloat-abi=hard -mthumb -o "Core/Src/Button.o"
arm-none-eabi-gcc -o "StateMashineButton.elf" @"objects.list"   -mcpu=cortex-m4 -T"D:\STM32Project\Pomodoro\StateMashineButton\STM32F411RETX_FLASH.ld" --specs=nosys.specs -Wl,-Map="StateMashineButton.map" -Wl,--gc-sections -static --specs=nano.specs -mfpu=fpv4-sp-d16 -mfloat-abi=hard -mthumb -Wl,--start-group -lc -lm -Wl,--end-group
Finished building target: StateMashineButton.elf
 
arm-none-eabi-size  StateMashineButton.elf 
arm-none-eabi-objdump -h -S StateMashineButton.elf  > "StateMashineButton.list"
   text	   data	    bss	    dec	    hex	filename
   8740	     24	   1688	  10452	   28d4	StateMashineButton.elf
Finished building: default.size.stdout
 
Finished building: StateMashineButton.list
 
22:45:47 **** Incremental Build of configuration Debug for project StateMashineButton ****
make -j12 all 
arm-none-eabi-gcc "../Core/Src/Button.c" -mcpu=cortex-m4 -std=gnu11 -g3 -DDEBUG -DUSE_HAL_DRIVER -DSTM32F411xE -c -I../Core/Inc -I../Drivers/STM32F4xx_HAL_Driver/Inc -I../Drivers/STM32F4xx_HAL_Driver/Inc/Legacy -I../Drivers/CMSIS/Device/ST/STM32F4xx/Include -I../Drivers/CMSIS/Include -O0 -ffunction-sections -fdata-sections -Wall -fstack-usage -fcyclomatic-complexity -MMD -MP -MF"Core/Src/Button.d" -MT"Core/Src/Button.o" --specs=nano.specs -mfpu=fpv4-sp-d16 -mfloat-abi=hard -mthumb -o "Core/Src/Button.o"
arm-none-eabi-gcc -o "StateMashineButton.elf" @"objects.list"   -mcpu=cortex-m4 -T"D:\STM32Project\Pomodoro\StateMashineButton\STM32F411RETX_FLASH.ld" --specs=nosys.specs -Wl,-Map="StateMashineButton.map" -Wl,--gc-sections -static --specs=nano.specs -mfpu=fpv4-sp-d16 -mfloat-abi=hard -mthumb -Wl,--start-group -lc -lm -Wl,--end-group
Finished building target: StateMashineButton.elf
 
arm-none-eabi-size  StateMashineButton.elf 
arm-none-eabi-objdump -h -S StateMashineButton.elf  > "StateMashineButton.list"
   text	   data	    bss	    dec	    hex	filename
   8740	     24	   1688	  10452	   28d4	StateMashineButton.elf
Finished building: default.size.stdout
 
Finished building: StateMashineButton.list
 
22:45:59 **** Incremental Build of configuration Debug for project StateMashineButton ****
make -j12 all 
arm-none-eabi-size  StateMashineButton.elf 
   text	   data	    bss	    dec	    hex	filename
   8740	     24	   1688	  10452	   28d4	StateMashineButton.elf
Finished building: default.size.stdout
 
12:53:10 **** Incremental Build of configuration Debug for project StateMashineButton ****
make -j12 all 
arm-none-eabi-gcc "../Drivers/STM32F4xx_HAL_Driver/Src/stm32f4xx_hal.c" -mcpu=cortex-m4 -std=gnu11 -g3 -DDEBUG -DUSE_HAL_DRIVER -DSTM32F411xE -c -I../Core/Inc -I../Drivers/STM32F4xx_HAL_Driver/Inc -I../Drivers/STM32F4xx_HAL_Driver/Inc/Legacy -I../Drivers/CMSIS/Device/ST/STM32F4xx/Include -I../Drivers/CMSIS/Include -O0 -ffunction-sections -fdata-sections -Wall -fstack-usage -fcyclomatic-complexity -MMD -MP -MF"Drivers/STM32F4xx_HAL_Driver/Src/stm32f4xx_hal.d" -MT"Drivers/STM32F4xx_HAL_Driver/Src/stm32f4xx_hal.o" --specs=nano.specs -mfpu=fpv4-sp-d16 -mfloat-abi=hard -mthumb -o "Drivers/STM32F4xx_HAL_Driver/Src/stm32f4xx_hal.o"
arm-none-eabi-gcc "../Drivers/STM32F4xx_HAL_Driver/Src/stm32f4xx_hal_cortex.c" -mcpu=cortex-m4 -std=gnu11 -g3 -DDEBUG -DUSE_HAL_DRIVER -DSTM32F411xE -c -I../Core/Inc -I../Drivers/STM32F4xx_HAL_Driver/Inc -I../Drivers/STM32F4xx_HAL_Driver/Inc/Legacy -I../Drivers/CMSIS/Device/ST/STM32F4xx/Include -I../Drivers/CMSIS/Include -O0 -ffunction-sections -fdata-sections -Wall -fstack-usage -fcyclomatic-complexity -MMD -MP -MF"Drivers/STM32F4xx_HAL_Driver/Src/stm32f4xx_hal_cortex.d" -MT"Drivers/STM32F4xx_HAL_Driver/Src/stm32f4xx_hal_cortex.o" --specs=nano.specs -mfpu=fpv4-sp-d16 -mfloat-abi=hard -mthumb -o "Drivers/STM32F4xx_HAL_Driver/Src/stm32f4xx_hal_cortex.o"
arm-none-eabi-gcc "../Drivers/STM32F4xx_HAL_Driver/Src/stm32f4xx_hal_dma.c" -mcpu=cortex-m4 -std=gnu11 -g3 -DDEBUG -DUSE_HAL_DRIVER -DSTM32F411xE -c -I../Core/Inc -I../Drivers/STM32F4xx_HAL_Driver/Inc -I../Drivers/STM32F4xx_HAL_Driver/Inc/Legacy -I../Drivers/CMSIS/Device/ST/STM32F4xx/Include -I../Drivers/CMSIS/Include -O0 -ffunction-sections -fdata-sections -Wall -fstack-usage -fcyclomatic-complexity -MMD -MP -MF"Drivers/STM32F4xx_HAL_Driver/Src/stm32f4xx_hal_dma.d" -MT"Drivers/STM32F4xx_HAL_Driver/Src/stm32f4xx_hal_dma.o" --specs=nano.specs -mfpu=fpv4-sp-d16 -mfloat-abi=hard -mthumb -o "Drivers/STM32F4xx_HAL_Driver/Src/stm32f4xx_hal_dma.o"
arm-none-eabi-gcc "../Drivers/STM32F4xx_HAL_Driver/Src/stm32f4xx_hal_dma_ex.c" -mcpu=cortex-m4 -std=gnu11 -g3 -DDEBUG -DUSE_HAL_DRIVER -DSTM32F411xE -c -I../Core/Inc -I../Drivers/STM32F4xx_HAL_Driver/Inc -I../Drivers/STM32F4xx_HAL_Driver/Inc/Legacy -I../Drivers/CMSIS/Device/ST/STM32F4xx/Include -I../Drivers/CMSIS/Include -O0 -ffunction-sections -fdata-sections -Wall -fstack-usage -fcyclomatic-complexity -MMD -MP -MF"Drivers/STM32F4xx_HAL_Driver/Src/stm32f4xx_hal_dma_ex.d" -MT"Drivers/STM32F4xx_HAL_Driver/Src/stm32f4xx_hal_dma_ex.o" --specs=nano.specs -mfpu=fpv4-sp-d16 -mfloat-abi=hard -mthumb -o "Drivers/STM32F4xx_HAL_Driver/Src/stm32f4xx_hal_dma_ex.o"
arm-none-eabi-gcc "../Drivers/STM32F4xx_HAL_Driver/Src/stm32f4xx_hal_exti.c" -mcpu=cortex-m4 -std=gnu11 -g3 -DDEBUG -DUSE_HAL_DRIVER -DSTM32F411xE -c -I../Core/Inc -I../Drivers/STM32F4xx_HAL_Driver/Inc -I../Drivers/STM32F4xx_HAL_Driver/Inc/Legacy -I../Drivers/CMSIS/Device/ST/STM32F4xx/Include -I../Drivers/CMSIS/Include -O0 -ffunction-sections -fdata-sections -Wall -fstack-usage -fcyclomatic-complexity -MMD -MP -MF"Drivers/STM32F4xx_HAL_Driver/Src/stm32f4xx_hal_exti.d" -MT"Drivers/STM32F4xx_HAL_Driver/Src/stm32f4xx_hal_exti.o" --specs=nano.specs -mfpu=fpv4-sp-d16 -mfloat-abi=hard -mthumb -o "Drivers/STM32F4xx_HAL_Driver/Src/stm32f4xx_hal_exti.o"
arm-none-eabi-gcc "../Drivers/STM32F4xx_HAL_Driver/Src/stm32f4xx_hal_flash.c" -mcpu=cortex-m4 -std=gnu11 -g3 -DDEBUG -DUSE_HAL_DRIVER -DSTM32F411xE -c -I../Core/Inc -I../Drivers/STM32F4xx_HAL_Driver/Inc -I../Drivers/STM32F4xx_HAL_Driver/Inc/Legacy -I../Drivers/CMSIS/Device/ST/STM32F4xx/Include -I../Drivers/CMSIS/Include -O0 -ffunction-sections -fdata-sections -Wall -fstack-usage -fcyclomatic-complexity -MMD -MP -MF"Drivers/STM32F4xx_HAL_Driver/Src/stm32f4xx_hal_flash.d" -MT"Drivers/STM32F4xx_HAL_Driver/Src/stm32f4xx_hal_flash.o" --specs=nano.specs -mfpu=fpv4-sp-d16 -mfloat-abi=hard -mthumb -o "Drivers/STM32F4xx_HAL_Driver/Src/stm32f4xx_hal_flash.o"
arm-none-eabi-gcc "../Drivers/STM32F4xx_HAL_Driver/Src/stm32f4xx_hal_flash_ex.c" -mcpu=cortex-m4 -std=gnu11 -g3 -DDEBUG -DUSE_HAL_DRIVER -DSTM32F411xE -c -I../Core/Inc -I../Drivers/STM32F4xx_HAL_Driver/Inc -I../Drivers/STM32F4xx_HAL_Driver/Inc/Legacy -I../Drivers/CMSIS/Device/ST/STM32F4xx/Include -I../Drivers/CMSIS/Include -O0 -ffunction-sections -fdata-sections -Wall -fstack-usage -fcyclomatic-complexity -MMD -MP -MF"Drivers/STM32F4xx_HAL_Driver/Src/stm32f4xx_hal_flash_ex.d" -MT"Drivers/STM32F4xx_HAL_Driver/Src/stm32f4xx_hal_flash_ex.o" --specs=nano.specs -mfpu=fpv4-sp-d16 -mfloat-abi=hard -mthumb -o "Drivers/STM32F4xx_HAL_Driver/Src/stm32f4xx_hal_flash_ex.o"
arm-none-eabi-gcc "../Drivers/STM32F4xx_HAL_Driver/Src/stm32f4xx_hal_flash_ramfunc.c" -mcpu=cortex-m4 -std=gnu11 -g3 -DDEBUG -DUSE_HAL_DRIVER -DSTM32F411xE -c -I../Core/Inc -I../Drivers/STM32F4xx_HAL_Driver/Inc -I../Drivers/STM32F4xx_HAL_Driver/Inc/Legacy -I../Drivers/CMSIS/Device/ST/STM32F4xx/Include -I../Drivers/CMSIS/Include -O0 -ffunction-sections -fdata-sections -Wall -fstack-usage -fcyclomatic-complexity -MMD -MP -MF"Drivers/STM32F4xx_HAL_Driver/Src/stm32f4xx_hal_flash_ramfunc.d" -MT"Drivers/STM32F4xx_HAL_Driver/Src/stm32f4xx_hal_flash_ramfunc.o" --specs=nano.specs -mfpu=fpv4-sp-d16 -mfloat-abi=hard -mthumb -o "Drivers/STM32F4xx_HAL_Driver/Src/stm32f4xx_hal_flash_ramfunc.o"
arm-none-eabi-gcc "../Drivers/STM32F4xx_HAL_Driver/Src/stm32f4xx_hal_gpio.c" -mcpu=cortex-m4 -std=gnu11 -g3 -DDEBUG -DUSE_HAL_DRIVER -DSTM32F411xE -c -I../Core/Inc -I../Drivers/STM32F4xx_HAL_Driver/Inc -I../Drivers/STM32F4xx_HAL_Driver/Inc/Legacy -I../Drivers/CMSIS/Device/ST/STM32F4xx/Include -I../Drivers/CMSIS/Include -O0 -ffunction-sections -fdata-sections -Wall -fstack-usage -fcyclomatic-complexity -MMD -MP -MF"Drivers/STM32F4xx_HAL_Driver/Src/stm32f4xx_hal_gpio.d" -MT"Drivers/STM32F4xx_HAL_Driver/Src/stm32f4xx_hal_gpio.o" --specs=nano.specs -mfpu=fpv4-sp-d16 -mfloat-abi=hard -mthumb -o "Drivers/STM32F4xx_HAL_Driver/Src/stm32f4xx_hal_gpio.o"
arm-none-eabi-gcc "../Drivers/STM32F4xx_HAL_Driver/Src/stm32f4xx_hal_i2c.c" -mcpu=cortex-m4 -std=gnu11 -g3 -DDEBUG -DUSE_HAL_DRIVER -DSTM32F411xE -c -I../Core/Inc -I../Drivers/STM32F4xx_HAL_Driver/Inc -I../Drivers/STM32F4xx_HAL_Driver/Inc/Legacy -I../Drivers/CMSIS/Device/ST/STM32F4xx/Include -I../Drivers/CMSIS/Include -O0 -ffunction-sections -fdata-sections -Wall -fstack-usage -fcyclomatic-complexity -MMD -MP -MF"Drivers/STM32F4xx_HAL_Driver/Src/stm32f4xx_hal_i2c.d" -MT"Drivers/STM32F4xx_HAL_Driver/Src/stm32f4xx_hal_i2c.o" --specs=nano.specs -mfpu=fpv4-sp-d16 -mfloat-abi=hard -mthumb -o "Drivers/STM32F4xx_HAL_Driver/Src/stm32f4xx_hal_i2c.o"
arm-none-eabi-gcc "../Drivers/STM32F4xx_HAL_Driver/Src/stm32f4xx_hal_i2c_ex.c" -mcpu=cortex-m4 -std=gnu11 -g3 -DDEBUG -DUSE_HAL_DRIVER -DSTM32F411xE -c -I../Core/Inc -I../Drivers/STM32F4xx_HAL_Driver/Inc -I../Drivers/STM32F4xx_HAL_Driver/Inc/Legacy -I../Drivers/CMSIS/Device/ST/STM32F4xx/Include -I../Drivers/CMSIS/Include -O0 -ffunction-sections -fdata-sections -Wall -fstack-usage -fcyclomatic-complexity -MMD -MP -MF"Drivers/STM32F4xx_HAL_Driver/Src/stm32f4xx_hal_i2c_ex.d" -MT"Drivers/STM32F4xx_HAL_Driver/Src/stm32f4xx_hal_i2c_ex.o" --specs=nano.specs -mfpu=fpv4-sp-d16 -mfloat-abi=hard -mthumb -o "Drivers/STM32F4xx_HAL_Driver/Src/stm32f4xx_hal_i2c_ex.o"
arm-none-eabi-gcc "../Drivers/STM32F4xx_HAL_Driver/Src/stm32f4xx_hal_pwr.c" -mcpu=cortex-m4 -std=gnu11 -g3 -DDEBUG -DUSE_HAL_DRIVER -DSTM32F411xE -c -I../Core/Inc -I../Drivers/STM32F4xx_HAL_Driver/Inc -I../Drivers/STM32F4xx_HAL_Driver/Inc/Legacy -I../Drivers/CMSIS/Device/ST/STM32F4xx/Include -I../Drivers/CMSIS/Include -O0 -ffunction-sections -fdata-sections -Wall -fstack-usage -fcyclomatic-complexity -MMD -MP -MF"Drivers/STM32F4xx_HAL_Driver/Src/stm32f4xx_hal_pwr.d" -MT"Drivers/STM32F4xx_HAL_Driver/Src/stm32f4xx_hal_pwr.o" --specs=nano.specs -mfpu=fpv4-sp-d16 -mfloat-abi=hard -mthumb -o "Drivers/STM32F4xx_HAL_Driver/Src/stm32f4xx_hal_pwr.o"
arm-none-eabi-gcc "../Drivers/STM32F4xx_HAL_Driver/Src/stm32f4xx_hal_pwr_ex.c" -mcpu=cortex-m4 -std=gnu11 -g3 -DDEBUG -DUSE_HAL_DRIVER -DSTM32F411xE -c -I../Core/Inc -I../Drivers/STM32F4xx_HAL_Driver/Inc -I../Drivers/STM32F4xx_HAL_Driver/Inc/Legacy -I../Drivers/CMSIS/Device/ST/STM32F4xx/Include -I../Drivers/CMSIS/Include -O0 -ffunction-sections -fdata-sections -Wall -fstack-usage -fcyclomatic-complexity -MMD -MP -MF"Drivers/STM32F4xx_HAL_Driver/Src/stm32f4xx_hal_pwr_ex.d" -MT"Drivers/STM32F4xx_HAL_Driver/Src/stm32f4xx_hal_pwr_ex.o" --specs=nano.specs -mfpu=fpv4-sp-d16 -mfloat-abi=hard -mthumb -o "Drivers/STM32F4xx_HAL_Driver/Src/stm32f4xx_hal_pwr_ex.o"
arm-none-eabi-gcc "../Drivers/STM32F4xx_HAL_Driver/Src/stm32f4xx_hal_rcc.c" -mcpu=cortex-m4 -std=gnu11 -g3 -DDEBUG -DUSE_HAL_DRIVER -DSTM32F411xE -c -I../Core/Inc -I../Drivers/STM32F4xx_HAL_Driver/Inc -I../Drivers/STM32F4xx_HAL_Driver/Inc/Legacy -I../Drivers/CMSIS/Device/ST/STM32F4xx/Include -I../Drivers/CMSIS/Include -O0 -ffunction-sections -fdata-sections -Wall -fstack-usage -fcyclomatic-complexity -MMD -MP -MF"Drivers/STM32F4xx_HAL_Driver/Src/stm32f4xx_hal_rcc.d" -MT"Drivers/STM32F4xx_HAL_Driver/Src/stm32f4xx_hal_rcc.o" --specs=nano.specs -mfpu=fpv4-sp-d16 -mfloat-abi=hard -mthumb -o "Drivers/STM32F4xx_HAL_Driver/Src/stm32f4xx_hal_rcc.o"
arm-none-eabi-gcc "../Drivers/STM32F4xx_HAL_Driver/Src/stm32f4xx_hal_rcc_ex.c" -mcpu=cortex-m4 -std=gnu11 -g3 -DDEBUG -DUSE_HAL_DRIVER -DSTM32F411xE -c -I../Core/Inc -I../Drivers/STM32F4xx_HAL_Driver/Inc -I../Drivers/STM32F4xx_HAL_Driver/Inc/Legacy -I../Drivers/CMSIS/Device/ST/STM32F4xx/Include -I../Drivers/CMSIS/Include -O0 -ffunction-sections -fdata-sections -Wall -fstack-usage -fcyclomatic-complexity -MMD -MP -MF"Drivers/STM32F4xx_HAL_Driver/Src/stm32f4xx_hal_rcc_ex.d" -MT"Drivers/STM32F4xx_HAL_Driver/Src/stm32f4xx_hal_rcc_ex.o" --specs=nano.specs -mfpu=fpv4-sp-d16 -mfloat-abi=hard -mthumb -o "Drivers/STM32F4xx_HAL_Driver/Src/stm32f4xx_hal_rcc_ex.o"
arm-none-eabi-gcc "../Drivers/STM32F4xx_HAL_Driver/Src/stm32f4xx_hal_uart.c" -mcpu=cortex-m4 -std=gnu11 -g3 -DDEBUG -DUSE_HAL_DRIVER -DSTM32F411xE -c -I../Core/Inc -I../Drivers/STM32F4xx_HAL_Driver/Inc -I../Drivers/STM32F4xx_HAL_Driver/Inc/Legacy -I../Drivers/CMSIS/Device/ST/STM32F4xx/Include -I../Drivers/CMSIS/Include -O0 -ffunction-sections -fdata-sections -Wall -fstack-usage -fcyclomatic-complexity -MMD -MP -MF"Drivers/STM32F4xx_HAL_Driver/Src/stm32f4xx_hal_uart.d" -MT"Drivers/STM32F4xx_HAL_Driver/Src/stm32f4xx_hal_uart.o" --specs=nano.specs -mfpu=fpv4-sp-d16 -mfloat-abi=hard -mthumb -o "Drivers/STM32F4xx_HAL_Driver/Src/stm32f4xx_hal_uart.o"
arm-none-eabi-gcc "../Core/Src/Button.c" -mcpu=cortex-m4 -std=gnu11 -g3 -DDEBUG -DUSE_HAL_DRIVER -DSTM32F411xE -c -I../Core/Inc -I../Drivers/STM32F4xx_HAL_Driver/Inc -I../Drivers/STM32F4xx_HAL_Driver/Inc/Legacy -I../Drivers/CMSIS/Device/ST/STM32F4xx/Include -I../Drivers/CMSIS/Include -O0 -ffunction-sections -fdata-sections -Wall -fstack-usage -fcyclomatic-complexity -MMD -MP -MF"Core/Src/Button.d" -MT"Core/Src/Button.o" --specs=nano.specs -mfpu=fpv4-sp-d16 -mfloat-abi=hard -mthumb -o "Core/Src/Button.o"
arm-none-eabi-gcc "../Core/Src/SSD1306_OLED.c" -mcpu=cortex-m4 -std=gnu11 -g3 -DDEBUG -DUSE_HAL_DRIVER -DSTM32F411xE -c -I../Core/Inc -I../Drivers/STM32F4xx_HAL_Driver/Inc -I../Drivers/STM32F4xx_HAL_Driver/Inc/Legacy -I../Drivers/CMSIS/Device/ST/STM32F4xx/Include -I../Drivers/CMSIS/Include -O0 -ffunction-sections -fdata-sections -Wall -fstack-usage -fcyclomatic-complexity -MMD -MP -MF"Core/Src/SSD1306_OLED.d" -MT"Core/Src/SSD1306_OLED.o" --specs=nano.specs -mfpu=fpv4-sp-d16 -mfloat-abi=hard -mthumb -o "Core/Src/SSD1306_OLED.o"
arm-none-eabi-gcc "../Core/Src/gpio.c" -mcpu=cortex-m4 -std=gnu11 -g3 -DDEBUG -DUSE_HAL_DRIVER -DSTM32F411xE -c -I../Core/Inc -I../Drivers/STM32F4xx_HAL_Driver/Inc -I../Drivers/STM32F4xx_HAL_Driver/Inc/Legacy -I../Drivers/CMSIS/Device/ST/STM32F4xx/Include -I../Drivers/CMSIS/Include -O0 -ffunction-sections -fdata-sections -Wall -fstack-usage -fcyclomatic-complexity -MMD -MP -MF"Core/Src/gpio.d" -MT"Core/Src/gpio.o" --specs=nano.specs -mfpu=fpv4-sp-d16 -mfloat-abi=hard -mthumb -o "Core/Src/gpio.o"
arm-none-eabi-gcc "../Core/Src/i2c.c" -mcpu=cortex-m4 -std=gnu11 -g3 -DDEBUG -DUSE_HAL_DRIVER -DSTM32F411xE -c -I../Core/Inc -I../Drivers/STM32F4xx_HAL_Driver/Inc -I../Drivers/STM32F4xx_HAL_Driver/Inc/Legacy -I../Drivers/CMSIS/Device/ST/STM32F4xx/Include -I../Drivers/CMSIS/Include -O0 -ffunction-sections -fdata-sections -Wall -fstack-usage -fcyclomatic-complexity -MMD -MP -MF"Core/Src/i2c.d" -MT"Core/Src/i2c.o" --specs=nano.specs -mfpu=fpv4-sp-d16 -mfloat-abi=hard -mthumb -o "Core/Src/i2c.o"
arm-none-eabi-gcc "../Core/Src/main.c" -mcpu=cortex-m4 -std=gnu11 -g3 -DDEBUG -DUSE_HAL_DRIVER -DSTM32F411xE -c -I../Core/Inc -I../Drivers/STM32F4xx_HAL_Driver/Inc -I../Drivers/STM32F4xx_HAL_Driver/Inc/Legacy -I../Drivers/CMSIS/Device/ST/STM32F4xx/Include -I../Drivers/CMSIS/Include -O0 -ffunction-sections -fdata-sections -Wall -fstack-usage -fcyclomatic-complexity -MMD -MP -MF"Core/Src/main.d" -MT"Core/Src/main.o" --specs=nano.specs -mfpu=fpv4-sp-d16 -mfloat-abi=hard -mthumb -o "Core/Src/main.o"
arm-none-eabi-gcc "../Core/Src/stm32f4xx_hal_msp.c" -mcpu=cortex-m4 -std=gnu11 -g3 -DDEBUG -DUSE_HAL_DRIVER -DSTM32F411xE -c -I../Core/Inc -I../Drivers/STM32F4xx_HAL_Driver/Inc -I../Drivers/STM32F4xx_HAL_Driver/Inc/Legacy -I../Drivers/CMSIS/Device/ST/STM32F4xx/Include -I../Drivers/CMSIS/Include -O0 -ffunction-sections -fdata-sections -Wall -fstack-usage -fcyclomatic-complexity -MMD -MP -MF"Core/Src/stm32f4xx_hal_msp.d" -MT"Core/Src/stm32f4xx_hal_msp.o" --specs=nano.specs -mfpu=fpv4-sp-d16 -mfloat-abi=hard -mthumb -o "Core/Src/stm32f4xx_hal_msp.o"
arm-none-eabi-gcc "../Core/Src/stm32f4xx_it.c" -mcpu=cortex-m4 -std=gnu11 -g3 -DDEBUG -DUSE_HAL_DRIVER -DSTM32F411xE -c -I../Core/Inc -I../Drivers/STM32F4xx_HAL_Driver/Inc -I../Drivers/STM32F4xx_HAL_Driver/Inc/Legacy -I../Drivers/CMSIS/Device/ST/STM32F4xx/Include -I../Drivers/CMSIS/Include -O0 -ffunction-sections -fdata-sections -Wall -fstack-usage -fcyclomatic-complexity -MMD -MP -MF"Core/Src/stm32f4xx_it.d" -MT"Core/Src/stm32f4xx_it.o" --specs=nano.specs -mfpu=fpv4-sp-d16 -mfloat-abi=hard -mthumb -o "Core/Src/stm32f4xx_it.o"
arm-none-eabi-gcc "../Core/Src/syscalls.c" -mcpu=cortex-m4 -std=gnu11 -g3 -DDEBUG -DUSE_HAL_DRIVER -DSTM32F411xE -c -I../Core/Inc -I../Drivers/STM32F4xx_HAL_Driver/Inc -I../Drivers/STM32F4xx_HAL_Driver/Inc/Legacy -I../Drivers/CMSIS/Device/ST/STM32F4xx/Include -I../Drivers/CMSIS/Include -O0 -ffunction-sections -fdata-sections -Wall -fstack-usage -fcyclomatic-complexity -MMD -MP -MF"Core/Src/syscalls.d" -MT"Core/Src/syscalls.o" --specs=nano.specs -mfpu=fpv4-sp-d16 -mfloat-abi=hard -mthumb -o "Core/Src/syscalls.o"
arm-none-eabi-gcc "../Core/Src/sysmem.c" -mcpu=cortex-m4 -std=gnu11 -g3 -DDEBUG -DUSE_HAL_DRIVER -DSTM32F411xE -c -I../Core/Inc -I../Drivers/STM32F4xx_HAL_Driver/Inc -I../Drivers/STM32F4xx_HAL_Driver/Inc/Legacy -I../Drivers/CMSIS/Device/ST/STM32F4xx/Include -I../Drivers/CMSIS/Include -O0 -ffunction-sections -fdata-sections -Wall -fstack-usage -fcyclomatic-complexity -MMD -MP -MF"Core/Src/sysmem.d" -MT"Core/Src/sysmem.o" --specs=nano.specs -mfpu=fpv4-sp-d16 -mfloat-abi=hard -mthumb -o "Core/Src/sysmem.o"
arm-none-eabi-gcc "../Core/Src/system_stm32f4xx.c" -mcpu=cortex-m4 -std=gnu11 -g3 -DDEBUG -DUSE_HAL_DRIVER -DSTM32F411xE -c -I../Core/Inc -I../Drivers/STM32F4xx_HAL_Driver/Inc -I../Drivers/STM32F4xx_HAL_Driver/Inc/Legacy -I../Drivers/CMSIS/Device/ST/STM32F4xx/Include -I../Drivers/CMSIS/Include -O0 -ffunction-sections -fdata-sections -Wall -fstack-usage -fcyclomatic-complexity -MMD -MP -MF"Core/Src/system_stm32f4xx.d" -MT"Core/Src/system_stm32f4xx.o" --specs=nano.specs -mfpu=fpv4-sp-d16 -mfloat-abi=hard -mthumb -o "Core/Src/system_stm32f4xx.o"
arm-none-eabi-gcc "../Core/Src/usart.c" -mcpu=cortex-m4 -std=gnu11 -g3 -DDEBUG -DUSE_HAL_DRIVER -DSTM32F411xE -c -I../Core/Inc -I../Drivers/STM32F4xx_HAL_Driver/Inc -I../Drivers/STM32F4xx_HAL_Driver/Inc/Legacy -I../Drivers/CMSIS/Device/ST/STM32F4xx/Include -I../Drivers/CMSIS/Include -O0 -ffunction-sections -fdata-sections -Wall -fstack-usage -fcyclomatic-complexity -MMD -MP -MF"Core/Src/usart.d" -MT"Core/Src/usart.o" --specs=nano.specs -mfpu=fpv4-sp-d16 -mfloat-abi=hard -mthumb -o "Core/Src/usart.o"
arm-none-eabi-gcc -o "StateMashineButton.elf" @"objects.list"   -mcpu=cortex-m4 -T"D:\STM32Project\Pomodoro\StateMashineButton\STM32F411RETX_FLASH.ld" --specs=nosys.specs -Wl,-Map="StateMashineButton.map" -Wl,--gc-sections -static --specs=nano.specs -mfpu=fpv4-sp-d16 -mfloat-abi=hard -mthumb -Wl,--start-group -lc -lm -Wl,--end-group
Finished building target: StateMashineButton.elf
 
arm-none-eabi-size  StateMashineButton.elf 
arm-none-eabi-objdump -h -S StateMashineButton.elf  > "StateMashineButton.list"
   text	   data	    bss	    dec	    hex	filename
   9628	     24	   1768	  11420	   2c9c	StateMashineButton.elf
Finished building: default.size.stdout
 
Finished building: StateMashineButton.list
 
13:26:47 **** Incremental Build of configuration Debug for project StateMashineButton ****
make -j12 all 
arm-none-eabi-gcc "../Core/Src/SSD1306_OLED.c" -mcpu=cortex-m4 -std=gnu11 -g3 -DDEBUG -DUSE_HAL_DRIVER -DSTM32F411xE -c -I../Core/Inc -I../Drivers/STM32F4xx_HAL_Driver/Inc -I../Drivers/STM32F4xx_HAL_Driver/Inc/Legacy -I../Drivers/CMSIS/Device/ST/STM32F4xx/Include -I../Drivers/CMSIS/Include -O0 -ffunction-sections -fdata-sections -Wall -fstack-usage -fcyclomatic-complexity -MMD -MP -MF"Core/Src/SSD1306_OLED.d" -MT"Core/Src/SSD1306_OLED.o" --specs=nano.specs -mfpu=fpv4-sp-d16 -mfloat-abi=hard -mthumb -o "Core/Src/SSD1306_OLED.o"
../Core/Src/SSD1306_OLED.c: In function 'SSD1306_Command':
../Core/Src/SSD1306_OLED.c:14:40: error: 'SSD1306_de' undeclared (first use in this function); did you mean 'SSD1306_i2c'?
   14 |         HAL_I2C_Mem_Write(SSD1306_i2c, SSD1306_de, MemAddress, MemAddSize, pData, Size, Timeout), DevAddress, MemAddress, MemAddSize, pData, Size, Timeout)
      |                                        ^~~~~~~~~~
      |                                        SSD1306_i2c
../Core/Src/SSD1306_OLED.c:14:40: note: each undeclared identifier is reported only once for each function it appears in
../Core/Src/SSD1306_OLED.c:14:52: error: 'MemAddress' undeclared (first use in this function)
   14 |         HAL_I2C_Mem_Write(SSD1306_i2c, SSD1306_de, MemAddress, MemAddSize, pData, Size, Timeout), DevAddress, MemAddress, MemAddSize, pData, Size, Timeout)
      |                                                    ^~~~~~~~~~
../Core/Src/SSD1306_OLED.c:14:64: error: 'MemAddSize' undeclared (first use in this function)
   14 |         HAL_I2C_Mem_Write(SSD1306_i2c, SSD1306_de, MemAddress, MemAddSize, pData, Size, Timeout), DevAddress, MemAddress, MemAddSize, pData, Size, Timeout)
      |                                                                ^~~~~~~~~~
../Core/Src/SSD1306_OLED.c:14:76: error: 'pData' undeclared (first use in this function)
   14 |         HAL_I2C_Mem_Write(SSD1306_i2c, SSD1306_de, MemAddress, MemAddSize, pData, Size, Timeout), DevAddress, MemAddress, MemAddSize, pData, Size, Timeout)
      |                                                                            ^~~~~
../Core/Src/SSD1306_OLED.c:14:83: error: 'Size' undeclared (first use in this function); did you mean 'size_t'?
   14 |         HAL_I2C_Mem_Write(SSD1306_i2c, SSD1306_de, MemAddress, MemAddSize, pData, Size, Timeout), DevAddress, MemAddress, MemAddSize, pData, Size, Timeout)
      |                                                                                   ^~~~
      |                                                                                   size_t
../Core/Src/SSD1306_OLED.c:14:89: error: 'Timeout' undeclared (first use in this function)
   14 |         HAL_I2C_Mem_Write(SSD1306_i2c, SSD1306_de, MemAddress, MemAddSize, pData, Size, Timeout), DevAddress, MemAddress, MemAddSize, pData, Size, Timeout)
      |                                                                                         ^~~~~~~
../Core/Src/SSD1306_OLED.c:14:99: error: 'DevAddress' undeclared (first use in this function)
   14 |         HAL_I2C_Mem_Write(SSD1306_i2c, SSD1306_de, MemAddress, MemAddSize, pData, Size, Timeout), DevAddress, MemAddress, MemAddSize, pData, Size, Timeout)
      |                                                                                                   ^~~~~~~~~~
../Core/Src/SSD1306_OLED.c:14:97: warning: left-hand operand of comma expression has no effect [-Wunused-value]
   14 |         HAL_I2C_Mem_Write(SSD1306_i2c, SSD1306_de, MemAddress, MemAddSize, pData, Size, Timeout), DevAddress, MemAddress, MemAddSize, pData, Size, Timeout)
      |                                                                                                 ^
../Core/Src/SSD1306_OLED.c:14:109: warning: left-hand operand of comma expression has no effect [-Wunused-value]
   14 |         HAL_I2C_Mem_Write(SSD1306_i2c, SSD1306_de, MemAddress, MemAddSize, pData, Size, Timeout), DevAddress, MemAddress, MemAddSize, pData, Size, Timeout)
      |                                                                                                             ^
../Core/Src/SSD1306_OLED.c:14:121: warning: left-hand operand of comma expression has no effect [-Wunused-value]
   14 |         HAL_I2C_Mem_Write(SSD1306_i2c, SSD1306_de, MemAddress, MemAddSize, pData, Size, Timeout), DevAddress, MemAddress, MemAddSize, pData, Size, Timeout)
      |                                                                                                                         ^
../Core/Src/SSD1306_OLED.c:14:133: warning: left-hand operand of comma expression has no effect [-Wunused-value]
   14 |         HAL_I2C_Mem_Write(SSD1306_i2c, SSD1306_de, MemAddress, MemAddSize, pData, Size, Timeout), DevAddress, MemAddress, MemAddSize, pData, Size, Timeout)
      |                                                                                                                                     ^
../Core/Src/SSD1306_OLED.c:14:140: warning: left-hand operand of comma expression has no effect [-Wunused-value]
   14 |         HAL_I2C_Mem_Write(SSD1306_i2c, SSD1306_de, MemAddress, MemAddSize, pData, Size, Timeout), DevAddress, MemAddress, MemAddSize, pData, Size, Timeout)
      |                                                                                                                                            ^
../Core/Src/SSD1306_OLED.c:14:146: warning: left-hand operand of comma expression has no effect [-Wunused-value]
   14 |         HAL_I2C_Mem_Write(SSD1306_i2c, SSD1306_de, MemAddress, MemAddSize, pData, Size, Timeout), DevAddress, MemAddress, MemAddSize, pData, Size, Timeout)
      |                                                                                                                                                  ^
../Core/Src/SSD1306_OLED.c:14:155: error: expected ';' before ')' token
   14 |         HAL_I2C_Mem_Write(SSD1306_i2c, SSD1306_de, MemAddress, MemAddSize, pData, Size, Timeout), DevAddress, MemAddress, MemAddSize, pData, Size, Timeout)
      |                                                                                                                                                           ^
      |                                                                                                                                                           ;
../Core/Src/SSD1306_OLED.c:14:155: error: expected statement before ')' token
make: *** [Core/Src/subdir.mk:49: Core/Src/SSD1306_OLED.o] Error 1
"make -j12 all" terminated with exit code 2. Build might be incomplete.
13:35:20 **** Incremental Build of configuration Debug for project StateMashineButton ****
make -j12 all 
arm-none-eabi-gcc "../Core/Src/SSD1306_OLED.c" -mcpu=cortex-m4 -std=gnu11 -g3 -DDEBUG -DUSE_HAL_DRIVER -DSTM32F411xE -c -I../Core/Inc -I../Drivers/STM32F4xx_HAL_Driver/Inc -I../Drivers/STM32F4xx_HAL_Driver/Inc/Legacy -I../Drivers/CMSIS/Device/ST/STM32F4xx/Include -I../Drivers/CMSIS/Include -O0 -ffunction-sections -fdata-sections -Wall -fstack-usage -fcyclomatic-complexity -MMD -MP -MF"Core/Src/SSD1306_OLED.d" -MT"Core/Src/SSD1306_OLED.o" --specs=nano.specs -mfpu=fpv4-sp-d16 -mfloat-abi=hard -mthumb -o "Core/Src/SSD1306_OLED.o"
arm-none-eabi-gcc -o "StateMashineButton.elf" @"objects.list"   -mcpu=cortex-m4 -T"D:\STM32Project\Pomodoro\StateMashineButton\STM32F411RETX_FLASH.ld" --specs=nosys.specs -Wl,-Map="StateMashineButton.map" -Wl,--gc-sections -static --specs=nano.specs -mfpu=fpv4-sp-d16 -mfloat-abi=hard -mthumb -Wl,--start-group -lc -lm -Wl,--end-group
Finished building target: StateMashineButton.elf
 
arm-none-eabi-size  StateMashineButton.elf 
arm-none-eabi-objdump -h -S StateMashineButton.elf  > "StateMashineButton.list"
   text	   data	    bss	    dec	    hex	filename
   9628	     24	   1768	  11420	   2c9c	StateMashineButton.elf
Finished building: default.size.stdout
 
Finished building: StateMashineButton.list
 
13:51:04 **** Incremental Build of configuration Debug for project StateMashineButton ****
make -j12 all 
arm-none-eabi-gcc "../Core/Src/SSD1306_OLED.c" -mcpu=cortex-m4 -std=gnu11 -g3 -DDEBUG -DUSE_HAL_DRIVER -DSTM32F411xE -c -I../Core/Inc -I../Drivers/STM32F4xx_HAL_Driver/Inc -I../Drivers/STM32F4xx_HAL_Driver/Inc/Legacy -I../Drivers/CMSIS/Device/ST/STM32F4xx/Include -I../Drivers/CMSIS/Include -O0 -ffunction-sections -fdata-sections -Wall -fstack-usage -fcyclomatic-complexity -MMD -MP -MF"Core/Src/SSD1306_OLED.d" -MT"Core/Src/SSD1306_OLED.o" --specs=nano.specs -mfpu=fpv4-sp-d16 -mfloat-abi=hard -mthumb -o "Core/Src/SSD1306_OLED.o"
arm-none-eabi-gcc -o "StateMashineButton.elf" @"objects.list"   -mcpu=cortex-m4 -T"D:\STM32Project\Pomodoro\StateMashineButton\STM32F411RETX_FLASH.ld" --specs=nosys.specs -Wl,-Map="StateMashineButton.map" -Wl,--gc-sections -static --specs=nano.specs -mfpu=fpv4-sp-d16 -mfloat-abi=hard -mthumb -Wl,--start-group -lc -lm -Wl,--end-group
Finished building target: StateMashineButton.elf
 
arm-none-eabi-size  StateMashineButton.elf 
arm-none-eabi-objdump -h -S StateMashineButton.elf  > "StateMashineButton.list"
   text	   data	    bss	    dec	    hex	filename
   9628	     24	   1768	  11420	   2c9c	StateMashineButton.elf
Finished building: default.size.stdout
 
Finished building: StateMashineButton.list
 
13:52:57 **** Incremental Build of configuration Debug for project StateMashineButton ****
make -j12 all 
arm-none-eabi-gcc "../Core/Src/main.c" -mcpu=cortex-m4 -std=gnu11 -g3 -DDEBUG -DUSE_HAL_DRIVER -DSTM32F411xE -c -I../Core/Inc -I../Drivers/STM32F4xx_HAL_Driver/Inc -I../Drivers/STM32F4xx_HAL_Driver/Inc/Legacy -I../Drivers/CMSIS/Device/ST/STM32F4xx/Include -I../Drivers/CMSIS/Include -O0 -ffunction-sections -fdata-sections -Wall -fstack-usage -fcyclomatic-complexity -MMD -MP -MF"Core/Src/main.d" -MT"Core/Src/main.o" --specs=nano.specs -mfpu=fpv4-sp-d16 -mfloat-abi=hard -mthumb -o "Core/Src/main.o"
../Core/Src/main.c: In function 'main':
../Core/Src/main.c:107:3: warning: implicit declaration of function 'SSD1306_Init'; did you mean 'SSD1306_WHITE'? [-Wimplicit-function-declaration]
  107 |   SSD1306_Init(&hi2c1);
      |   ^~~~~~~~~~~~
      |   SSD1306_WHITE
arm-none-eabi-gcc -o "StateMashineButton.elf" @"objects.list"   -mcpu=cortex-m4 -T"D:\STM32Project\Pomodoro\StateMashineButton\STM32F411RETX_FLASH.ld" --specs=nosys.specs -Wl,-Map="StateMashineButton.map" -Wl,--gc-sections -static --specs=nano.specs -mfpu=fpv4-sp-d16 -mfloat-abi=hard -mthumb -Wl,--start-group -lc -lm -Wl,--end-group
Finished building target: StateMashineButton.elf
 
arm-none-eabi-size  StateMashineButton.elf 
arm-none-eabi-objdump -h -S StateMashineButton.elf  > "StateMashineButton.list"
   text	   data	    bss	    dec	    hex	filename
  11620	     24	   1776	  13420	   346c	StateMashineButton.elf
Finished building: default.size.stdout
 
Finished building: StateMashineButton.list
 
13:53:02 **** Incremental Build of configuration Debug for project StateMashineButton ****
make -j12 all 
arm-none-eabi-gcc "../Core/Src/main.c" -mcpu=cortex-m4 -std=gnu11 -g3 -DDEBUG -DUSE_HAL_DRIVER -DSTM32F411xE -c -I../Core/Inc -I../Drivers/STM32F4xx_HAL_Driver/Inc -I../Drivers/STM32F4xx_HAL_Driver/Inc/Legacy -I../Drivers/CMSIS/Device/ST/STM32F4xx/Include -I../Drivers/CMSIS/Include -O0 -ffunction-sections -fdata-sections -Wall -fstack-usage -fcyclomatic-complexity -MMD -MP -MF"Core/Src/main.d" -MT"Core/Src/main.o" --specs=nano.specs -mfpu=fpv4-sp-d16 -mfloat-abi=hard -mthumb -o "Core/Src/main.o"
../Core/Src/main.c: In function 'main':
../Core/Src/main.c:107:3: warning: implicit declaration of function 'SSD1306_Init'; did you mean 'SSD1306_WHITE'? [-Wimplicit-function-declaration]
  107 |   SSD1306_Init(hi2c1);
      |   ^~~~~~~~~~~~
      |   SSD1306_WHITE
arm-none-eabi-gcc -o "StateMashineButton.elf" @"objects.list"   -mcpu=cortex-m4 -T"D:\STM32Project\Pomodoro\StateMashineButton\STM32F411RETX_FLASH.ld" --specs=nosys.specs -Wl,-Map="StateMashineButton.map" -Wl,--gc-sections -static --specs=nano.specs -mfpu=fpv4-sp-d16 -mfloat-abi=hard -mthumb -Wl,--start-group -lc -lm -Wl,--end-group
Finished building target: StateMashineButton.elf
 
arm-none-eabi-size  StateMashineButton.elf 
arm-none-eabi-objdump -h -S StateMashineButton.elf  > "StateMashineButton.list"
   text	   data	    bss	    dec	    hex	filename
  11668	     24	   1776	  13468	   349c	StateMashineButton.elf
Finished building: default.size.stdout
 
Finished building: StateMashineButton.list
 
13:53:19 **** Incremental Build of configuration Debug for project StateMashineButton ****
make -j12 all 
arm-none-eabi-gcc "../Core/Src/SSD1306_OLED.c" -mcpu=cortex-m4 -std=gnu11 -g3 -DDEBUG -DUSE_HAL_DRIVER -DSTM32F411xE -c -I../Core/Inc -I../Drivers/STM32F4xx_HAL_Driver/Inc -I../Drivers/STM32F4xx_HAL_Driver/Inc/Legacy -I../Drivers/CMSIS/Device/ST/STM32F4xx/Include -I../Drivers/CMSIS/Include -O0 -ffunction-sections -fdata-sections -Wall -fstack-usage -fcyclomatic-complexity -MMD -MP -MF"Core/Src/SSD1306_OLED.d" -MT"Core/Src/SSD1306_OLED.o" --specs=nano.specs -mfpu=fpv4-sp-d16 -mfloat-abi=hard -mthumb -o "Core/Src/SSD1306_OLED.o"
arm-none-eabi-gcc "../Core/Src/main.c" -mcpu=cortex-m4 -std=gnu11 -g3 -DDEBUG -DUSE_HAL_DRIVER -DSTM32F411xE -c -I../Core/Inc -I../Drivers/STM32F4xx_HAL_Driver/Inc -I../Drivers/STM32F4xx_HAL_Driver/Inc/Legacy -I../Drivers/CMSIS/Device/ST/STM32F4xx/Include -I../Drivers/CMSIS/Include -O0 -ffunction-sections -fdata-sections -Wall -fstack-usage -fcyclomatic-complexity -MMD -MP -MF"Core/Src/main.d" -MT"Core/Src/main.o" --specs=nano.specs -mfpu=fpv4-sp-d16 -mfloat-abi=hard -mthumb -o "Core/Src/main.o"
In file included from ../Core/Src/SSD1306_OLED.c:7:
../Core/Inc/SSD1306_OLED.h:62:19: error: unknown type name 'I2C_HandleTypeDef'
   62 | void SSD1306_Init(I2C_HandleTypeDef *i2c);
      |                   ^~~~~~~~~~~~~~~~~
../Core/Src/main.c: In function 'main':
../Core/Src/main.c:107:16: error: incompatible type for argument 1 of 'SSD1306_Init'
  107 |   SSD1306_Init(hi2c1);
      |                ^~~~~
      |                |
      |                I2C_HandleTypeDef
In file included from ../Core/Src/main.c:28:
../Core/Inc/SSD1306_OLED.h:62:38: note: expected 'I2C_HandleTypeDef *' but argument is of type 'I2C_HandleTypeDef'
   62 | void SSD1306_Init(I2C_HandleTypeDef *i2c);
      |                   ~~~~~~~~~~~~~~~~~~~^~~
make: *** [Core/Src/subdir.mk:49: Core/Src/SSD1306_OLED.o] Error 1
make: *** Waiting for unfinished jobs....
make: *** [Core/Src/subdir.mk:49: Core/Src/main.o] Error 1
"make -j12 all" terminated with exit code 2. Build might be incomplete.
13:53:37 **** Incremental Build of configuration Debug for project StateMashineButton ****
make -j12 all 
arm-none-eabi-gcc "../Core/Src/SSD1306_OLED.c" -mcpu=cortex-m4 -std=gnu11 -g3 -DDEBUG -DUSE_HAL_DRIVER -DSTM32F411xE -c -I../Core/Inc -I../Drivers/STM32F4xx_HAL_Driver/Inc -I../Drivers/STM32F4xx_HAL_Driver/Inc/Legacy -I../Drivers/CMSIS/Device/ST/STM32F4xx/Include -I../Drivers/CMSIS/Include -O0 -ffunction-sections -fdata-sections -Wall -fstack-usage -fcyclomatic-complexity -MMD -MP -MF"Core/Src/SSD1306_OLED.d" -MT"Core/Src/SSD1306_OLED.o" --specs=nano.specs -mfpu=fpv4-sp-d16 -mfloat-abi=hard -mthumb -o "Core/Src/SSD1306_OLED.o"
arm-none-eabi-gcc "../Core/Src/main.c" -mcpu=cortex-m4 -std=gnu11 -g3 -DDEBUG -DUSE_HAL_DRIVER -DSTM32F411xE -c -I../Core/Inc -I../Drivers/STM32F4xx_HAL_Driver/Inc -I../Drivers/STM32F4xx_HAL_Driver/Inc/Legacy -I../Drivers/CMSIS/Device/ST/STM32F4xx/Include -I../Drivers/CMSIS/Include -O0 -ffunction-sections -fdata-sections -Wall -fstack-usage -fcyclomatic-complexity -MMD -MP -MF"Core/Src/main.d" -MT"Core/Src/main.o" --specs=nano.specs -mfpu=fpv4-sp-d16 -mfloat-abi=hard -mthumb -o "Core/Src/main.o"
In file included from ../Core/Src/SSD1306_OLED.c:7:
../Core/Inc/SSD1306_OLED.h:62:19: error: unknown type name 'I2C_HandleTypeDef'
   62 | void SSD1306_Init(I2C_HandleTypeDef *i2c);
      |                   ^~~~~~~~~~~~~~~~~
make: *** [Core/Src/subdir.mk:49: Core/Src/SSD1306_OLED.o] Error 1
make: *** Waiting for unfinished jobs....
"make -j12 all" terminated with exit code 2. Build might be incomplete.
13:54:03 **** Incremental Build of configuration Debug for project StateMashineButton ****
make -j12 all 
arm-none-eabi-gcc "../Core/Src/SSD1306_OLED.c" -mcpu=cortex-m4 -std=gnu11 -g3 -DDEBUG -DUSE_HAL_DRIVER -DSTM32F411xE -c -I../Core/Inc -I../Drivers/STM32F4xx_HAL_Driver/Inc -I../Drivers/STM32F4xx_HAL_Driver/Inc/Legacy -I../Drivers/CMSIS/Device/ST/STM32F4xx/Include -I../Drivers/CMSIS/Include -O0 -ffunction-sections -fdata-sections -Wall -fstack-usage -fcyclomatic-complexity -MMD -MP -MF"Core/Src/SSD1306_OLED.d" -MT"Core/Src/SSD1306_OLED.o" --specs=nano.specs -mfpu=fpv4-sp-d16 -mfloat-abi=hard -mthumb -o "Core/Src/SSD1306_OLED.o"
arm-none-eabi-gcc "../Core/Src/main.c" -mcpu=cortex-m4 -std=gnu11 -g3 -DDEBUG -DUSE_HAL_DRIVER -DSTM32F411xE -c -I../Core/Inc -I../Drivers/STM32F4xx_HAL_Driver/Inc -I../Drivers/STM32F4xx_HAL_Driver/Inc/Legacy -I../Drivers/CMSIS/Device/ST/STM32F4xx/Include -I../Drivers/CMSIS/Include -O0 -ffunction-sections -fdata-sections -Wall -fstack-usage -fcyclomatic-complexity -MMD -MP -MF"Core/Src/main.d" -MT"Core/Src/main.o" --specs=nano.specs -mfpu=fpv4-sp-d16 -mfloat-abi=hard -mthumb -o "Core/Src/main.o"
arm-none-eabi-gcc -o "StateMashineButton.elf" @"objects.list"   -mcpu=cortex-m4 -T"D:\STM32Project\Pomodoro\StateMashineButton\STM32F411RETX_FLASH.ld" --specs=nosys.specs -Wl,-Map="StateMashineButton.map" -Wl,--gc-sections -static --specs=nano.specs -mfpu=fpv4-sp-d16 -mfloat-abi=hard -mthumb -Wl,--start-group -lc -lm -Wl,--end-group
Finished building target: StateMashineButton.elf
 
arm-none-eabi-size  StateMashineButton.elf 
arm-none-eabi-objdump -h -S StateMashineButton.elf  > "StateMashineButton.list"
   text	   data	    bss	    dec	    hex	filename
  11620	     24	   1776	  13420	   346c	StateMashineButton.elf
Finished building: default.size.stdout
 
Finished building: StateMashineButton.list
 
13:56:55 **** Incremental Build of configuration Debug for project StateMashineButton ****
make -j12 all 
arm-none-eabi-size  StateMashineButton.elf 
   text	   data	    bss	    dec	    hex	filename
  11620	     24	   1776	  13420	   346c	StateMashineButton.elf
Finished building: default.size.stdout
 
14:04:27 **** Incremental Build of configuration Debug for project StateMashineButton ****
make -j12 all 
arm-none-eabi-gcc "../Core/Src/SSD1306_OLED.c" -mcpu=cortex-m4 -std=gnu11 -g3 -DDEBUG -DUSE_HAL_DRIVER -DSTM32F411xE -c -I../Core/Inc -I../Drivers/STM32F4xx_HAL_Driver/Inc -I../Drivers/STM32F4xx_HAL_Driver/Inc/Legacy -I../Drivers/CMSIS/Device/ST/STM32F4xx/Include -I../Drivers/CMSIS/Include -O0 -ffunction-sections -fdata-sections -Wall -fstack-usage -fcyclomatic-complexity -MMD -MP -MF"Core/Src/SSD1306_OLED.d" -MT"Core/Src/SSD1306_OLED.o" --specs=nano.specs -mfpu=fpv4-sp-d16 -mfloat-abi=hard -mthumb -o "Core/Src/SSD1306_OLED.o"
arm-none-eabi-gcc "../Core/Src/main.c" -mcpu=cortex-m4 -std=gnu11 -g3 -DDEBUG -DUSE_HAL_DRIVER -DSTM32F411xE -c -I../Core/Inc -I../Drivers/STM32F4xx_HAL_Driver/Inc -I../Drivers/STM32F4xx_HAL_Driver/Inc/Legacy -I../Drivers/CMSIS/Device/ST/STM32F4xx/Include -I../Drivers/CMSIS/Include -O0 -ffunction-sections -fdata-sections -Wall -fstack-usage -fcyclomatic-complexity -MMD -MP -MF"Core/Src/main.d" -MT"Core/Src/main.o" --specs=nano.specs -mfpu=fpv4-sp-d16 -mfloat-abi=hard -mthumb -o "Core/Src/main.o"
arm-none-eabi-gcc -o "StateMashineButton.elf" @"objects.list"   -mcpu=cortex-m4 -T"D:\STM32Project\Pomodoro\StateMashineButton\STM32F411RETX_FLASH.ld" --specs=nosys.specs -Wl,-Map="StateMashineButton.map" -Wl,--gc-sections -static --specs=nano.specs -mfpu=fpv4-sp-d16 -mfloat-abi=hard -mthumb -Wl,--start-group -lc -lm -Wl,--end-group
Finished building target: StateMashineButton.elf
 
arm-none-eabi-size  StateMashineButton.elf 
arm-none-eabi-objdump -h -S StateMashineButton.elf  > "StateMashineButton.list"
   text	   data	    bss	    dec	    hex	filename
  11620	     24	   1776	  13420	   346c	StateMashineButton.elf
Finished building: default.size.stdout
 
Finished building: StateMashineButton.list
 
14:04:33 **** Incremental Build of configuration Debug for project StateMashineButton ****
make -j12 all 
arm-none-eabi-size  StateMashineButton.elf 
   text	   data	    bss	    dec	    hex	filename
  11620	     24	   1776	  13420	   346c	StateMashineButton.elf
Finished building: default.size.stdout
 
14:08:05 **** Incremental Build of configuration Debug for project StateMashineButton ****
make -j12 all 
arm-none-eabi-size  StateMashineButton.elf 
   text	   data	    bss	    dec	    hex	filename
  11620	     24	   1776	  13420	   346c	StateMashineButton.elf
Finished building: default.size.stdout
 
16:19:16 **** Incremental Build of configuration Debug for project StateMashineButton ****
make -j12 all 
arm-none-eabi-gcc "../Core/Src/SSD1306_OLED.c" -mcpu=cortex-m4 -std=gnu11 -g3 -DDEBUG -DUSE_HAL_DRIVER -DSTM32F411xE -c -I../Core/Inc -I../Drivers/STM32F4xx_HAL_Driver/Inc -I../Drivers/STM32F4xx_HAL_Driver/Inc/Legacy -I../Drivers/CMSIS/Device/ST/STM32F4xx/Include -I../Drivers/CMSIS/Include -O0 -ffunction-sections -fdata-sections -Wall -fstack-usage -fcyclomatic-complexity -MMD -MP -MF"Core/Src/SSD1306_OLED.d" -MT"Core/Src/SSD1306_OLED.o" --specs=nano.specs -mfpu=fpv4-sp-d16 -mfloat-abi=hard -mthumb -o "Core/Src/SSD1306_OLED.o"
arm-none-eabi-gcc "../Core/Src/main.c" -mcpu=cortex-m4 -std=gnu11 -g3 -DDEBUG -DUSE_HAL_DRIVER -DSTM32F411xE -c -I../Core/Inc -I../Drivers/STM32F4xx_HAL_Driver/Inc -I../Drivers/STM32F4xx_HAL_Driver/Inc/Legacy -I../Drivers/CMSIS/Device/ST/STM32F4xx/Include -I../Drivers/CMSIS/Include -O0 -ffunction-sections -fdata-sections -Wall -fstack-usage -fcyclomatic-complexity -MMD -MP -MF"Core/Src/main.d" -MT"Core/Src/main.o" --specs=nano.specs -mfpu=fpv4-sp-d16 -mfloat-abi=hard -mthumb -o "Core/Src/main.o"
arm-none-eabi-gcc -o "StateMashineButton.elf" @"objects.list"   -mcpu=cortex-m4 -T"D:\STM32Project\Pomodoro\StateMashineButton\STM32F411RETX_FLASH.ld" --specs=nosys.specs -Wl,-Map="StateMashineButton.map" -Wl,--gc-sections -static --specs=nano.specs -mfpu=fpv4-sp-d16 -mfloat-abi=hard -mthumb -Wl,--start-group -lc -lm -Wl,--end-group
Finished building target: StateMashineButton.elf
 
arm-none-eabi-size  StateMashineButton.elf 
arm-none-eabi-objdump -h -S StateMashineButton.elf  > "StateMashineButton.list"
   text	   data	    bss	    dec	    hex	filename
  11748	     24	   2800	  14572	   38ec	StateMashineButton.elf
Finished building: default.size.stdout
 
Finished building: StateMashineButton.list
 
16:19:35 **** Incremental Build of configuration Debug for project StateMashineButton ****
make -j12 all 
arm-none-eabi-size  StateMashineButton.elf 
   text	   data	    bss	    dec	    hex	filename
  11748	     24	   2800	  14572	   38ec	StateMashineButton.elf
Finished building: default.size.stdout
 
22:26:21 **** Incremental Build of configuration Debug for project StateMashineButton ****
make -j12 all 
arm-none-eabi-gcc "../Core/Src/SSD1306_OLED.c" -mcpu=cortex-m4 -std=gnu11 -g3 -DDEBUG -DUSE_HAL_DRIVER -DSTM32F411xE -c -I../Core/Inc -I../Drivers/STM32F4xx_HAL_Driver/Inc -I../Drivers/STM32F4xx_HAL_Driver/Inc/Legacy -I../Drivers/CMSIS/Device/ST/STM32F4xx/Include -I../Drivers/CMSIS/Include -O0 -ffunction-sections -fdata-sections -Wall -fstack-usage -fcyclomatic-complexity -MMD -MP -MF"Core/Src/SSD1306_OLED.d" -MT"Core/Src/SSD1306_OLED.o" --specs=nano.specs -mfpu=fpv4-sp-d16 -mfloat-abi=hard -mthumb -o "Core/Src/SSD1306_OLED.o"
arm-none-eabi-gcc "../Core/Src/main.c" -mcpu=cortex-m4 -std=gnu11 -g3 -DDEBUG -DUSE_HAL_DRIVER -DSTM32F411xE -c -I../Core/Inc -I../Drivers/STM32F4xx_HAL_Driver/Inc -I../Drivers/STM32F4xx_HAL_Driver/Inc/Legacy -I../Drivers/CMSIS/Device/ST/STM32F4xx/Include -I../Drivers/CMSIS/Include -O0 -ffunction-sections -fdata-sections -Wall -fstack-usage -fcyclomatic-complexity -MMD -MP -MF"Core/Src/main.d" -MT"Core/Src/main.o" --specs=nano.specs -mfpu=fpv4-sp-d16 -mfloat-abi=hard -mthumb -o "Core/Src/main.o"
../Core/Src/SSD1306_OLED.c: In function 'SSD1306_Clear':
../Core/Src/SSD1306_OLED.c:32:17: warning: statement with no effect [-Wunused-value]
   32 |                 memset
      |                 ^~~~~~
../Core/Src/SSD1306_OLED.c:32:23: error: expected ';' before 'break'
   32 |                 memset
      |                       ^
      |                       ;
   33 |                 break;
      |                 ~~~~~  
make: *** [Core/Src/subdir.mk:49: Core/Src/SSD1306_OLED.o] Error 1
make: *** Waiting for unfinished jobs....
"make -j12 all" terminated with exit code 2. Build might be incomplete.
22:27:10 **** Incremental Build of configuration Debug for project StateMashineButton ****
make -j12 all 
arm-none-eabi-gcc "../Core/Src/SSD1306_OLED.c" -mcpu=cortex-m4 -std=gnu11 -g3 -DDEBUG -DUSE_HAL_DRIVER -DSTM32F411xE -c -I../Core/Inc -I../Drivers/STM32F4xx_HAL_Driver/Inc -I../Drivers/STM32F4xx_HAL_Driver/Inc/Legacy -I../Drivers/CMSIS/Device/ST/STM32F4xx/Include -I../Drivers/CMSIS/Include -O0 -ffunction-sections -fdata-sections -Wall -fstack-usage -fcyclomatic-complexity -MMD -MP -MF"Core/Src/SSD1306_OLED.d" -MT"Core/Src/SSD1306_OLED.o" --specs=nano.specs -mfpu=fpv4-sp-d16 -mfloat-abi=hard -mthumb -o "Core/Src/SSD1306_OLED.o"
arm-none-eabi-gcc -o "StateMashineButton.elf" @"objects.list"   -mcpu=cortex-m4 -T"D:\STM32Project\Pomodoro\StateMashineButton\STM32F411RETX_FLASH.ld" --specs=nosys.specs -Wl,-Map="StateMashineButton.map" -Wl,--gc-sections -static --specs=nano.specs -mfpu=fpv4-sp-d16 -mfloat-abi=hard -mthumb -Wl,--start-group -lc -lm -Wl,--end-group
Finished building target: StateMashineButton.elf
 
arm-none-eabi-size  StateMashineButton.elf 
arm-none-eabi-objdump -h -S StateMashineButton.elf  > "StateMashineButton.list"
   text	   data	    bss	    dec	    hex	filename
  11748	     24	   2800	  14572	   38ec	StateMashineButton.elf
Finished building: default.size.stdout
 
Finished building: StateMashineButton.list
 
22:28:00 **** Incremental Build of configuration Debug for project StateMashineButton ****
make -j12 all 
arm-none-eabi-gcc "../Core/Src/SSD1306_OLED.c" -mcpu=cortex-m4 -std=gnu11 -g3 -DDEBUG -DUSE_HAL_DRIVER -DSTM32F411xE -c -I../Core/Inc -I../Drivers/STM32F4xx_HAL_Driver/Inc -I../Drivers/STM32F4xx_HAL_Driver/Inc/Legacy -I../Drivers/CMSIS/Device/ST/STM32F4xx/Include -I../Drivers/CMSIS/Include -O0 -ffunction-sections -fdata-sections -Wall -fstack-usage -fcyclomatic-complexity -MMD -MP -MF"Core/Src/SSD1306_OLED.d" -MT"Core/Src/SSD1306_OLED.o" --specs=nano.specs -mfpu=fpv4-sp-d16 -mfloat-abi=hard -mthumb -o "Core/Src/SSD1306_OLED.o"
arm-none-eabi-gcc "../Core/Src/main.c" -mcpu=cortex-m4 -std=gnu11 -g3 -DDEBUG -DUSE_HAL_DRIVER -DSTM32F411xE -c -I../Core/Inc -I../Drivers/STM32F4xx_HAL_Driver/Inc -I../Drivers/STM32F4xx_HAL_Driver/Inc/Legacy -I../Drivers/CMSIS/Device/ST/STM32F4xx/Include -I../Drivers/CMSIS/Include -O0 -ffunction-sections -fdata-sections -Wall -fstack-usage -fcyclomatic-complexity -MMD -MP -MF"Core/Src/main.d" -MT"Core/Src/main.o" --specs=nano.specs -mfpu=fpv4-sp-d16 -mfloat-abi=hard -mthumb -o "Core/Src/main.o"
arm-none-eabi-gcc -o "StateMashineButton.elf" @"objects.list"   -mcpu=cortex-m4 -T"D:\STM32Project\Pomodoro\StateMashineButton\STM32F411RETX_FLASH.ld" --specs=nosys.specs -Wl,-Map="StateMashineButton.map" -Wl,--gc-sections -static --specs=nano.specs -mfpu=fpv4-sp-d16 -mfloat-abi=hard -mthumb -Wl,--start-group -lc -lm -Wl,--end-group
Finished building target: StateMashineButton.elf
 
arm-none-eabi-size  StateMashineButton.elf 
arm-none-eabi-objdump -h -S StateMashineButton.elf  > "StateMashineButton.list"
   text	   data	    bss	    dec	    hex	filename
  11816	     24	   2800	  14640	   3930	StateMashineButton.elf
Finished building: default.size.stdout
 
Finished building: StateMashineButton.list
 
22:28:12 **** Incremental Build of configuration Debug for project StateMashineButton ****
make -j12 all 
arm-none-eabi-size  StateMashineButton.elf 
   text	   data	    bss	    dec	    hex	filename
  11816	     24	   2800	  14640	   3930	StateMashineButton.elf
Finished building: default.size.stdout
 
22:28:54 **** Incremental Build of configuration Debug for project StateMashineButton ****
make -j12 all 
arm-none-eabi-gcc "../Core/Src/SSD1306_OLED.c" -mcpu=cortex-m4 -std=gnu11 -g3 -DDEBUG -DUSE_HAL_DRIVER -DSTM32F411xE -c -I../Core/Inc -I../Drivers/STM32F4xx_HAL_Driver/Inc -I../Drivers/STM32F4xx_HAL_Driver/Inc/Legacy -I../Drivers/CMSIS/Device/ST/STM32F4xx/Include -I../Drivers/CMSIS/Include -O0 -ffunction-sections -fdata-sections -Wall -fstack-usage -fcyclomatic-complexity -MMD -MP -MF"Core/Src/SSD1306_OLED.d" -MT"Core/Src/SSD1306_OLED.o" --specs=nano.specs -mfpu=fpv4-sp-d16 -mfloat-abi=hard -mthumb -o "Core/Src/SSD1306_OLED.o"
arm-none-eabi-gcc -o "StateMashineButton.elf" @"objects.list"   -mcpu=cortex-m4 -T"D:\STM32Project\Pomodoro\StateMashineButton\STM32F411RETX_FLASH.ld" --specs=nosys.specs -Wl,-Map="StateMashineButton.map" -Wl,--gc-sections -static --specs=nano.specs -mfpu=fpv4-sp-d16 -mfloat-abi=hard -mthumb -Wl,--start-group -lc -lm -Wl,--end-group
Finished building target: StateMashineButton.elf
 
arm-none-eabi-size  StateMashineButton.elf 
arm-none-eabi-objdump -h -S StateMashineButton.elf  > "StateMashineButton.list"
   text	   data	    bss	    dec	    hex	filename
  11816	     24	   2800	  14640	   3930	StateMashineButton.elf
Finished building: default.size.stdout
 
Finished building: StateMashineButton.list
 
22:29:42 **** Incremental Build of configuration Debug for project StateMashineButton ****
make -j12 all 
arm-none-eabi-gcc "../Core/Src/SSD1306_OLED.c" -mcpu=cortex-m4 -std=gnu11 -g3 -DDEBUG -DUSE_HAL_DRIVER -DSTM32F411xE -c -I../Core/Inc -I../Drivers/STM32F4xx_HAL_Driver/Inc -I../Drivers/STM32F4xx_HAL_Driver/Inc/Legacy -I../Drivers/CMSIS/Device/ST/STM32F4xx/Include -I../Drivers/CMSIS/Include -O0 -ffunction-sections -fdata-sections -Wall -fstack-usage -fcyclomatic-complexity -MMD -MP -MF"Core/Src/SSD1306_OLED.d" -MT"Core/Src/SSD1306_OLED.o" --specs=nano.specs -mfpu=fpv4-sp-d16 -mfloat-abi=hard -mthumb -o "Core/Src/SSD1306_OLED.o"
arm-none-eabi-gcc -o "StateMashineButton.elf" @"objects.list"   -mcpu=cortex-m4 -T"D:\STM32Project\Pomodoro\StateMashineButton\STM32F411RETX_FLASH.ld" --specs=nosys.specs -Wl,-Map="StateMashineButton.map" -Wl,--gc-sections -static --specs=nano.specs -mfpu=fpv4-sp-d16 -mfloat-abi=hard -mthumb -Wl,--start-group -lc -lm -Wl,--end-group
Finished building target: StateMashineButton.elf
 
arm-none-eabi-size  StateMashineButton.elf 
arm-none-eabi-objdump -h -S StateMashineButton.elf  > "StateMashineButton.list"
   text	   data	    bss	    dec	    hex	filename
  11816	     24	   2800	  14640	   3930	StateMashineButton.elf
Finished building: default.size.stdout
 
Finished building: StateMashineButton.list
 
22:30:29 **** Incremental Build of configuration Debug for project StateMashineButton ****
make -j12 all 
arm-none-eabi-gcc "../Core/Src/main.c" -mcpu=cortex-m4 -std=gnu11 -g3 -DDEBUG -DUSE_HAL_DRIVER -DSTM32F411xE -c -I../Core/Inc -I../Drivers/STM32F4xx_HAL_Driver/Inc -I../Drivers/STM32F4xx_HAL_Driver/Inc/Legacy -I../Drivers/CMSIS/Device/ST/STM32F4xx/Include -I../Drivers/CMSIS/Include -O0 -ffunction-sections -fdata-sections -Wall -fstack-usage -fcyclomatic-complexity -MMD -MP -MF"Core/Src/main.d" -MT"Core/Src/main.o" --specs=nano.specs -mfpu=fpv4-sp-d16 -mfloat-abi=hard -mthumb -o "Core/Src/main.o"
arm-none-eabi-gcc -o "StateMashineButton.elf" @"objects.list"   -mcpu=cortex-m4 -T"D:\STM32Project\Pomodoro\StateMashineButton\STM32F411RETX_FLASH.ld" --specs=nosys.specs -Wl,-Map="StateMashineButton.map" -Wl,--gc-sections -static --specs=nano.specs -mfpu=fpv4-sp-d16 -mfloat-abi=hard -mthumb -Wl,--start-group -lc -lm -Wl,--end-group
Finished building target: StateMashineButton.elf
 
arm-none-eabi-size  StateMashineButton.elf 
arm-none-eabi-objdump -h -S StateMashineButton.elf  > "StateMashineButton.list"
   text	   data	    bss	    dec	    hex	filename
  11820	     24	   2800	  14644	   3934	StateMashineButton.elf
Finished building: default.size.stdout
 
Finished building: StateMashineButton.list
 
23:13:34 **** Incremental Build of configuration Debug for project StateMashineButton ****
make -j12 all 
arm-none-eabi-gcc "../Core/Src/SSD1306_OLED.c" -mcpu=cortex-m4 -std=gnu11 -g3 -DDEBUG -DUSE_HAL_DRIVER -DSTM32F411xE -c -I../Core/Inc -I../Drivers/STM32F4xx_HAL_Driver/Inc -I../Drivers/STM32F4xx_HAL_Driver/Inc/Legacy -I../Drivers/CMSIS/Device/ST/STM32F4xx/Include -I../Drivers/CMSIS/Include -O0 -ffunction-sections -fdata-sections -Wall -fstack-usage -fcyclomatic-complexity -MMD -MP -MF"Core/Src/SSD1306_OLED.d" -MT"Core/Src/SSD1306_OLED.o" --specs=nano.specs -mfpu=fpv4-sp-d16 -mfloat-abi=hard -mthumb -o "Core/Src/SSD1306_OLED.o"
../Core/Src/SSD1306_OLED.c: In function 'SSD1306_DrawPixel':
../Core/Src/SSD1306_OLED.c:37:15: error: 'buffer' undeclared (first use in this function); did you mean 'Buffer'?
   37 |               buffer[x + (y / 8) * SSD1306_LCDWIDTH] |= (1 << (y & 7));
      |               ^~~~~~
      |               Buffer
../Core/Src/SSD1306_OLED.c:37:15: note: each undeclared identifier is reported only once for each function it appears in
make: *** [Core/Src/subdir.mk:49: Core/Src/SSD1306_OLED.o] Error 1
"make -j12 all" terminated with exit code 2. Build might be incomplete.
23:13:51 **** Incremental Build of configuration Debug for project StateMashineButton ****
make -j12 all 
arm-none-eabi-gcc "../Core/Src/SSD1306_OLED.c" -mcpu=cortex-m4 -std=gnu11 -g3 -DDEBUG -DUSE_HAL_DRIVER -DSTM32F411xE -c -I../Core/Inc -I../Drivers/STM32F4xx_HAL_Driver/Inc -I../Drivers/STM32F4xx_HAL_Driver/Inc/Legacy -I../Drivers/CMSIS/Device/ST/STM32F4xx/Include -I../Drivers/CMSIS/Include -O0 -ffunction-sections -fdata-sections -Wall -fstack-usage -fcyclomatic-complexity -MMD -MP -MF"Core/Src/SSD1306_OLED.d" -MT"Core/Src/SSD1306_OLED.o" --specs=nano.specs -mfpu=fpv4-sp-d16 -mfloat-abi=hard -mthumb -o "Core/Src/SSD1306_OLED.o"
arm-none-eabi-gcc -o "StateMashineButton.elf" @"objects.list"   -mcpu=cortex-m4 -T"D:\STM32Project\Pomodoro\StateMashineButton\STM32F411RETX_FLASH.ld" --specs=nosys.specs -Wl,-Map="StateMashineButton.map" -Wl,--gc-sections -static --specs=nano.specs -mfpu=fpv4-sp-d16 -mfloat-abi=hard -mthumb -Wl,--start-group -lc -lm -Wl,--end-group
Finished building target: StateMashineButton.elf
 
arm-none-eabi-size  StateMashineButton.elf 
arm-none-eabi-objdump -h -S StateMashineButton.elf  > "StateMashineButton.list"
   text	   data	    bss	    dec	    hex	filename
  11820	     24	   2800	  14644	   3934	StateMashineButton.elf
Finished building: default.size.stdout
 
Finished building: StateMashineButton.list
 
23:14:33 **** Incremental Build of configuration Debug for project StateMashineButton ****
make -j12 all 
arm-none-eabi-gcc "../Core/Src/SSD1306_OLED.c" -mcpu=cortex-m4 -std=gnu11 -g3 -DDEBUG -DUSE_HAL_DRIVER -DSTM32F411xE -c -I../Core/Inc -I../Drivers/STM32F4xx_HAL_Driver/Inc -I../Drivers/STM32F4xx_HAL_Driver/Inc/Legacy -I../Drivers/CMSIS/Device/ST/STM32F4xx/Include -I../Drivers/CMSIS/Include -O0 -ffunction-sections -fdata-sections -Wall -fstack-usage -fcyclomatic-complexity -MMD -MP -MF"Core/Src/SSD1306_OLED.d" -MT"Core/Src/SSD1306_OLED.o" --specs=nano.specs -mfpu=fpv4-sp-d16 -mfloat-abi=hard -mthumb -o "Core/Src/SSD1306_OLED.o"
arm-none-eabi-gcc "../Core/Src/main.c" -mcpu=cortex-m4 -std=gnu11 -g3 -DDEBUG -DUSE_HAL_DRIVER -DSTM32F411xE -c -I../Core/Inc -I../Drivers/STM32F4xx_HAL_Driver/Inc -I../Drivers/STM32F4xx_HAL_Driver/Inc/Legacy -I../Drivers/CMSIS/Device/ST/STM32F4xx/Include -I../Drivers/CMSIS/Include -O0 -ffunction-sections -fdata-sections -Wall -fstack-usage -fcyclomatic-complexity -MMD -MP -MF"Core/Src/main.d" -MT"Core/Src/main.o" --specs=nano.specs -mfpu=fpv4-sp-d16 -mfloat-abi=hard -mthumb -o "Core/Src/main.o"
arm-none-eabi-gcc -o "StateMashineButton.elf" @"objects.list"   -mcpu=cortex-m4 -T"D:\STM32Project\Pomodoro\StateMashineButton\STM32F411RETX_FLASH.ld" --specs=nosys.specs -Wl,-Map="StateMashineButton.map" -Wl,--gc-sections -static --specs=nano.specs -mfpu=fpv4-sp-d16 -mfloat-abi=hard -mthumb -Wl,--start-group -lc -lm -Wl,--end-group
Finished building target: StateMashineButton.elf
 
arm-none-eabi-size  StateMashineButton.elf 
arm-none-eabi-objdump -h -S StateMashineButton.elf  > "StateMashineButton.list"
   text	   data	    bss	    dec	    hex	filename
  12116	     24	   2800	  14940	   3a5c	StateMashineButton.elf
Finished building: default.size.stdout
 
Finished building: StateMashineButton.list
 
23:14:43 **** Incremental Build of configuration Debug for project StateMashineButton ****
make -j12 all 
arm-none-eabi-size  StateMashineButton.elf 
   text	   data	    bss	    dec	    hex	filename
  12116	     24	   2800	  14940	   3a5c	StateMashineButton.elf
Finished building: default.size.stdout
 
23:15:20 **** Incremental Build of configuration Debug for project StateMashineButton ****
make -j12 all 
arm-none-eabi-gcc "../Core/Src/main.c" -mcpu=cortex-m4 -std=gnu11 -g3 -DDEBUG -DUSE_HAL_DRIVER -DSTM32F411xE -c -I../Core/Inc -I../Drivers/STM32F4xx_HAL_Driver/Inc -I../Drivers/STM32F4xx_HAL_Driver/Inc/Legacy -I../Drivers/CMSIS/Device/ST/STM32F4xx/Include -I../Drivers/CMSIS/Include -O0 -ffunction-sections -fdata-sections -Wall -fstack-usage -fcyclomatic-complexity -MMD -MP -MF"Core/Src/main.d" -MT"Core/Src/main.o" --specs=nano.specs -mfpu=fpv4-sp-d16 -mfloat-abi=hard -mthumb -o "Core/Src/main.o"
arm-none-eabi-gcc -o "StateMashineButton.elf" @"objects.list"   -mcpu=cortex-m4 -T"D:\STM32Project\Pomodoro\StateMashineButton\STM32F411RETX_FLASH.ld" --specs=nosys.specs -Wl,-Map="StateMashineButton.map" -Wl,--gc-sections -static --specs=nano.specs -mfpu=fpv4-sp-d16 -mfloat-abi=hard -mthumb -Wl,--start-group -lc -lm -Wl,--end-group
Finished building target: StateMashineButton.elf
 
arm-none-eabi-size  StateMashineButton.elf 
arm-none-eabi-objdump -h -S StateMashineButton.elf  > "StateMashineButton.list"
   text	   data	    bss	    dec	    hex	filename
  12120	     24	   2800	  14944	   3a60	StateMashineButton.elf
Finished building: default.size.stdout
 
Finished building: StateMashineButton.list
 
23:17:37 **** Incremental Build of configuration Debug for project StateMashineButton ****
make -j12 all 
arm-none-eabi-gcc "../Core/Src/main.c" -mcpu=cortex-m4 -std=gnu11 -g3 -DDEBUG -DUSE_HAL_DRIVER -DSTM32F411xE -c -I../Core/Inc -I../Drivers/STM32F4xx_HAL_Driver/Inc -I../Drivers/STM32F4xx_HAL_Driver/Inc/Legacy -I../Drivers/CMSIS/Device/ST/STM32F4xx/Include -I../Drivers/CMSIS/Include -O0 -ffunction-sections -fdata-sections -Wall -fstack-usage -fcyclomatic-complexity -MMD -MP -MF"Core/Src/main.d" -MT"Core/Src/main.o" --specs=nano.specs -mfpu=fpv4-sp-d16 -mfloat-abi=hard -mthumb -o "Core/Src/main.o"
arm-none-eabi-gcc -o "StateMashineButton.elf" @"objects.list"   -mcpu=cortex-m4 -T"D:\STM32Project\Pomodoro\StateMashineButton\STM32F411RETX_FLASH.ld" --specs=nosys.specs -Wl,-Map="StateMashineButton.map" -Wl,--gc-sections -static --specs=nano.specs -mfpu=fpv4-sp-d16 -mfloat-abi=hard -mthumb -Wl,--start-group -lc -lm -Wl,--end-group
Finished building target: StateMashineButton.elf
 
arm-none-eabi-size  StateMashineButton.elf 
arm-none-eabi-objdump -h -S StateMashineButton.elf  > "StateMashineButton.list"
   text	   data	    bss	    dec	    hex	filename
  12112	     24	   2800	  14936	   3a58	StateMashineButton.elf
Finished building: default.size.stdout
 
Finished building: StateMashineButton.list
 
23:21:04 **** Incremental Build of configuration Debug for project StateMashineButton ****
make -j12 all 
arm-none-eabi-gcc "../Core/Src/main.c" -mcpu=cortex-m4 -std=gnu11 -g3 -DDEBUG -DUSE_HAL_DRIVER -DSTM32F411xE -c -I../Core/Inc -I../Drivers/STM32F4xx_HAL_Driver/Inc -I../Drivers/STM32F4xx_HAL_Driver/Inc/Legacy -I../Drivers/CMSIS/Device/ST/STM32F4xx/Include -I../Drivers/CMSIS/Include -O0 -ffunction-sections -fdata-sections -Wall -fstack-usage -fcyclomatic-complexity -MMD -MP -MF"Core/Src/main.d" -MT"Core/Src/main.o" --specs=nano.specs -mfpu=fpv4-sp-d16 -mfloat-abi=hard -mthumb -o "Core/Src/main.o"
arm-none-eabi-gcc -o "StateMashineButton.elf" @"objects.list"   -mcpu=cortex-m4 -T"D:\STM32Project\Pomodoro\StateMashineButton\STM32F411RETX_FLASH.ld" --specs=nosys.specs -Wl,-Map="StateMashineButton.map" -Wl,--gc-sections -static --specs=nano.specs -mfpu=fpv4-sp-d16 -mfloat-abi=hard -mthumb -Wl,--start-group -lc -lm -Wl,--end-group
Finished building target: StateMashineButton.elf
 
arm-none-eabi-size  StateMashineButton.elf 
arm-none-eabi-objdump -h -S StateMashineButton.elf  > "StateMashineButton.list"
   text	   data	    bss	    dec	    hex	filename
  12148	     24	   2800	  14972	   3a7c	StateMashineButton.elf
Finished building: default.size.stdout
 
Finished building: StateMashineButton.list
 
12:28:58 **** Incremental Build of configuration Debug for project StateMashineButton ****
make -j12 all 
arm-none-eabi-gcc "../Core/Src/Button.c" -mcpu=cortex-m4 -std=gnu11 -g3 -DDEBUG -DUSE_HAL_DRIVER -DSTM32F411xE -c -I../Core/Inc -I../Drivers/STM32F4xx_HAL_Driver/Inc -I../Drivers/STM32F4xx_HAL_Driver/Inc/Legacy -I../Drivers/CMSIS/Device/ST/STM32F4xx/Include -I../Drivers/CMSIS/Include -O0 -ffunction-sections -fdata-sections -Wall -fstack-usage -fcyclomatic-complexity -MMD -MP -MF"Core/Src/Button.d" -MT"Core/Src/Button.o" --specs=nano.specs -mfpu=fpv4-sp-d16 -mfloat-abi=hard -mthumb -o "Core/Src/Button.o"
arm-none-eabi-gcc "../Core/Src/GFX_BlackWhite.c" -mcpu=cortex-m4 -std=gnu11 -g3 -DDEBUG -DUSE_HAL_DRIVER -DSTM32F411xE -c -I../Core/Inc -I../Drivers/STM32F4xx_HAL_Driver/Inc -I../Drivers/STM32F4xx_HAL_Driver/Inc/Legacy -I../Drivers/CMSIS/Device/ST/STM32F4xx/Include -I../Drivers/CMSIS/Include -O0 -ffunction-sections -fdata-sections -Wall -fstack-usage -fcyclomatic-complexity -MMD -MP -MF"Core/Src/GFX_BlackWhite.d" -MT"Core/Src/GFX_BlackWhite.o" --specs=nano.specs -mfpu=fpv4-sp-d16 -mfloat-abi=hard -mthumb -o "Core/Src/GFX_BlackWhite.o"
arm-none-eabi-gcc "../Core/Src/SSD1306_OLED.c" -mcpu=cortex-m4 -std=gnu11 -g3 -DDEBUG -DUSE_HAL_DRIVER -DSTM32F411xE -c -I../Core/Inc -I../Drivers/STM32F4xx_HAL_Driver/Inc -I../Drivers/STM32F4xx_HAL_Driver/Inc/Legacy -I../Drivers/CMSIS/Device/ST/STM32F4xx/Include -I../Drivers/CMSIS/Include -O0 -ffunction-sections -fdata-sections -Wall -fstack-usage -fcyclomatic-complexity -MMD -MP -MF"Core/Src/SSD1306_OLED.d" -MT"Core/Src/SSD1306_OLED.o" --specs=nano.specs -mfpu=fpv4-sp-d16 -mfloat-abi=hard -mthumb -o "Core/Src/SSD1306_OLED.o"
arm-none-eabi-gcc "../Core/Src/gpio.c" -mcpu=cortex-m4 -std=gnu11 -g3 -DDEBUG -DUSE_HAL_DRIVER -DSTM32F411xE -c -I../Core/Inc -I../Drivers/STM32F4xx_HAL_Driver/Inc -I../Drivers/STM32F4xx_HAL_Driver/Inc/Legacy -I../Drivers/CMSIS/Device/ST/STM32F4xx/Include -I../Drivers/CMSIS/Include -O0 -ffunction-sections -fdata-sections -Wall -fstack-usage -fcyclomatic-complexity -MMD -MP -MF"Core/Src/gpio.d" -MT"Core/Src/gpio.o" --specs=nano.specs -mfpu=fpv4-sp-d16 -mfloat-abi=hard -mthumb -o "Core/Src/gpio.o"
arm-none-eabi-gcc "../Core/Src/i2c.c" -mcpu=cortex-m4 -std=gnu11 -g3 -DDEBUG -DUSE_HAL_DRIVER -DSTM32F411xE -c -I../Core/Inc -I../Drivers/STM32F4xx_HAL_Driver/Inc -I../Drivers/STM32F4xx_HAL_Driver/Inc/Legacy -I../Drivers/CMSIS/Device/ST/STM32F4xx/Include -I../Drivers/CMSIS/Include -O0 -ffunction-sections -fdata-sections -Wall -fstack-usage -fcyclomatic-complexity -MMD -MP -MF"Core/Src/i2c.d" -MT"Core/Src/i2c.o" --specs=nano.specs -mfpu=fpv4-sp-d16 -mfloat-abi=hard -mthumb -o "Core/Src/i2c.o"
arm-none-eabi-gcc "../Core/Src/main.c" -mcpu=cortex-m4 -std=gnu11 -g3 -DDEBUG -DUSE_HAL_DRIVER -DSTM32F411xE -c -I../Core/Inc -I../Drivers/STM32F4xx_HAL_Driver/Inc -I../Drivers/STM32F4xx_HAL_Driver/Inc/Legacy -I../Drivers/CMSIS/Device/ST/STM32F4xx/Include -I../Drivers/CMSIS/Include -O0 -ffunction-sections -fdata-sections -Wall -fstack-usage -fcyclomatic-complexity -MMD -MP -MF"Core/Src/main.d" -MT"Core/Src/main.o" --specs=nano.specs -mfpu=fpv4-sp-d16 -mfloat-abi=hard -mthumb -o "Core/Src/main.o"
arm-none-eabi-gcc "../Core/Src/stm32f4xx_hal_msp.c" -mcpu=cortex-m4 -std=gnu11 -g3 -DDEBUG -DUSE_HAL_DRIVER -DSTM32F411xE -c -I../Core/Inc -I../Drivers/STM32F4xx_HAL_Driver/Inc -I../Drivers/STM32F4xx_HAL_Driver/Inc/Legacy -I../Drivers/CMSIS/Device/ST/STM32F4xx/Include -I../Drivers/CMSIS/Include -O0 -ffunction-sections -fdata-sections -Wall -fstack-usage -fcyclomatic-complexity -MMD -MP -MF"Core/Src/stm32f4xx_hal_msp.d" -MT"Core/Src/stm32f4xx_hal_msp.o" --specs=nano.specs -mfpu=fpv4-sp-d16 -mfloat-abi=hard -mthumb -o "Core/Src/stm32f4xx_hal_msp.o"
arm-none-eabi-gcc "../Core/Src/stm32f4xx_it.c" -mcpu=cortex-m4 -std=gnu11 -g3 -DDEBUG -DUSE_HAL_DRIVER -DSTM32F411xE -c -I../Core/Inc -I../Drivers/STM32F4xx_HAL_Driver/Inc -I../Drivers/STM32F4xx_HAL_Driver/Inc/Legacy -I../Drivers/CMSIS/Device/ST/STM32F4xx/Include -I../Drivers/CMSIS/Include -O0 -ffunction-sections -fdata-sections -Wall -fstack-usage -fcyclomatic-complexity -MMD -MP -MF"Core/Src/stm32f4xx_it.d" -MT"Core/Src/stm32f4xx_it.o" --specs=nano.specs -mfpu=fpv4-sp-d16 -mfloat-abi=hard -mthumb -o "Core/Src/stm32f4xx_it.o"
arm-none-eabi-gcc "../Core/Src/syscalls.c" -mcpu=cortex-m4 -std=gnu11 -g3 -DDEBUG -DUSE_HAL_DRIVER -DSTM32F411xE -c -I../Core/Inc -I../Drivers/STM32F4xx_HAL_Driver/Inc -I../Drivers/STM32F4xx_HAL_Driver/Inc/Legacy -I../Drivers/CMSIS/Device/ST/STM32F4xx/Include -I../Drivers/CMSIS/Include -O0 -ffunction-sections -fdata-sections -Wall -fstack-usage -fcyclomatic-complexity -MMD -MP -MF"Core/Src/syscalls.d" -MT"Core/Src/syscalls.o" --specs=nano.specs -mfpu=fpv4-sp-d16 -mfloat-abi=hard -mthumb -o "Core/Src/syscalls.o"
arm-none-eabi-gcc "../Core/Src/sysmem.c" -mcpu=cortex-m4 -std=gnu11 -g3 -DDEBUG -DUSE_HAL_DRIVER -DSTM32F411xE -c -I../Core/Inc -I../Drivers/STM32F4xx_HAL_Driver/Inc -I../Drivers/STM32F4xx_HAL_Driver/Inc/Legacy -I../Drivers/CMSIS/Device/ST/STM32F4xx/Include -I../Drivers/CMSIS/Include -O0 -ffunction-sections -fdata-sections -Wall -fstack-usage -fcyclomatic-complexity -MMD -MP -MF"Core/Src/sysmem.d" -MT"Core/Src/sysmem.o" --specs=nano.specs -mfpu=fpv4-sp-d16 -mfloat-abi=hard -mthumb -o "Core/Src/sysmem.o"
arm-none-eabi-gcc "../Core/Src/system_stm32f4xx.c" -mcpu=cortex-m4 -std=gnu11 -g3 -DDEBUG -DUSE_HAL_DRIVER -DSTM32F411xE -c -I../Core/Inc -I../Drivers/STM32F4xx_HAL_Driver/Inc -I../Drivers/STM32F4xx_HAL_Driver/Inc/Legacy -I../Drivers/CMSIS/Device/ST/STM32F4xx/Include -I../Drivers/CMSIS/Include -O0 -ffunction-sections -fdata-sections -Wall -fstack-usage -fcyclomatic-complexity -MMD -MP -MF"Core/Src/system_stm32f4xx.d" -MT"Core/Src/system_stm32f4xx.o" --specs=nano.specs -mfpu=fpv4-sp-d16 -mfloat-abi=hard -mthumb -o "Core/Src/system_stm32f4xx.o"
arm-none-eabi-gcc "../Core/Src/usart.c" -mcpu=cortex-m4 -std=gnu11 -g3 -DDEBUG -DUSE_HAL_DRIVER -DSTM32F411xE -c -I../Core/Inc -I../Drivers/STM32F4xx_HAL_Driver/Inc -I../Drivers/STM32F4xx_HAL_Driver/Inc/Legacy -I../Drivers/CMSIS/Device/ST/STM32F4xx/Include -I../Drivers/CMSIS/Include -O0 -ffunction-sections -fdata-sections -Wall -fstack-usage -fcyclomatic-complexity -MMD -MP -MF"Core/Src/usart.d" -MT"Core/Src/usart.o" --specs=nano.specs -mfpu=fpv4-sp-d16 -mfloat-abi=hard -mthumb -o "Core/Src/usart.o"
../Core/Src/GFX_BlackWhite.c:14:10: fatal error: GFX_BW.h: No such file or directory
   14 | #include "GFX_BW.h"
      |          ^~~~~~~~~~
compilation terminated.
make: *** [Core/Src/subdir.mk:52: Core/Src/GFX_BlackWhite.o] Error 1
make: *** Waiting for unfinished jobs....
"make -j12 all" terminated with exit code 2. Build might be incomplete.
12:29:21 **** Incremental Build of configuration Debug for project StateMashineButton ****
make -j12 all 
arm-none-eabi-gcc "../Core/Src/GFX_BlackWhite.c" -mcpu=cortex-m4 -std=gnu11 -g3 -DDEBUG -DUSE_HAL_DRIVER -DSTM32F411xE -c -I../Core/Inc -I../Drivers/STM32F4xx_HAL_Driver/Inc -I../Drivers/STM32F4xx_HAL_Driver/Inc/Legacy -I../Drivers/CMSIS/Device/ST/STM32F4xx/Include -I../Drivers/CMSIS/Include -O0 -ffunction-sections -fdata-sections -Wall -fstack-usage -fcyclomatic-complexity -MMD -MP -MF"Core/Src/GFX_BlackWhite.d" -MT"Core/Src/GFX_BlackWhite.o" --specs=nano.specs -mfpu=fpv4-sp-d16 -mfloat-abi=hard -mthumb -o "Core/Src/GFX_BlackWhite.o"
arm-none-eabi-gcc -o "StateMashineButton.elf" @"objects.list"   -mcpu=cortex-m4 -T"D:\STM32Project\Pomodoro\StateMashineButton\STM32F411RETX_FLASH.ld" --specs=nosys.specs -Wl,-Map="StateMashineButton.map" -Wl,--gc-sections -static --specs=nano.specs -mfpu=fpv4-sp-d16 -mfloat-abi=hard -mthumb -Wl,--start-group -lc -lm -Wl,--end-group
Finished building target: StateMashineButton.elf
 
arm-none-eabi-size  StateMashineButton.elf 
arm-none-eabi-objdump -h -S StateMashineButton.elf  > "StateMashineButton.list"
   text	   data	    bss	    dec	    hex	filename
  12148	     24	   2800	  14972	   3a7c	StateMashineButton.elf
Finished building: default.size.stdout
 
Finished building: StateMashineButton.list
 
12:29:44 **** Incremental Build of configuration Debug for project StateMashineButton ****
make -j12 all 
arm-none-eabi-gcc "../Core/Src/main.c" -mcpu=cortex-m4 -std=gnu11 -g3 -DDEBUG -DUSE_HAL_DRIVER -DSTM32F411xE -c -I../Core/Inc -I../Drivers/STM32F4xx_HAL_Driver/Inc -I../Drivers/STM32F4xx_HAL_Driver/Inc/Legacy -I../Drivers/CMSIS/Device/ST/STM32F4xx/Include -I../Drivers/CMSIS/Include -O0 -ffunction-sections -fdata-sections -Wall -fstack-usage -fcyclomatic-complexity -MMD -MP -MF"Core/Src/main.d" -MT"Core/Src/main.o" --specs=nano.specs -mfpu=fpv4-sp-d16 -mfloat-abi=hard -mthumb -o "Core/Src/main.o"
arm-none-eabi-gcc -o "StateMashineButton.elf" @"objects.list"   -mcpu=cortex-m4 -T"D:\STM32Project\Pomodoro\StateMashineButton\STM32F411RETX_FLASH.ld" --specs=nosys.specs -Wl,-Map="StateMashineButton.map" -Wl,--gc-sections -static --specs=nano.specs -mfpu=fpv4-sp-d16 -mfloat-abi=hard -mthumb -Wl,--start-group -lc -lm -Wl,--end-group
Finished building target: StateMashineButton.elf
 
arm-none-eabi-size  StateMashineButton.elf 
arm-none-eabi-objdump -h -S StateMashineButton.elf  > "StateMashineButton.list"
   text	   data	    bss	    dec	    hex	filename
  12148	     24	   2800	  14972	   3a7c	StateMashineButton.elf
Finished building: default.size.stdout
 
Finished building: StateMashineButton.list
 
12:31:16 **** Incremental Build of configuration Debug for project StateMashineButton ****
make -j12 all 
arm-none-eabi-gcc "../Core/Src/main.c" -mcpu=cortex-m4 -std=gnu11 -g3 -DDEBUG -DUSE_HAL_DRIVER -DSTM32F411xE -c -I../Core/Inc -I../Drivers/STM32F4xx_HAL_Driver/Inc -I../Drivers/STM32F4xx_HAL_Driver/Inc/Legacy -I../Drivers/CMSIS/Device/ST/STM32F4xx/Include -I../Drivers/CMSIS/Include -O0 -ffunction-sections -fdata-sections -Wall -fstack-usage -fcyclomatic-complexity -MMD -MP -MF"Core/Src/main.d" -MT"Core/Src/main.o" --specs=nano.specs -mfpu=fpv4-sp-d16 -mfloat-abi=hard -mthumb -o "Core/Src/main.o"
arm-none-eabi-gcc -o "StateMashineButton.elf" @"objects.list"   -mcpu=cortex-m4 -T"D:\STM32Project\Pomodoro\StateMashineButton\STM32F411RETX_FLASH.ld" --specs=nosys.specs -Wl,-Map="StateMashineButton.map" -Wl,--gc-sections -static --specs=nano.specs -mfpu=fpv4-sp-d16 -mfloat-abi=hard -mthumb -Wl,--start-group -lc -lm -Wl,--end-group
Finished building target: StateMashineButton.elf
 
arm-none-eabi-size  StateMashineButton.elf 
arm-none-eabi-objdump -h -S StateMashineButton.elf  > "StateMashineButton.list"
   text	   data	    bss	    dec	    hex	filename
  12588	     24	   2800	  15412	   3c34	StateMashineButton.elf
Finished building: default.size.stdout
 
Finished building: StateMashineButton.list
 
12:31:36 **** Incremental Build of configuration Debug for project StateMashineButton ****
make -j12 all 
arm-none-eabi-size  StateMashineButton.elf 
   text	   data	    bss	    dec	    hex	filename
  12588	     24	   2800	  15412	   3c34	StateMashineButton.elf
Finished building: default.size.stdout
 
12:32:23 **** Incremental Build of configuration Debug for project StateMashineButton ****
make -j12 all 
arm-none-eabi-gcc "../Core/Src/main.c" -mcpu=cortex-m4 -std=gnu11 -g3 -DDEBUG -DUSE_HAL_DRIVER -DSTM32F411xE -c -I../Core/Inc -I../Drivers/STM32F4xx_HAL_Driver/Inc -I../Drivers/STM32F4xx_HAL_Driver/Inc/Legacy -I../Drivers/CMSIS/Device/ST/STM32F4xx/Include -I../Drivers/CMSIS/Include -O0 -ffunction-sections -fdata-sections -Wall -fstack-usage -fcyclomatic-complexity -MMD -MP -MF"Core/Src/main.d" -MT"Core/Src/main.o" --specs=nano.specs -mfpu=fpv4-sp-d16 -mfloat-abi=hard -mthumb -o "Core/Src/main.o"
arm-none-eabi-gcc -o "StateMashineButton.elf" @"objects.list"   -mcpu=cortex-m4 -T"D:\STM32Project\Pomodoro\StateMashineButton\STM32F411RETX_FLASH.ld" --specs=nosys.specs -Wl,-Map="StateMashineButton.map" -Wl,--gc-sections -static --specs=nano.specs -mfpu=fpv4-sp-d16 -mfloat-abi=hard -mthumb -Wl,--start-group -lc -lm -Wl,--end-group
Finished building target: StateMashineButton.elf
 
arm-none-eabi-size  StateMashineButton.elf 
arm-none-eabi-objdump -h -S StateMashineButton.elf  > "StateMashineButton.list"
   text	   data	    bss	    dec	    hex	filename
  12588	     24	   2800	  15412	   3c34	StateMashineButton.elf
Finished building: default.size.stdout
 
Finished building: StateMashineButton.list
 
12:33:28 **** Incremental Build of configuration Debug for project StateMashineButton ****
make -j12 all 
arm-none-eabi-gcc "../Core/Src/main.c" -mcpu=cortex-m4 -std=gnu11 -g3 -DDEBUG -DUSE_HAL_DRIVER -DSTM32F411xE -c -I../Core/Inc -I../Drivers/STM32F4xx_HAL_Driver/Inc -I../Drivers/STM32F4xx_HAL_Driver/Inc/Legacy -I../Drivers/CMSIS/Device/ST/STM32F4xx/Include -I../Drivers/CMSIS/Include -O0 -ffunction-sections -fdata-sections -Wall -fstack-usage -fcyclomatic-complexity -MMD -MP -MF"Core/Src/main.d" -MT"Core/Src/main.o" --specs=nano.specs -mfpu=fpv4-sp-d16 -mfloat-abi=hard -mthumb -o "Core/Src/main.o"
arm-none-eabi-gcc -o "StateMashineButton.elf" @"objects.list"   -mcpu=cortex-m4 -T"D:\STM32Project\Pomodoro\StateMashineButton\STM32F411RETX_FLASH.ld" --specs=nosys.specs -Wl,-Map="StateMashineButton.map" -Wl,--gc-sections -static --specs=nano.specs -mfpu=fpv4-sp-d16 -mfloat-abi=hard -mthumb -Wl,--start-group -lc -lm -Wl,--end-group
Finished building target: StateMashineButton.elf
 
arm-none-eabi-size  StateMashineButton.elf 
arm-none-eabi-objdump -h -S StateMashineButton.elf  > "StateMashineButton.list"
   text	   data	    bss	    dec	    hex	filename
  12588	     24	   2800	  15412	   3c34	StateMashineButton.elf
Finished building: default.size.stdout
 
Finished building: StateMashineButton.list
 
12:52:28 **** Incremental Build of configuration Debug for project StateMashineButton ****
make -j12 all 
arm-none-eabi-gcc "../Core/Src/main.c" -mcpu=cortex-m4 -std=gnu11 -g3 -DDEBUG -DUSE_HAL_DRIVER -DSTM32F411xE -c -I../Core/Inc -I../Drivers/STM32F4xx_HAL_Driver/Inc -I../Drivers/STM32F4xx_HAL_Driver/Inc/Legacy -I../Drivers/CMSIS/Device/ST/STM32F4xx/Include -I../Drivers/CMSIS/Include -O0 -ffunction-sections -fdata-sections -Wall -fstack-usage -fcyclomatic-complexity -MMD -MP -MF"Core/Src/main.d" -MT"Core/Src/main.o" --specs=nano.specs -mfpu=fpv4-sp-d16 -mfloat-abi=hard -mthumb -o "Core/Src/main.o"
../Core/Src/main.c:30:10: fatal error: fonts.h: No such file or directory
   30 | #include "fonts.h"
      |          ^~~~~~~~~
compilation terminated.
make: *** [Core/Src/subdir.mk:52: Core/Src/main.o] Error 1
"make -j12 all" terminated with exit code 2. Build might be incomplete.
14:25:02 **** Incremental Build of configuration Debug for project StateMashineButton ****
make -j12 all 
arm-none-eabi-gcc "../Core/Src/main.c" -mcpu=cortex-m4 -std=gnu11 -g3 -DDEBUG -DUSE_HAL_DRIVER -DSTM32F411xE -c -I../Core/Inc -I../Drivers/STM32F4xx_HAL_Driver/Inc -I../Drivers/STM32F4xx_HAL_Driver/Inc/Legacy -I../Drivers/CMSIS/Device/ST/STM32F4xx/Include -I../Drivers/CMSIS/Include -O0 -ffunction-sections -fdata-sections -Wall -fstack-usage -fcyclomatic-complexity -MMD -MP -MF"Core/Src/main.d" -MT"Core/Src/main.o" --specs=nano.specs -mfpu=fpv4-sp-d16 -mfloat-abi=hard -mthumb -o "Core/Src/main.o"
../Core/Src/main.c: In function 'main':
../Core/Src/main.c:109:15: warning: passing argument 1 of 'GFX_SetFont' from incompatible pointer type [-Wincompatible-pointer-types]
  109 |   GFX_SetFont(&font_8x5);
      |               ^~~~~~~~~
      |               |
      |               const uint8_t (*)[477] {aka const unsigned char (*)[477]}
In file included from ../Core/Src/main.c:29:
../Core/Inc/GFX_BlackWhite.h:76:33: note: expected 'const uint8_t *' {aka 'const unsigned char *'} but argument is of type 'const uint8_t (*)[477]' {aka 'const unsigned char (*)[477]'}
   76 | void GFX_SetFont(const uint8_t* font_t);
      |                  ~~~~~~~~~~~~~~~^~~~~~
arm-none-eabi-gcc -o "StateMashineButton.elf" @"objects.list"   -mcpu=cortex-m4 -T"D:\STM32Project\Pomodoro\StateMashineButton\STM32F411RETX_FLASH.ld" --specs=nosys.specs -Wl,-Map="StateMashineButton.map" -Wl,--gc-sections -static --specs=nano.specs -mfpu=fpv4-sp-d16 -mfloat-abi=hard -mthumb -Wl,--start-group -lc -lm -Wl,--end-group
Finished building target: StateMashineButton.elf
 
arm-none-eabi-size  StateMashineButton.elf 
arm-none-eabi-objdump -h -S StateMashineButton.elf  > "StateMashineButton.list"
   text	   data	    bss	    dec	    hex	filename
  13760	     28	   2804	  16592	   40d0	StateMashineButton.elf
Finished building: default.size.stdout
 
Finished building: StateMashineButton.list
 
14:38:01 **** Incremental Build of configuration Debug for project StateMashineButton ****
make -j12 all 
arm-none-eabi-gcc "../Core/Src/main.c" -mcpu=cortex-m4 -std=gnu11 -g3 -DDEBUG -DUSE_HAL_DRIVER -DSTM32F411xE -c -I../Core/Inc -I../Drivers/STM32F4xx_HAL_Driver/Inc -I../Drivers/STM32F4xx_HAL_Driver/Inc/Legacy -I../Drivers/CMSIS/Device/ST/STM32F4xx/Include -I../Drivers/CMSIS/Include -O0 -ffunction-sections -fdata-sections -Wall -fstack-usage -fcyclomatic-complexity -MMD -MP -MF"Core/Src/main.d" -MT"Core/Src/main.o" --specs=nano.specs -mfpu=fpv4-sp-d16 -mfloat-abi=hard -mthumb -o "Core/Src/main.o"
../Core/Src/main.c: In function 'main':
../Core/Src/main.c:109:15: warning: passing argument 1 of 'GFX_SetFont' makes pointer from integer without a cast [-Wint-conversion]
  109 |   GFX_SetFont(*font_8x5);
      |               ^~~~~~~~~
      |               |
      |               uint8_t {aka unsigned char}
In file included from ../Core/Src/main.c:29:
../Core/Inc/GFX_BlackWhite.h:76:33: note: expected 'const uint8_t *' {aka 'const unsigned char *'} but argument is of type 'uint8_t' {aka 'unsigned char'}
   76 | void GFX_SetFont(const uint8_t* font_t);
      |                  ~~~~~~~~~~~~~~~^~~~~~
arm-none-eabi-gcc -o "StateMashineButton.elf" @"objects.list"   -mcpu=cortex-m4 -T"D:\STM32Project\Pomodoro\StateMashineButton\STM32F411RETX_FLASH.ld" --specs=nosys.specs -Wl,-Map="StateMashineButton.map" -Wl,--gc-sections -static --specs=nano.specs -mfpu=fpv4-sp-d16 -mfloat-abi=hard -mthumb -Wl,--start-group -lc -lm -Wl,--end-group
Finished building target: StateMashineButton.elf
 
arm-none-eabi-size  StateMashineButton.elf 
arm-none-eabi-objdump -h -S StateMashineButton.elf  > "StateMashineButton.list"
   text	   data	    bss	    dec	    hex	filename
  13280	     28	   2804	  16112	   3ef0	StateMashineButton.elf
Finished building: default.size.stdout
 
Finished building: StateMashineButton.list
 
14:38:13 **** Incremental Build of configuration Debug for project StateMashineButton ****
make -j12 all 
arm-none-eabi-gcc "../Core/Src/main.c" -mcpu=cortex-m4 -std=gnu11 -g3 -DDEBUG -DUSE_HAL_DRIVER -DSTM32F411xE -c -I../Core/Inc -I../Drivers/STM32F4xx_HAL_Driver/Inc -I../Drivers/STM32F4xx_HAL_Driver/Inc/Legacy -I../Drivers/CMSIS/Device/ST/STM32F4xx/Include -I../Drivers/CMSIS/Include -O0 -ffunction-sections -fdata-sections -Wall -fstack-usage -fcyclomatic-complexity -MMD -MP -MF"Core/Src/main.d" -MT"Core/Src/main.o" --specs=nano.specs -mfpu=fpv4-sp-d16 -mfloat-abi=hard -mthumb -o "Core/Src/main.o"
arm-none-eabi-gcc -o "StateMashineButton.elf" @"objects.list"   -mcpu=cortex-m4 -T"D:\STM32Project\Pomodoro\StateMashineButton\STM32F411RETX_FLASH.ld" --specs=nosys.specs -Wl,-Map="StateMashineButton.map" -Wl,--gc-sections -static --specs=nano.specs -mfpu=fpv4-sp-d16 -mfloat-abi=hard -mthumb -Wl,--start-group -lc -lm -Wl,--end-group
Finished building target: StateMashineButton.elf
 
arm-none-eabi-size  StateMashineButton.elf 
arm-none-eabi-objdump -h -S StateMashineButton.elf  > "StateMashineButton.list"
   text	   data	    bss	    dec	    hex	filename
  13760	     28	   2804	  16592	   40d0	StateMashineButton.elf
Finished building: default.size.stdout
 
Finished building: StateMashineButton.list
 
22:14:10 **** Incremental Build of configuration Debug for project StateMashineButton ****
make -j12 all 
arm-none-eabi-gcc "../Core/Src/Button.c" -mcpu=cortex-m4 -std=gnu11 -g3 -DDEBUG -DUSE_HAL_DRIVER -DSTM32F411xE -c -I../Core/Inc -I../Drivers/STM32F4xx_HAL_Driver/Inc -I../Drivers/STM32F4xx_HAL_Driver/Inc/Legacy -I../Drivers/CMSIS/Device/ST/STM32F4xx/Include -I../Drivers/CMSIS/Include -O0 -ffunction-sections -fdata-sections -Wall -fstack-usage -fcyclomatic-complexity -MMD -MP -MF"Core/Src/Button.d" -MT"Core/Src/Button.o" --specs=nano.specs -mfpu=fpv4-sp-d16 -mfloat-abi=hard -mthumb -o "Core/Src/Button.o"
arm-none-eabi-gcc "../Core/Src/main.c" -mcpu=cortex-m4 -std=gnu11 -g3 -DDEBUG -DUSE_HAL_DRIVER -DSTM32F411xE -c -I../Core/Inc -I../Drivers/STM32F4xx_HAL_Driver/Inc -I../Drivers/STM32F4xx_HAL_Driver/Inc/Legacy -I../Drivers/CMSIS/Device/ST/STM32F4xx/Include -I../Drivers/CMSIS/Include -O0 -ffunction-sections -fdata-sections -Wall -fstack-usage -fcyclomatic-complexity -MMD -MP -MF"Core/Src/main.d" -MT"Core/Src/main.o" --specs=nano.specs -mfpu=fpv4-sp-d16 -mfloat-abi=hard -mthumb -o "Core/Src/main.o"
In file included from ../Core/Src/Button.c:8:
../Core/Inc/Button.h:22:9: error: redeclaration of enumerator 'IDLE'
   22 |         IDLE=0,
      |         ^~~~
../Core/Inc/Button.h:14:9: note: previous definition of 'IDLE' with type 'enum <anonymous>'
   14 |         IDLE = 0,
      |         ^~~~
../Core/Inc/Button.h:23:9: error: redeclaration of enumerator 'PRESSED'
   23 |         PRESSED,
      |         ^~~~~~~
../Core/Inc/Button.h:16:9: note: previous definition of 'PRESSED' with type 'enum <anonymous>'
   16 |         PRESSED,
      |         ^~~~~~~
../Core/Inc/Button.h:24:9: error: redeclaration of enumerator 'LONG_PRESSED'
   24 |         LONG_PRESSED,
      |         ^~~~~~~~~~~~
../Core/Inc/Button.h:17:9: note: previous definition of 'LONG_PRESSED' with type 'enum <anonymous>'
   17 |         LONG_PRESSED,
      |         ^~~~~~~~~~~~
../Core/Inc/Button.h:25:9: error: redeclaration of enumerator 'REPEAT'
   25 |         REPEAT
      |         ^~~~~~
../Core/Inc/Button.h:18:9: note: previous definition of 'REPEAT' with type 'enum <anonymous>'
   18 |         REPEAT
      |         ^~~~~~
In file included from ../Core/Src/main.c:27:
../Core/Inc/Button.h:22:9: error: redeclaration of enumerator 'IDLE'
   22 |         IDLE=0,
      |         ^~~~
../Core/Inc/Button.h:14:9: note: previous definition of 'IDLE' with type 'enum <anonymous>'
   14 |         IDLE = 0,
      |         ^~~~
../Core/Inc/Button.h:23:9: error: redeclaration of enumerator 'PRESSED'
   23 |         PRESSED,
      |         ^~~~~~~
../Core/Inc/Button.h:16:9: note: previous definition of 'PRESSED' with type 'enum <anonymous>'
   16 |         PRESSED,
      |         ^~~~~~~
../Core/Inc/Button.h:24:9: error: redeclaration of enumerator 'LONG_PRESSED'
   24 |         LONG_PRESSED,
      |         ^~~~~~~~~~~~
../Core/Inc/Button.h:17:9: note: previous definition of 'LONG_PRESSED' with type 'enum <anonymous>'
   17 |         LONG_PRESSED,
      |         ^~~~~~~~~~~~
../Core/Inc/Button.h:25:9: error: redeclaration of enumerator 'REPEAT'
   25 |         REPEAT
      |         ^~~~~~
../Core/Inc/Button.h:18:9: note: previous definition of 'REPEAT' with type 'enum <anonymous>'
   18 |         REPEAT
      |         ^~~~~~
../Core/Src/Button.c: In function 'ButtonDebounceRoutine':
../Core/Src/Button.c:72:25: error: 'Button_State' undeclared (first use in this function); did you mean 'Button_t'?
   72 |                         Button_State = PRESSED;
      |                         ^~~~~~~~~~~~
      |                         Button_t
../Core/Src/Button.c:72:25: note: each undeclared identifier is reported only once for each function it appears in
../Core/Src/Button.c: In function 'ButtonPressedRoutine':
../Core/Src/Button.c:94:25: error: 'Button_State' undeclared (first use in this function); did you mean 'Button_t'?
   94 |                         Button_State = LONG_PRESSED;
      |                         ^~~~~~~~~~~~
      |                         Button_t
../Core/Src/Button.c: In function 'ButtonTask':
../Core/Src/Button.c:167:9: error: duplicate case value
  167 |         case PRESSED:
      |         ^~~~
../Core/Src/Button.c:163:9: note: previously used here
  163 |         case DEBOUNCE:
      |         ^~~~
../Core/Src/Button.c:157:9: warning: enumeration value 'REPEAT' not handled in switch [-Wswitch]
  157 |         switch (Button->State)
      |         ^~~~~~
make: *** [Core/Src/subdir.mk:52: Core/Src/main.o] Error 1
make: *** Waiting for unfinished jobs....
make: *** [Core/Src/subdir.mk:52: Core/Src/Button.o] Error 1
"make -j12 all" terminated with exit code 2. Build might be incomplete.
22:14:30 **** Incremental Build of configuration Debug for project StateMashineButton ****
make -j12 all 
arm-none-eabi-gcc "../Core/Src/Button.c" -mcpu=cortex-m4 -std=gnu11 -g3 -DDEBUG -DUSE_HAL_DRIVER -DSTM32F411xE -c -I../Core/Inc -I../Drivers/STM32F4xx_HAL_Driver/Inc -I../Drivers/STM32F4xx_HAL_Driver/Inc/Legacy -I../Drivers/CMSIS/Device/ST/STM32F4xx/Include -I../Drivers/CMSIS/Include -O0 -ffunction-sections -fdata-sections -Wall -fstack-usage -fcyclomatic-complexity -MMD -MP -MF"Core/Src/Button.d" -MT"Core/Src/Button.o" --specs=nano.specs -mfpu=fpv4-sp-d16 -mfloat-abi=hard -mthumb -o "Core/Src/Button.o"
arm-none-eabi-gcc "../Core/Src/main.c" -mcpu=cortex-m4 -std=gnu11 -g3 -DDEBUG -DUSE_HAL_DRIVER -DSTM32F411xE -c -I../Core/Inc -I../Drivers/STM32F4xx_HAL_Driver/Inc -I../Drivers/STM32F4xx_HAL_Driver/Inc/Legacy -I../Drivers/CMSIS/Device/ST/STM32F4xx/Include -I../Drivers/CMSIS/Include -O0 -ffunction-sections -fdata-sections -Wall -fstack-usage -fcyclomatic-complexity -MMD -MP -MF"Core/Src/main.d" -MT"Core/Src/main.o" --specs=nano.specs -mfpu=fpv4-sp-d16 -mfloat-abi=hard -mthumb -o "Core/Src/main.o"
In file included from ../Core/Src/Button.c:8:
../Core/Inc/Button.h:22:9: error: redeclaration of enumerator 'IDLE'
   22 |         IDLE=0,
      |         ^~~~
../Core/Inc/Button.h:14:9: note: previous definition of 'IDLE' with type 'enum <anonymous>'
   14 |         IDLE = 0,
      |         ^~~~
../Core/Inc/Button.h:23:9: error: redeclaration of enumerator 'PRESSED'
   23 |         PRESSED,
      |         ^~~~~~~
../Core/Inc/Button.h:16:9: note: previous definition of 'PRESSED' with type 'enum <anonymous>'
   16 |         PRESSED,
      |         ^~~~~~~
../Core/Inc/Button.h:24:9: error: redeclaration of enumerator 'LONG_PRESSED'
   24 |         LONG_PRESSED,
      |         ^~~~~~~~~~~~
../Core/Inc/Button.h:17:9: note: previous definition of 'LONG_PRESSED' with type 'enum <anonymous>'
   17 |         LONG_PRESSED,
      |         ^~~~~~~~~~~~
../Core/Inc/Button.h:25:9: error: redeclaration of enumerator 'REPEAT'
   25 |         REPEAT
      |         ^~~~~~
../Core/Inc/Button.h:18:9: note: previous definition of 'REPEAT' with type 'enum <anonymous>'
   18 |         REPEAT
      |         ^~~~~~
../Core/Src/Button.c: In function 'ButtonTask':
../Core/Src/Button.c:165:9: error: duplicate case value
  165 |         case PRESSED:
      |         ^~~~
../Core/Src/Button.c:161:9: note: previously used here
  161 |         case DEBOUNCE:
      |         ^~~~
../Core/Src/Button.c:155:9: warning: enumeration value 'REPEAT' not handled in switch [-Wswitch]
  155 |         switch (Button->State)
      |         ^~~~~~
In file included from ../Core/Src/main.c:27:
../Core/Inc/Button.h:22:9: error: redeclaration of enumerator 'IDLE'
   22 |         IDLE=0,
      |         ^~~~
../Core/Inc/Button.h:14:9: note: previous definition of 'IDLE' with type 'enum <anonymous>'
   14 |         IDLE = 0,
      |         ^~~~
../Core/Inc/Button.h:23:9: error: redeclaration of enumerator 'PRESSED'
   23 |         PRESSED,
      |         ^~~~~~~
../Core/Inc/Button.h:16:9: note: previous definition of 'PRESSED' with type 'enum <anonymous>'
   16 |         PRESSED,
      |         ^~~~~~~
../Core/Inc/Button.h:24:9: error: redeclaration of enumerator 'LONG_PRESSED'
   24 |         LONG_PRESSED,
      |         ^~~~~~~~~~~~
../Core/Inc/Button.h:17:9: note: previous definition of 'LONG_PRESSED' with type 'enum <anonymous>'
   17 |         LONG_PRESSED,
      |         ^~~~~~~~~~~~
../Core/Inc/Button.h:25:9: error: redeclaration of enumerator 'REPEAT'
   25 |         REPEAT
      |         ^~~~~~
../Core/Inc/Button.h:18:9: note: previous definition of 'REPEAT' with type 'enum <anonymous>'
   18 |         REPEAT
      |         ^~~~~~
make: *** [Core/Src/subdir.mk:52: Core/Src/Button.o] Error 1
make: *** Waiting for unfinished jobs....
make: *** [Core/Src/subdir.mk:52: Core/Src/main.o] Error 1
"make -j12 all" terminated with exit code 2. Build might be incomplete.
22:14:58 **** Incremental Build of configuration Debug for project StateMashineButton ****
make -j12 all 
arm-none-eabi-gcc "../Core/Src/Button.c" -mcpu=cortex-m4 -std=gnu11 -g3 -DDEBUG -DUSE_HAL_DRIVER -DSTM32F411xE -c -I../Core/Inc -I../Drivers/STM32F4xx_HAL_Driver/Inc -I../Drivers/STM32F4xx_HAL_Driver/Inc/Legacy -I../Drivers/CMSIS/Device/ST/STM32F4xx/Include -I../Drivers/CMSIS/Include -O0 -ffunction-sections -fdata-sections -Wall -fstack-usage -fcyclomatic-complexity -MMD -MP -MF"Core/Src/Button.d" -MT"Core/Src/Button.o" --specs=nano.specs -mfpu=fpv4-sp-d16 -mfloat-abi=hard -mthumb -o "Core/Src/Button.o"
arm-none-eabi-gcc "../Core/Src/main.c" -mcpu=cortex-m4 -std=gnu11 -g3 -DDEBUG -DUSE_HAL_DRIVER -DSTM32F411xE -c -I../Core/Inc -I../Drivers/STM32F4xx_HAL_Driver/Inc -I../Drivers/STM32F4xx_HAL_Driver/Inc/Legacy -I../Drivers/CMSIS/Device/ST/STM32F4xx/Include -I../Drivers/CMSIS/Include -O0 -ffunction-sections -fdata-sections -Wall -fstack-usage -fcyclomatic-complexity -MMD -MP -MF"Core/Src/main.d" -MT"Core/Src/main.o" --specs=nano.specs -mfpu=fpv4-sp-d16 -mfloat-abi=hard -mthumb -o "Core/Src/main.o"
arm-none-eabi-gcc -o "StateMashineButton.elf" @"objects.list"   -mcpu=cortex-m4 -T"D:\STM32Project\Pomodoro\StateMashineButton\STM32F411RETX_FLASH.ld" --specs=nosys.specs -Wl,-Map="StateMashineButton.map" -Wl,--gc-sections -static --specs=nano.specs -mfpu=fpv4-sp-d16 -mfloat-abi=hard -mthumb -Wl,--start-group -lc -lm -Wl,--end-group
Finished building target: StateMashineButton.elf
 
arm-none-eabi-size  StateMashineButton.elf 
arm-none-eabi-objdump -h -S StateMashineButton.elf  > "StateMashineButton.list"
   text	   data	    bss	    dec	    hex	filename
  13760	     28	   2804	  16592	   40d0	StateMashineButton.elf
Finished building: default.size.stdout
 
Finished building: StateMashineButton.list
 
10:58:18 **** Incremental Build of configuration Debug for project StateMashineButton ****
make -j12 all 
arm-none-eabi-gcc "../Core/Src/Button.c" -mcpu=cortex-m4 -std=gnu11 -g3 -DDEBUG -DUSE_HAL_DRIVER -DSTM32F411xE -c -I../Core/Inc -I../Drivers/STM32F4xx_HAL_Driver/Inc -I../Drivers/STM32F4xx_HAL_Driver/Inc/Legacy -I../Drivers/CMSIS/Device/ST/STM32F4xx/Include -I../Drivers/CMSIS/Include -O0 -ffunction-sections -fdata-sections -Wall -fstack-usage -fcyclomatic-complexity -MMD -MP -MF"Core/Src/Button.d" -MT"Core/Src/Button.o" --specs=nano.specs -mfpu=fpv4-sp-d16 -mfloat-abi=hard -mthumb -o "Core/Src/Button.o"
arm-none-eabi-gcc "../Core/Src/GFX_BlackWhite.c" -mcpu=cortex-m4 -std=gnu11 -g3 -DDEBUG -DUSE_HAL_DRIVER -DSTM32F411xE -c -I../Core/Inc -I../Drivers/STM32F4xx_HAL_Driver/Inc -I../Drivers/STM32F4xx_HAL_Driver/Inc/Legacy -I../Drivers/CMSIS/Device/ST/STM32F4xx/Include -I../Drivers/CMSIS/Include -O0 -ffunction-sections -fdata-sections -Wall -fstack-usage -fcyclomatic-complexity -MMD -MP -MF"Core/Src/GFX_BlackWhite.d" -MT"Core/Src/GFX_BlackWhite.o" --specs=nano.specs -mfpu=fpv4-sp-d16 -mfloat-abi=hard -mthumb -o "Core/Src/GFX_BlackWhite.o"
arm-none-eabi-gcc "../Core/Src/SSD1306_OLED.c" -mcpu=cortex-m4 -std=gnu11 -g3 -DDEBUG -DUSE_HAL_DRIVER -DSTM32F411xE -c -I../Core/Inc -I../Drivers/STM32F4xx_HAL_Driver/Inc -I../Drivers/STM32F4xx_HAL_Driver/Inc/Legacy -I../Drivers/CMSIS/Device/ST/STM32F4xx/Include -I../Drivers/CMSIS/Include -O0 -ffunction-sections -fdata-sections -Wall -fstack-usage -fcyclomatic-complexity -MMD -MP -MF"Core/Src/SSD1306_OLED.d" -MT"Core/Src/SSD1306_OLED.o" --specs=nano.specs -mfpu=fpv4-sp-d16 -mfloat-abi=hard -mthumb -o "Core/Src/SSD1306_OLED.o"
arm-none-eabi-gcc "../Core/Src/gpio.c" -mcpu=cortex-m4 -std=gnu11 -g3 -DDEBUG -DUSE_HAL_DRIVER -DSTM32F411xE -c -I../Core/Inc -I../Drivers/STM32F4xx_HAL_Driver/Inc -I../Drivers/STM32F4xx_HAL_Driver/Inc/Legacy -I../Drivers/CMSIS/Device/ST/STM32F4xx/Include -I../Drivers/CMSIS/Include -O0 -ffunction-sections -fdata-sections -Wall -fstack-usage -fcyclomatic-complexity -MMD -MP -MF"Core/Src/gpio.d" -MT"Core/Src/gpio.o" --specs=nano.specs -mfpu=fpv4-sp-d16 -mfloat-abi=hard -mthumb -o "Core/Src/gpio.o"
arm-none-eabi-gcc "../Core/Src/i2c.c" -mcpu=cortex-m4 -std=gnu11 -g3 -DDEBUG -DUSE_HAL_DRIVER -DSTM32F411xE -c -I../Core/Inc -I../Drivers/STM32F4xx_HAL_Driver/Inc -I../Drivers/STM32F4xx_HAL_Driver/Inc/Legacy -I../Drivers/CMSIS/Device/ST/STM32F4xx/Include -I../Drivers/CMSIS/Include -O0 -ffunction-sections -fdata-sections -Wall -fstack-usage -fcyclomatic-complexity -MMD -MP -MF"Core/Src/i2c.d" -MT"Core/Src/i2c.o" --specs=nano.specs -mfpu=fpv4-sp-d16 -mfloat-abi=hard -mthumb -o "Core/Src/i2c.o"
arm-none-eabi-gcc "../Core/Src/main.c" -mcpu=cortex-m4 -std=gnu11 -g3 -DDEBUG -DUSE_HAL_DRIVER -DSTM32F411xE -c -I../Core/Inc -I../Drivers/STM32F4xx_HAL_Driver/Inc -I../Drivers/STM32F4xx_HAL_Driver/Inc/Legacy -I../Drivers/CMSIS/Device/ST/STM32F4xx/Include -I../Drivers/CMSIS/Include -O0 -ffunction-sections -fdata-sections -Wall -fstack-usage -fcyclomatic-complexity -MMD -MP -MF"Core/Src/main.d" -MT"Core/Src/main.o" --specs=nano.specs -mfpu=fpv4-sp-d16 -mfloat-abi=hard -mthumb -o "Core/Src/main.o"
arm-none-eabi-gcc "../Core/Src/stm32f4xx_hal_msp.c" -mcpu=cortex-m4 -std=gnu11 -g3 -DDEBUG -DUSE_HAL_DRIVER -DSTM32F411xE -c -I../Core/Inc -I../Drivers/STM32F4xx_HAL_Driver/Inc -I../Drivers/STM32F4xx_HAL_Driver/Inc/Legacy -I../Drivers/CMSIS/Device/ST/STM32F4xx/Include -I../Drivers/CMSIS/Include -O0 -ffunction-sections -fdata-sections -Wall -fstack-usage -fcyclomatic-complexity -MMD -MP -MF"Core/Src/stm32f4xx_hal_msp.d" -MT"Core/Src/stm32f4xx_hal_msp.o" --specs=nano.specs -mfpu=fpv4-sp-d16 -mfloat-abi=hard -mthumb -o "Core/Src/stm32f4xx_hal_msp.o"
arm-none-eabi-gcc "../Core/Src/stm32f4xx_it.c" -mcpu=cortex-m4 -std=gnu11 -g3 -DDEBUG -DUSE_HAL_DRIVER -DSTM32F411xE -c -I../Core/Inc -I../Drivers/STM32F4xx_HAL_Driver/Inc -I../Drivers/STM32F4xx_HAL_Driver/Inc/Legacy -I../Drivers/CMSIS/Device/ST/STM32F4xx/Include -I../Drivers/CMSIS/Include -O0 -ffunction-sections -fdata-sections -Wall -fstack-usage -fcyclomatic-complexity -MMD -MP -MF"Core/Src/stm32f4xx_it.d" -MT"Core/Src/stm32f4xx_it.o" --specs=nano.specs -mfpu=fpv4-sp-d16 -mfloat-abi=hard -mthumb -o "Core/Src/stm32f4xx_it.o"
arm-none-eabi-gcc "../Core/Src/usart.c" -mcpu=cortex-m4 -std=gnu11 -g3 -DDEBUG -DUSE_HAL_DRIVER -DSTM32F411xE -c -I../Core/Inc -I../Drivers/STM32F4xx_HAL_Driver/Inc -I../Drivers/STM32F4xx_HAL_Driver/Inc/Legacy -I../Drivers/CMSIS/Device/ST/STM32F4xx/Include -I../Drivers/CMSIS/Include -O0 -ffunction-sections -fdata-sections -Wall -fstack-usage -fcyclomatic-complexity -MMD -MP -MF"Core/Src/usart.d" -MT"Core/Src/usart.o" --specs=nano.specs -mfpu=fpv4-sp-d16 -mfloat-abi=hard -mthumb -o "Core/Src/usart.o"
../Core/Src/main.c: In function 'main':
../Core/Src/main.c:105:29: error: 'ButtonMiddle_GPIO_Port' undeclared (first use in this function); did you mean 'Button2_GPIO_Port'?
  105 |   ButtonInit(&ButtonMiddle, ButtonMiddle_GPIO_Port, ButtonMiddle_Pin, TimerDebounce,TimerLongPress, TimerRepeat);
      |                             ^~~~~~~~~~~~~~~~~~~~~~
      |                             Button2_GPIO_Port
../Core/Src/main.c:105:29: note: each undeclared identifier is reported only once for each function it appears in
../Core/Src/main.c:105:53: error: 'ButtonMiddle_Pin' undeclared (first use in this function); did you mean 'ButtonMiddle'?
  105 |   ButtonInit(&ButtonMiddle, ButtonMiddle_GPIO_Port, ButtonMiddle_Pin, TimerDebounce,TimerLongPress, TimerRepeat);
      |                                                     ^~~~~~~~~~~~~~~~
      |                                                     ButtonMiddle
make: *** [Core/Src/subdir.mk:52: Core/Src/main.o] Error 1
make: *** Waiting for unfinished jobs....
"make -j12 all" terminated with exit code 2. Build might be incomplete.
10:59:30 **** Incremental Build of configuration Debug for project StateMashineButton ****
make -j12 all 
arm-none-eabi-gcc "../Core/Src/Button.c" -mcpu=cortex-m4 -std=gnu11 -g3 -DDEBUG -DUSE_HAL_DRIVER -DSTM32F411xE -c -I../Core/Inc -I../Drivers/STM32F4xx_HAL_Driver/Inc -I../Drivers/STM32F4xx_HAL_Driver/Inc/Legacy -I../Drivers/CMSIS/Device/ST/STM32F4xx/Include -I../Drivers/CMSIS/Include -O0 -ffunction-sections -fdata-sections -Wall -fstack-usage -fcyclomatic-complexity -MMD -MP -MF"Core/Src/Button.d" -MT"Core/Src/Button.o" --specs=nano.specs -mfpu=fpv4-sp-d16 -mfloat-abi=hard -mthumb -o "Core/Src/Button.o"
arm-none-eabi-gcc "../Core/Src/GFX_BlackWhite.c" -mcpu=cortex-m4 -std=gnu11 -g3 -DDEBUG -DUSE_HAL_DRIVER -DSTM32F411xE -c -I../Core/Inc -I../Drivers/STM32F4xx_HAL_Driver/Inc -I../Drivers/STM32F4xx_HAL_Driver/Inc/Legacy -I../Drivers/CMSIS/Device/ST/STM32F4xx/Include -I../Drivers/CMSIS/Include -O0 -ffunction-sections -fdata-sections -Wall -fstack-usage -fcyclomatic-complexity -MMD -MP -MF"Core/Src/GFX_BlackWhite.d" -MT"Core/Src/GFX_BlackWhite.o" --specs=nano.specs -mfpu=fpv4-sp-d16 -mfloat-abi=hard -mthumb -o "Core/Src/GFX_BlackWhite.o"
arm-none-eabi-gcc "../Core/Src/SSD1306_OLED.c" -mcpu=cortex-m4 -std=gnu11 -g3 -DDEBUG -DUSE_HAL_DRIVER -DSTM32F411xE -c -I../Core/Inc -I../Drivers/STM32F4xx_HAL_Driver/Inc -I../Drivers/STM32F4xx_HAL_Driver/Inc/Legacy -I../Drivers/CMSIS/Device/ST/STM32F4xx/Include -I../Drivers/CMSIS/Include -O0 -ffunction-sections -fdata-sections -Wall -fstack-usage -fcyclomatic-complexity -MMD -MP -MF"Core/Src/SSD1306_OLED.d" -MT"Core/Src/SSD1306_OLED.o" --specs=nano.specs -mfpu=fpv4-sp-d16 -mfloat-abi=hard -mthumb -o "Core/Src/SSD1306_OLED.o"
arm-none-eabi-gcc "../Core/Src/gpio.c" -mcpu=cortex-m4 -std=gnu11 -g3 -DDEBUG -DUSE_HAL_DRIVER -DSTM32F411xE -c -I../Core/Inc -I../Drivers/STM32F4xx_HAL_Driver/Inc -I../Drivers/STM32F4xx_HAL_Driver/Inc/Legacy -I../Drivers/CMSIS/Device/ST/STM32F4xx/Include -I../Drivers/CMSIS/Include -O0 -ffunction-sections -fdata-sections -Wall -fstack-usage -fcyclomatic-complexity -MMD -MP -MF"Core/Src/gpio.d" -MT"Core/Src/gpio.o" --specs=nano.specs -mfpu=fpv4-sp-d16 -mfloat-abi=hard -mthumb -o "Core/Src/gpio.o"
arm-none-eabi-gcc "../Core/Src/i2c.c" -mcpu=cortex-m4 -std=gnu11 -g3 -DDEBUG -DUSE_HAL_DRIVER -DSTM32F411xE -c -I../Core/Inc -I../Drivers/STM32F4xx_HAL_Driver/Inc -I../Drivers/STM32F4xx_HAL_Driver/Inc/Legacy -I../Drivers/CMSIS/Device/ST/STM32F4xx/Include -I../Drivers/CMSIS/Include -O0 -ffunction-sections -fdata-sections -Wall -fstack-usage -fcyclomatic-complexity -MMD -MP -MF"Core/Src/i2c.d" -MT"Core/Src/i2c.o" --specs=nano.specs -mfpu=fpv4-sp-d16 -mfloat-abi=hard -mthumb -o "Core/Src/i2c.o"
arm-none-eabi-gcc "../Core/Src/main.c" -mcpu=cortex-m4 -std=gnu11 -g3 -DDEBUG -DUSE_HAL_DRIVER -DSTM32F411xE -c -I../Core/Inc -I../Drivers/STM32F4xx_HAL_Driver/Inc -I../Drivers/STM32F4xx_HAL_Driver/Inc/Legacy -I../Drivers/CMSIS/Device/ST/STM32F4xx/Include -I../Drivers/CMSIS/Include -O0 -ffunction-sections -fdata-sections -Wall -fstack-usage -fcyclomatic-complexity -MMD -MP -MF"Core/Src/main.d" -MT"Core/Src/main.o" --specs=nano.specs -mfpu=fpv4-sp-d16 -mfloat-abi=hard -mthumb -o "Core/Src/main.o"
arm-none-eabi-gcc "../Core/Src/stm32f4xx_hal_msp.c" -mcpu=cortex-m4 -std=gnu11 -g3 -DDEBUG -DUSE_HAL_DRIVER -DSTM32F411xE -c -I../Core/Inc -I../Drivers/STM32F4xx_HAL_Driver/Inc -I../Drivers/STM32F4xx_HAL_Driver/Inc/Legacy -I../Drivers/CMSIS/Device/ST/STM32F4xx/Include -I../Drivers/CMSIS/Include -O0 -ffunction-sections -fdata-sections -Wall -fstack-usage -fcyclomatic-complexity -MMD -MP -MF"Core/Src/stm32f4xx_hal_msp.d" -MT"Core/Src/stm32f4xx_hal_msp.o" --specs=nano.specs -mfpu=fpv4-sp-d16 -mfloat-abi=hard -mthumb -o "Core/Src/stm32f4xx_hal_msp.o"
arm-none-eabi-gcc "../Core/Src/stm32f4xx_it.c" -mcpu=cortex-m4 -std=gnu11 -g3 -DDEBUG -DUSE_HAL_DRIVER -DSTM32F411xE -c -I../Core/Inc -I../Drivers/STM32F4xx_HAL_Driver/Inc -I../Drivers/STM32F4xx_HAL_Driver/Inc/Legacy -I../Drivers/CMSIS/Device/ST/STM32F4xx/Include -I../Drivers/CMSIS/Include -O0 -ffunction-sections -fdata-sections -Wall -fstack-usage -fcyclomatic-complexity -MMD -MP -MF"Core/Src/stm32f4xx_it.d" -MT"Core/Src/stm32f4xx_it.o" --specs=nano.specs -mfpu=fpv4-sp-d16 -mfloat-abi=hard -mthumb -o "Core/Src/stm32f4xx_it.o"
arm-none-eabi-gcc "../Core/Src/usart.c" -mcpu=cortex-m4 -std=gnu11 -g3 -DDEBUG -DUSE_HAL_DRIVER -DSTM32F411xE -c -I../Core/Inc -I../Drivers/STM32F4xx_HAL_Driver/Inc -I../Drivers/STM32F4xx_HAL_Driver/Inc/Legacy -I../Drivers/CMSIS/Device/ST/STM32F4xx/Include -I../Drivers/CMSIS/Include -O0 -ffunction-sections -fdata-sections -Wall -fstack-usage -fcyclomatic-complexity -MMD -MP -MF"Core/Src/usart.d" -MT"Core/Src/usart.o" --specs=nano.specs -mfpu=fpv4-sp-d16 -mfloat-abi=hard -mthumb -o "Core/Src/usart.o"
arm-none-eabi-gcc -o "StateMashineButton.elf" @"objects.list"   -mcpu=cortex-m4 -T"D:\STM32Project\Pomodoro\StateMashineButton\STM32F411RETX_FLASH.ld" --specs=nosys.specs -Wl,-Map="StateMashineButton.map" -Wl,--gc-sections -static --specs=nano.specs -mfpu=fpv4-sp-d16 -mfloat-abi=hard -mthumb -Wl,--start-group -lc -lm -Wl,--end-group
Finished building target: StateMashineButton.elf
 
arm-none-eabi-size  StateMashineButton.elf 
arm-none-eabi-objdump -h -S StateMashineButton.elf  > "StateMashineButton.list"
   text	   data	    bss	    dec	    hex	filename
  10172	     24	   1776	  11972	   2ec4	StateMashineButton.elf
Finished building: default.size.stdout
 
Finished building: StateMashineButton.list
 
10:59:55 **** Incremental Build of configuration Debug for project StateMashineButton ****
make -j12 all 
arm-none-eabi-size  StateMashineButton.elf 
   text	   data	    bss	    dec	    hex	filename
  10172	     24	   1776	  11972	   2ec4	StateMashineButton.elf
Finished building: default.size.stdout
 
